This is pdfTeX, Version 3.14159265-2.6-1.40.18 (TeX Live 2017) (preloaded format=pdflatex 2017.5.23)  21 JAN 2020 16:13
entering extended mode
 restricted \write18 enabled.
 file:line:error style messages enabled.
 %&-line parsing enabled.
**black1_2020.tex
(./black1_2020.tex
LaTeX2e <2017-04-15>
Babel <3.10> and hyphenation patterns for 84 language(s) loaded.
(./grafinp3.tex
./grafinp3.tex:9: I can't find file `fonts'.
l.9 \input fonts 
                 \else\relax\fi
(Press Enter to retry, or Control-D to exit)
Please type another input file name: 
./grafinp3.tex:9: Emergency stop.
l.9 \input fonts 
                 \else\relax\fi
End of file on the terminal!

 
Here is how much of TeX's memory you used:
 9 strings out of 492995
 182 string characters out of 6132704
 54074 words of memory out of 5000000
 3658 multiletter control sequences out of 15000+600000
 3640 words of font info for 14 fonts, out of 8000000 for 9000
 1141 hyphenation exceptions out of 8191
 5i,0n,3p,104b,8s stack positions out of 5000i,500n,10000p,200000b,80000s
./grafinp3.tex:9:  ==> Fatal error occurred, no output PDF file produced!
