This is pdfTeX, Version 3.14159265-2.6-1.40.18 (TeX Live 2017) (preloaded format=pdftex 2017.5.23)  29 FEB 2020 21:02
entering extended mode
 restricted \write18 enabled.
 file:line:error style messages enabled.
 %&-line parsing enabled.
**Lucas_Critique_v5.tex
(./Lucas_Critique_v5.tex
(/usr/local/texlive/2017/texmf-dist/tex/texsis/base/texsis.tex
(/usr/local/texlive/2017/texmf-dist/tex/texsis/base/TXSfonts.tex TeXsis fonts:
\ttglue=\skip18

\mib, \scr,
\scrfam=\fam8
 9pt, 10pt, 11pt, 12pt, 14pt, 16pt, 20pt, 24pt.)
(/usr/local/texlive/2017/texmf-dist/tex/texsis/base/TXSmacs.tex
TeXsis main macros.
\footnum=\count27
\@quoteflag=\count28
\AThelp=\toks13
\beginhelp=\toks14
 Checkpoint/Restart.
\checkpointout=\write0
)
(/usr/local/texlive/2017/texmf-dist/tex/texsis/base/TXSinit.tex
Initialization.
\txsfile=\read1
\@utohelp=\toks15
)
(/usr/local/texlive/2017/texmf-dist/tex/texsis/base/TXShead.tex
Running Headlines.
\headlineoffset=\dimen16
\footlineoffset=\dimen17
\BindingMargin=\dimen18
)
(/usr/local/texlive/2017/texmf-dist/tex/texsis/base/TXSeqns.tex
Equation numbering.
\eqnum=\count29
)
(/usr/local/texlive/2017/texmf-dist/tex/texsis/base/TXSprns.tex
Auto-sizing of Parentheses.)
(/usr/local/texlive/2017/texmf-dist/tex/texsis/base/TXSrefs.tex
References and Citations.
\refnum=\count30
\@firstrefnum=\count31
\@lastrefnum=\count32
\@BadRefs=\count33
\refindent=\dimen19
\CiteType=\count34
\reflistout=\write1
\reflistin=\read2

BIBTeX support for TeXsis (macros and patches) v 0.92)
(/usr/local/texlive/2017/texmf-dist/tex/texsis/base/TXSsects.tex
Section and Chapter divisions.
\chapternum=\count35
\sectionnum=\count36
\subsectionnum=\count37
\subsubsectionnum=\count38
\sectionskip=\skip19
\subsectionskip=\skip20
\sectionminspace=\dimen20
)
(/usr/local/texlive/2017/texmf-dist/tex/texsis/base/TXStags.tex
Labels and tags.
\auxfilein=\read3
\auxfileout=\write2
\@BadTags=\count39
)
(/usr/local/texlive/2017/texmf-dist/tex/texsis/base/TXStitle.tex
Title Page macros.)
(/usr/local/texlive/2017/texmf-dist/tex/texsis/base/TXSenvmt.tex Environments.
\EnvTopskip=\skip21
\EnvBottomskip=\skip22
\EnvLeftskip=\skip23
\EnvRightskip=\skip24
\EnvDelt@skip=\skip25
\@envDepth=\count40
\enumDepth=\count41
\enumcnt=\count42
\@desbox=\box16
\@desline=\box17
\@glodeswd=\dimen21
\@deslines=\count43
\theoremnum=\count44
\lemmanum=\count45
\corollarynum=\count46
\definitionnum=\count47
) (/usr/local/texlive/2017/texmf-dist/tex/texsis/base/TXSfmts.tex
Layout macros.) (/usr/local/texlive/2017/texmf-dist/tex/texsis/base/TXSfigs.tex
Figures and Tables.
\tabnum=\count48
\fignum=\count49
\fgout=\write3
\tbout=\write4
\figlist=\write5
\tablelist=\write6
\caplist=\write7
\@capbox=\box18
\@caplines=\count50
)
(/usr/local/texlive/2017/texmf-dist/tex/texsis/base/TXSruled.tex
\ncols=\count51
\nrows=\count52
\curcol=\count53
\thinsize=\dimen22
\thicksize=\dimen23
\tablewidth=\dimen24
\parasize=\dimen25
)
(/usr/local/texlive/2017/texmf-dist/tex/texsis/base/TXSdcol.tex
- Double column format.
\colwidth=\dimen26
\pagewidth=\dimen27
\pageheight=\dimen28
\rulewd=\dimen29
\colmaxdepth=\dimen30
\@bigColHeight=\dimen31
\@saveSplitmax=\dimen32
\@saveVsize=\dimen33
\s@veskip=\skip26
\doublecolskip=\skip27
\@leftpluscenter=\dimen34
\partialpage=\box19
\botins=\insert252
\NWins=\insert251
\SWins=\insert250
\NEins=\insert249
\SEins=\insert248
\LFins=\insert247
\RFins=\insert246
\@balncErrormsg=\toks16
)
(/usr/local/texlive/2017/texmf-dist/tex/texsis/base/TXSletr.tex Letter Format,
\headlineoffset=\dimen35
\longindent=\dimen36
\hdimphone=\dimen37
\vdimphone=\dimen38
\hdimdate=\dimen39
\vdimdate=\dimen40
\bigletterskip=\skip28
\theaddress=\box20

with envelopes.
\EnvlWidth=\dimen41
\EnvlHeight=\dimen42
\EnvlVoffset=\dimen43
\Envout=\write8
\fullHsize=\dimen44
\fullVsize=\dimen45
\lblHsize=\dimen46
\lblVsize=\dimen47
\lblVoffset=\dimen48
\lblHoffset=\dimen49
)
(/usr/local/texlive/2017/texmf-dist/tex/texsis/base/TXSmemo.tex Memo Format.
\memoindent=\dimen50
\firstheadoffset=\dimen51
)
(/usr/local/texlive/2017/texmf-dist/tex/texsis/base/TXSconts.tex
Table of Contents.
\TOCout=\write9
\TOCmargin=\skip29
)
(/usr/local/texlive/2017/texmf-dist/tex/texsis/base/TXSsymb.tex
Extended math/physics symbols,
\vbigd@men=\dimen52
)
> Trying to read in TXSsite.tex...
(/usr/local/texlive/2017/texmf-dist/tex/texsis/base/TXSsite.tex
Site dependent info.... Generic version.)
TeXsis version 2.18 (21 April 2001) loaded.
)
1.  Interpretations and responses to the Lucas Critique
> UNDEFINED TAG timeseries ON PAGE 1.
[1{/usr/local/texlive/2017/texmf-var/fonts/map/pdftex/updmap/pdftex.map}]
1.1. Example
[2]
1.2. Conditional expectations of geometric sums
[3] [4]
1.3. Time series averages
[5]
>
> There were 1 references to undefined tags.
> See the file Lucas_Critique_v5.log for the citations, or try running
> TeXsis again to resolve forward references.
>
 )</usr/local/texlive/2017/texmf-dist/fonts/type1/public/amsfonts/cm/cmbx10.pfb
></usr/local/texlive/2017/texmf-dist/fonts/type1/public/amsfonts/cm/cmex10.pfb>
</usr/local/texlive/2017/texmf-dist/fonts/type1/public/amsfonts/cm/cmmi10.pfb><
/usr/local/texlive/2017/texmf-dist/fonts/type1/public/amsfonts/cm/cmmi7.pfb></u
sr/local/texlive/2017/texmf-dist/fonts/type1/public/amsfonts/cm/cmmi9.pfb></usr
/local/texlive/2017/texmf-dist/fonts/type1/public/amsfonts/cm/cmr10.pfb></usr/l
ocal/texlive/2017/texmf-dist/fonts/type1/public/amsfonts/cm/cmr7.pfb></usr/loca
l/texlive/2017/texmf-dist/fonts/type1/public/amsfonts/cm/cmr9.pfb></usr/local/t
exlive/2017/texmf-dist/fonts/type1/public/amsfonts/cm/cmsy10.pfb></usr/local/te
xlive/2017/texmf-dist/fonts/type1/public/amsfonts/cm/cmsy9.pfb></usr/local/texl
ive/2017/texmf-dist/fonts/type1/public/amsfonts/cm/cmti10.pfb>
Output written on Lucas_Critique_v5.pdf (5 pages, 133703 bytes).
PDF statistics:
 64 PDF objects out of 1000 (max. 8388607)
 45 compressed objects within 1 object stream
 0 named destinations out of 1000 (max. 500000)
 1 words of extra memory for PDF output out of 10000 (max. 10000000)

