This is TeX, Version 3.14159265 (TeX Live 2015/Debian) (preloaded format=tex 2016.9.23)  17 APR 2017 16:03
**RMT4.tex
(./RMT4.tex (/usr/share/texlive/texmf-dist/tex/texsis/base/texsis.tex
(/usr/share/texlive/texmf-dist/tex/texsis/base/TXSfonts.tex TeXsis fonts:
\ttglue=\skip18

\mib, \scr,
\scrfam=\fam8
 9pt, 10pt, 11pt, 12pt, 14pt, 16pt, 20pt, 24pt.)
(/usr/share/texlive/texmf-dist/tex/texsis/base/TXSmacs.tex TeXsis main macros.
\footnum=\count26
\@quoteflag=\count27
\AThelp=\toks12
\beginhelp=\toks13

Checkpoint/Restart.
\checkpointout=\write0
) (/usr/share/texlive/texmf-dist/tex/texsis/base/TXSinit.tex Initialization.
\txsfile=\read0
\@utohelp=\toks14
) (/usr/share/texlive/texmf-dist/tex/texsis/base/TXShead.tex
Running Headlines.
\headlineoffset=\dimen16
\footlineoffset=\dimen17
\BindingMargin=\dimen18
) (/usr/share/texlive/texmf-dist/tex/texsis/base/TXSeqns.tex
Equation numbering.
\eqnum=\count28
) (/usr/share/texlive/texmf-dist/tex/texsis/base/TXSprns.tex Auto-sizing of Par
entheses.)
(/usr/share/texlive/texmf-dist/tex/texsis/base/TXSrefs.tex
References and Citations.
\refnum=\count29
\@firstrefnum=\count30
\@lastrefnum=\count31
\@BadRefs=\count32
\refindent=\dimen19
\CiteType=\count33
\reflistout=\write1
\reflistin=\read1

BIBTeX support for TeXsis (macros and patches) v 0.92)
(/usr/share/texlive/texmf-dist/tex/texsis/base/TXSsects.tex
Section and Chapter divisions.
\chapternum=\count34
\sectionnum=\count35
\subsectionnum=\count36
\subsubsectionnum=\count37
\sectionskip=\skip19
\subsectionskip=\skip20
\sectionminspace=\dimen20
)
(/usr/share/texlive/texmf-dist/tex/texsis/base/TXStags.tex Labels and tags.
\auxfilein=\read2
\auxfileout=\write2
\@BadTags=\count38
)
(/usr/share/texlive/texmf-dist/tex/texsis/base/TXStitle.tex Title Page macros.)
(/usr/share/texlive/texmf-dist/tex/texsis/base/TXSenvmt.tex Environments.
\EnvTopskip=\skip21
\EnvBottomskip=\skip22
\EnvLeftskip=\skip23
\EnvRightskip=\skip24
\EnvDelt@skip=\skip25
\@envDepth=\count39
\enumDepth=\count40
\enumcnt=\count41
\@desbox=\box16
\@desline=\box17
\@glodeswd=\dimen21
\@deslines=\count42
\theoremnum=\count43
\lemmanum=\count44
\corollarynum=\count45
\definitionnum=\count46
)
(/usr/share/texlive/texmf-dist/tex/texsis/base/TXSfmts.tex Layout macros.)
(/usr/share/texlive/texmf-dist/tex/texsis/base/TXSfigs.tex Figures and Tables.
\tabnum=\count47
\fignum=\count48
\fgout=\write3
\tbout=\write4
\figlist=\write5
\tablelist=\write6
\caplist=\write7
\@capbox=\box18
\@caplines=\count49
) (/usr/share/texlive/texmf-dist/tex/texsis/base/TXSruled.tex
\ncols=\count50
\nrows=\count51
\curcol=\count52
\thinsize=\dimen22
\thicksize=\dimen23
\tablewidth=\dimen24
\parasize=\dimen25
)
(/usr/share/texlive/texmf-dist/tex/texsis/base/TXSdcol.tex
- Double column format.
\colwidth=\dimen26
\pagewidth=\dimen27
\pageheight=\dimen28
\rulewd=\dimen29
\colmaxdepth=\dimen30
\@bigColHeight=\dimen31
\@saveSplitmax=\dimen32
\@saveVsize=\dimen33
\s@veskip=\skip26
\doublecolskip=\skip27
\@leftpluscenter=\dimen34
\partialpage=\box19
\botins=\insert252
\NWins=\insert251
\SWins=\insert250
\NEins=\insert249
\SEins=\insert248
\LFins=\insert247
\RFins=\insert246
\@balncErrormsg=\toks15
)
(/usr/share/texlive/texmf-dist/tex/texsis/base/TXSletr.tex Letter Format,
\headlineoffset=\dimen35
\longindent=\dimen36
\hdimphone=\dimen37
\vdimphone=\dimen38
\hdimdate=\dimen39
\vdimdate=\dimen40
\bigletterskip=\skip28
\theaddress=\box20

with envelopes.
\EnvlWidth=\dimen41
\EnvlHeight=\dimen42
\EnvlVoffset=\dimen43
\Envout=\write8
\fullHsize=\dimen44
\fullVsize=\dimen45
\lblHsize=\dimen46
\lblVsize=\dimen47
\lblVoffset=\dimen48
\lblHoffset=\dimen49
) (/usr/share/texlive/texmf-dist/tex/texsis/base/TXSmemo.tex
Memo Format.
\memoindent=\dimen50
\firstheadoffset=\dimen51
) (/usr/share/texlive/texmf-dist/tex/texsis/base/TXSconts.tex
Table of Contents.
\TOCout=\write9
\TOCmargin=\skip29
) (/usr/share/texlive/texmf-dist/tex/texsis/base/TXSsymb.tex
Extended math/physics symbols,
\vbigd@men=\dimen52
)
> Trying to read in TXSsite.tex...
(/usr/share/texlive/texmf-dist/tex/texsis/base/TXSsite.tex
Site dependent info.... Generic version.)
TeXsis version 2.18 (21 April 2001) loaded.
) (./index.tex - indexing macros
\beginhelp=\toks16
\indexout=\write10
) (./robustin.tex
\scfam=\fam9
 8pt,) (./grafinp3.tex
(./psfig2.tex
\@unused=\write11

psfig/tex 1.8
\fboxrule=\dimen53
\fboxsep=\dimen54
\ps@tempdima=\dimen55
\ps@tempboxa=\box21
\ps@stream=\read3
\p@intvaluex=\dimen56
\p@intvaluey=\dimen57
)
\captionsize=\dimen58
) (/usr/share/texlive/texmf-dist/tex/generic/epsf/epsf.tex
This is `epsf.tex' v2.7.4 <14 February 2011>
\epsffilein=\read4
\epsfframemargin=\dimen59
\epsfframethickness=\dimen60
\epsfrsize=\dimen61
\epsftmp=\dimen62
\epsftsize=\dimen63
\epsfxsize=\dimen64
\epsfysize=\dimen65
\pspoints=\dimen66
)
! I can't find file `txssectsblack2'.
l.17 \input txssectsblack2
                          
(Press Enter to retry, or Control-D to exit)
Please type another input file name
! Emergency stop.
l.17 \input txssectsblack2
                          
*** (job aborted, file error in nonstop mode)

No pages of output.
