This is TeX, Version 3.14159265 (TeX Live 2017) (preloaded format=tex 2017.5.23)  3 MAR 2020 11:45
**RMT5
(./RMT5.tex (/usr/local/texlive/2017/texmf-dist/tex/texsis/base/texsis.tex
(/usr/local/texlive/2017/texmf-dist/tex/texsis/base/TXSfonts.tex TeXsis fonts:
\ttglue=\skip18

\mib, \scr,
\scrfam=\fam8
 9pt, 10pt, 11pt, 12pt, 14pt, 16pt, 20pt, 24pt.)
(/usr/local/texlive/2017/texmf-dist/tex/texsis/base/TXSmacs.tex
TeXsis main macros.
\footnum=\count26
\@quoteflag=\count27
\AThelp=\toks12
\beginhelp=\toks13
 Checkpoint/Restart.
\checkpointout=\write0
)
(/usr/local/texlive/2017/texmf-dist/tex/texsis/base/TXSinit.tex
Initialization.
\txsfile=\read0
\@utohelp=\toks14
)
(/usr/local/texlive/2017/texmf-dist/tex/texsis/base/TXShead.tex
Running Headlines.
\headlineoffset=\dimen16
\footlineoffset=\dimen17
\BindingMargin=\dimen18
)
(/usr/local/texlive/2017/texmf-dist/tex/texsis/base/TXSeqns.tex
Equation numbering.
\eqnum=\count28
)
(/usr/local/texlive/2017/texmf-dist/tex/texsis/base/TXSprns.tex
Auto-sizing of Parentheses.)
(/usr/local/texlive/2017/texmf-dist/tex/texsis/base/TXSrefs.tex
References and Citations.
\refnum=\count29
\@firstrefnum=\count30
\@lastrefnum=\count31
\@BadRefs=\count32
\refindent=\dimen19
\CiteType=\count33
\reflistout=\write1
\reflistin=\read1

BIBTeX support for TeXsis (macros and patches) v 0.92)
(/usr/local/texlive/2017/texmf-dist/tex/texsis/base/TXSsects.tex
Section and Chapter divisions.
\chapternum=\count34
\sectionnum=\count35
\subsectionnum=\count36
\subsubsectionnum=\count37
\sectionskip=\skip19
\subsectionskip=\skip20
\sectionminspace=\dimen20
)
(/usr/local/texlive/2017/texmf-dist/tex/texsis/base/TXStags.tex
Labels and tags.
\auxfilein=\read2
\auxfileout=\write2
\@BadTags=\count38
)
(/usr/local/texlive/2017/texmf-dist/tex/texsis/base/TXStitle.tex
Title Page macros.)
(/usr/local/texlive/2017/texmf-dist/tex/texsis/base/TXSenvmt.tex Environments.
\EnvTopskip=\skip21
\EnvBottomskip=\skip22
\EnvLeftskip=\skip23
\EnvRightskip=\skip24
\EnvDelt@skip=\skip25
\@envDepth=\count39
\enumDepth=\count40
\enumcnt=\count41
\@desbox=\box16
\@desline=\box17
\@glodeswd=\dimen21
\@deslines=\count42
\theoremnum=\count43
\lemmanum=\count44
\corollarynum=\count45
\definitionnum=\count46
) (/usr/local/texlive/2017/texmf-dist/tex/texsis/base/TXSfmts.tex
Layout macros.) (/usr/local/texlive/2017/texmf-dist/tex/texsis/base/TXSfigs.tex
Figures and Tables.
\tabnum=\count47
\fignum=\count48
\fgout=\write3
\tbout=\write4
\figlist=\write5
\tablelist=\write6
\caplist=\write7
\@capbox=\box18
\@caplines=\count49
)
(/usr/local/texlive/2017/texmf-dist/tex/texsis/base/TXSruled.tex
\ncols=\count50
\nrows=\count51
\curcol=\count52
\thinsize=\dimen22
\thicksize=\dimen23
\tablewidth=\dimen24
\parasize=\dimen25
)
(/usr/local/texlive/2017/texmf-dist/tex/texsis/base/TXSdcol.tex
- Double column format.
\colwidth=\dimen26
\pagewidth=\dimen27
\pageheight=\dimen28
\rulewd=\dimen29
\colmaxdepth=\dimen30
\@bigColHeight=\dimen31
\@saveSplitmax=\dimen32
\@saveVsize=\dimen33
\s@veskip=\skip26
\doublecolskip=\skip27
\@leftpluscenter=\dimen34
\partialpage=\box19
\botins=\insert252
\NWins=\insert251
\SWins=\insert250
\NEins=\insert249
\SEins=\insert248
\LFins=\insert247
\RFins=\insert246
\@balncErrormsg=\toks15
)
(/usr/local/texlive/2017/texmf-dist/tex/texsis/base/TXSletr.tex Letter Format,
\headlineoffset=\dimen35
\longindent=\dimen36
\hdimphone=\dimen37
\vdimphone=\dimen38
\hdimdate=\dimen39
\vdimdate=\dimen40
\bigletterskip=\skip28
\theaddress=\box20

with envelopes.
\EnvlWidth=\dimen41
\EnvlHeight=\dimen42
\EnvlVoffset=\dimen43
\Envout=\write8
\fullHsize=\dimen44
\fullVsize=\dimen45
\lblHsize=\dimen46
\lblVsize=\dimen47
\lblVoffset=\dimen48
\lblHoffset=\dimen49
)
(/usr/local/texlive/2017/texmf-dist/tex/texsis/base/TXSmemo.tex Memo Format.
\memoindent=\dimen50
\firstheadoffset=\dimen51
)
(/usr/local/texlive/2017/texmf-dist/tex/texsis/base/TXSconts.tex
Table of Contents.
\TOCout=\write9
\TOCmargin=\skip29
)
(/usr/local/texlive/2017/texmf-dist/tex/texsis/base/TXSsymb.tex
Extended math/physics symbols,
\vbigd@men=\dimen52
)
> Trying to read in TXSsite.tex...
(/usr/local/texlive/2017/texmf-dist/tex/texsis/base/TXSsite.tex
Site dependent info.... Generic version.)
TeXsis version 2.18 (21 April 2001) loaded.
) (./index.tex - indexing macros
\beginhelp=\toks16
\indexout=\write10
) (./robustin.tex
\scfam=\fam9
 8pt,) (./grafinp3.tex
(./psfig2.tex
\@unused=\write11

psfig/tex 1.8
\fboxrule=\dimen53
\fboxsep=\dimen54
\ps@tempdima=\dimen55
\ps@tempboxa=\box21
\ps@stream=\read3
\p@intvaluex=\dimen56
\p@intvaluey=\dimen57
)
\captionsize=\dimen58
) (./RMT5.aux) (/usr/local/texlive/2017/texmf-dist/tex/generic/epsf/epsf.tex
This is `epsf.tex' v2.7.4 <14 February 2011>
\epsffilein=\read4
\epsfframemargin=\dimen59
\epsfframethickness=\dimen60
\epsfrsize=\dimen61
\epsftmp=\dimen62
\epsftsize=\dimen63
\epsfxsize=\dimen64
\epsfysize=\dimen65
\pspoints=\dimen66
) (./txssectsblack2.tex Section and Chapter divisions.
\chapternum=\count53
\sectionnum=\count54
\subsectionnum=\count55
\subsubsectionnum=\count56
\sectionskip=\skip30
\subsectionskip=\skip31
\sectionminspace=\dimen67
)
\authorindexout=\write12
\openout12 = `authblk.idx'.

\matlabindexout=\write13
\openout13 = `matlblk.idx'.

 (./blacktit3.tex
[1] [2]) [3] (./copywrit8.tex) [4]
 Contents
(./RMT5.toc [-5] [-6] [-7] [-8] [-9] [-10] [-11] [-12] [-13] [-14]
Underfull \vbox (badness 1655) has occurred while \output is active
\vbox(505.0364+0.0)x345.7008, glue set 2.55182
.\glue(\topskip) 1.66667
.\hbox(8.33333+2.33333)x345.7008, glue set 116.1682fil
..\twelverm 2
..\twelverm 3
..\twelverm .
..\glue(\xspaceskip) 6.00002
..\twelverm E
..etc.
.\glue 0.0
.\glue 6.0 plus 2.0 minus 2.0
.\glue(\parskip) 0.0 plus 1.0
.etc.

 [-15]
[-16] [-17] [-18] [-19]) [-20] [-21]
 Acknowledgments
\openout9 = `RMT5.toc'.

(./blackack_2.tex) [-22] [-23]
 Preface to the fifth edition
(./blackin_2.tex
\openout10 = `RMT5.idx'.

 [-24] [-25] [-26] [-27] [-28] [-29]
Underfull \vbox (badness 10000) has occurred while \output is active
\vbox(505.0364+1.94444)x345.7008, glue set 12.25864
.\glue(\topskip) 2.5
.\hbox(7.5+2.5)x345.7008, glue set 0.05862
..\tenrm m
..\tenrm o
..\kern0.27779
..\tenrm d
..\tenrm e
..etc.
.\glue(\baselineskip) 4.0
.\hbox(7.5+2.5)x345.7008, glue set - 0.15572
..\tenrm i
..\tenrm n
..\tenrm d
..\tenrm i
..\tenrm v
..etc.
.\glue(\baselineskip) 4.0
.etc.

 [-30]
[-31] [-32] [-33] [-34] [-35] [-36] [-37]) [-38] [-39]
Underfull \hbox (badness 10000) in paragraph at lines 336--336


\hbox(0.0+0.0)x345.7008
.\glue(\rightskip) 0.0

[1] [2] (./black0.tex
\openout2 = `RMT5.aux'.


1. Overview
1.1.  Warning
1.2.  A common ancestor
[3]
1.3.  The savings problem
[4]
1.3.1. Linear quadratic permanent income theory
[5]
1.3.2. Precautionary saving

Underfull \vbox (badness 2318) has occurred while \output is active
\vbox(505.0364+3.0)x345.7008, glue set 2.85237
.\glue(\topskip) 3.05556
.\hbox(6.94444+1.94444)x345.7008, glue set 0.23927
..\tenrm h
..\kern-0.27779
..\tenrm y
..\discretionary
...\tenrm -
..\tenrm p
..etc.
.\penalty 10000
.\glue(\baselineskip) 5.11111
.\hbox(6.94444+1.94444)x345.7008, glue set 313.20071fil
..\tenrm e
..\tenrm x
..\discretionary
...\tenrm -
..\tenrm p
..\tenrm l
..etc.
.etc.

 [6]
1.3.3. Complete markets, insurance, and the distribution of wealth
[7]
1.3.4. Bewley models
[8]
Figure 1.3.1. {chap0pic1}
(Bewley_chap1.eps
)
\openout5 = `RMT5.fgl'.

[9]
1.3.5. History dependence in standard consumption models
[10]
1.3.6. Growth theory
[11]
1.3.7. Limiting results from dynamic optimal taxation
[12]
1.3.8. Asset pricing
[13]
1.3.9. Multiple assets
[14] [15]
1.4.  Recursive methods
[16] [17]
1.4.1. Dynamic programming and the Lucas Critique
[18]
1.4.2. Dynamic programming challenged
1.4.3. Imperialistic response of dynamic programming
[19] [20]
1.4.4. History dependence and ``dynamic programming squared''
[21] [22]
1.4.5. Dynamic principal-agent problems
[23] [24]
1.4.6. More applications
) [25] [26]
Underfull \hbox (badness 10000) in paragraph at lines 354--354


\hbox(0.0+0.0)x345.7008
.\glue(\rightskip) 0.0

[27] [28] (./black1a_2020.tex (./grafinp3.tex (./psfig2.tex)
\captionsize=\dimen68
) (./psfig.tex)
2. Time Series Tools
2.1.  Two workhorses
2.2.  Markov chains
[29] [30]
2.2.1. Stationary distributions
[31] [32]
2.2.2. Asymptotic stationarity
[33]
2.2.3. Another representation of the state
2.2.4. Forecasting the state
[34]
2.2.5. Forecasting functions of the state
[35]
2.2.6. Forecasting functions
2.2.7. Enough one-step-ahead forecasts determine $P$
[36]
2.2.8. Simulating a Markov chain
2.2.9. The likelihood function
[37]
2.3.  Continuous-state Markov chain
[38]
2.4.  Linear state space model
[39] [40] [41]
2.4.1. First and second unconditional moments
[42]
2.4.2. Covariance stationarity
[43]
2.4.3. Summary of moment formulas
[Nrows=8, Ncols=2]
2.4.4. Impulse response function
[44] [45]
2.4.5. Prediction and discounting
2.4.6. Geometric sums of quadratic forms
[46]
Overfull \hbox (10.96657pt too wide) in paragraph at lines 912--914
[]\tenrm Next we men-tion two im-por-tant ap-pli-ca-tions of for-mu-las ($2\ten
i :\tenrm 4\teni :\tenrm 18$) and ($2\teni :\tenrm 4\teni :\tenrm 19$). 

\hbox(7.5+2.5)x345.7008, glue set - 1.0
.\hbox(0.0+0.0)x20.0
.\tenrm N
.\tenrm e
.\tenrm x
.\tenrm t
.etc.

2.4.6.1.  Asset pricing
[47]
2.4.6.2.  Evaluation of dynamic criterion
[48] [49]
2.5.  Multivariate normal distributions and regressions
[50]
2.5.1. Bayesian interpretation of conditional probability
[51] [52]
2.5.2. Non normal distributions
[53]
2.5.3. Linear least squares projection
2.6.  Estimation of model parameters
[54] [55]
2.7.  The Kalman filter
[56] [57] [58]
2.7.0.1.  Gram-Schmidt process
[59]
2.7.0.2.  Hidden Markov model
2.8.  Estimation again
[60]
2.9.  Vector autoregressions and the Kalman filter
2.9.1. Conditioning on the semi-infinite past of $y$
[61]
2.9.2. A time-invariant VAR
[62]
2.9.3. Interpreting VARs
2.10.  The spectrum

Underfull \vbox (badness 10000) has occurred while \output is active
\vbox(505.0364+3.0)x345.7008, glue set 4.62743
.\glue(\topskip) 0.0
.\vbox(16.53331+0.0)x345.7008
..\hbox(8.19998+2.33333)x345.7008, glue set 215.68198fil
...\subsecfont 2
...\subsecfont .
...\subsecfont 9
...\subsecfont .
...\subsecfont 3
...etc.
..\glue 6.0 plus 2.0 minus 2.0
.\write9{\string \TOCitem {2}}
.\write9{{\TOCsID{2.9.3.}Interpreting VARs.}}
.\write9{{\folio }\@comment }
.etc.

 [63]
[64]
Figure 2.10.1. {r2red1d}
(r2red1d_gray.eps
)
[65]
Figure 2.10.2. {r2red1a}
(r2red1a_gray.eps
)
Figure 2.10.3. {r2red1b}
(r2red1b_gray.eps
)
Figure 2.10.4. {r2red1c}
(r2red1c_gray.eps
)
2.10.1. Examples
[66] [67]
2.11.  Concluding remarks
appendix A.  Differentiating matrix forms
[68]
appendix B.  Linear difference equations
2.B.1. A first-order difference equation
2.B.2. A second-order difference equation
[69]
appendix C.  Constant in the state vector
appendix D.  Linear least squares projection
[70] [71] [72] [73]
appendix E.  Ergodicity
2.E.1. Laws of large numbers
[74]
2.E.2. Right eigenvectors
[75] [76] [77]
Underfull \vbox (badness 10000) has occurred while \output is active
\vbox(505.0364+1.94444)x345.7008, glue set 7.31876
.\glue(\topskip) 3.05556
.\hbox(6.94444+1.94444)x345.7008, glue set 151.11719fil
..\hbox(0.0+0.0)x20.0
..\tenrm F
..\kern-0.83334
..\tenrm o
..\tenrm u
..etc.
.\glue 6.0 plus 2.0 minus 2.0
.\glue(\parskip) 0.0 plus 1.0
.\glue(\lineskip) 1.0
.etc.

 [78]
2.E.3. Continuous state Markov processes
[79]
Exercises
[80] [81] [82] [83] [84] [85] [86] [87] [88] [89] [90] [91] [92] [93] [94]
[95] [96]) (./black1b_2020.tex (./grafinp3.tex (./psfig2.tex)
\captionsize=\dimen69
) (./psfig.tex)
[97]
3. Time Series Applications
3.1.  Introduction
[98]
3.2.  Applications of the Kalman filter
3.2.1. Muth's reverse engineering exercise
[99]
Figure 3.2.1. {muth1f}
(muth1crop.eps
)
[100] [101]
3.2.2. Jovanovic's application
[102]
3.3.  LQ permanent income model
[103] [104] [105]
3.3.1. Another representation
[106] [107] [108] [109]
3.3.2. Debt dynamics
3.3.3. Two classic examples
[110] [111]
3.3.4. Spreading consumption cross section
3.3.5. Invariant subspace approach
[112] [113]
3.4.  Consumption smoothing with complete markets
[114] [115] [116] [117]
3.5.  The Lucas Critique
[118] [119] [120]
3.6.  Interpretations and responses to the Lucas Critique
Missing character: There is no ^^92 in font cmti10!
[121] [122]
3.6.1. Markov switching linear state space model
[123]
3.6.2. Example
3.6.3. Conditional distributions of geometric sums
[124] [125] [126]
> UNDEFINED TAG Eq.Vartimeinv ON PAGE 127.
3.6.4. Time series averages
3.7.  Conclusions
[127]
Exercises
[128] [129] [130] [131] [132] [133] [134] [135] [136] [137] [138] [139])
(./black2.tex (./grafinp3.tex (./psfig2.tex)
\captionsize=\dimen70
) (./psfig.tex) [140]
4. Dynamic Programming
4.1.  Sequential problems
[141] [142]
4.1.1. Three computational methods
[143] [144]
4.1.2. Cobb-Douglas transition, logarithmic preferences
[145] [146]
4.1.3. Euler equations
4.1.4. A sample Euler equation
[147]
4.2.  Stochastic control problems
[148]
4.3.  Concluding remarks
[149]
Exercise
) (./black3.tex [150]
5. Practical Dynamic Programming 
5.1.  The curse of dimensionality
5.2.  Discrete-state dynamic programming
[151] [152]
5.3.  Bookkeeping
[153]
5.4.  Application of Howard improvement algorithm
[154] [155]
5.5.  Numerical implementation
5.5.1. Modified policy iteration
[156]
5.6.  Sample Bellman equations
5.6.1. Example 1: calculating expected utility
[157]
5.6.2. Example 2: risk-sensitive preferences
[158]
5.6.3. Example 3: costs of business cycles
[159]
5.7.  Polynomial approximations
[160]
5.7.1. Recommended computational strategy
[161]
5.7.2. Chebyshev polynomials
[162]
5.7.3. Algorithm: summary
[163]
5.7.4. Shape-preserving splines
5.8.  Concluding remarks
) (./black4.tex (./grafinp3.tex (./psfig2.tex)
\captionsize=\dimen71
) (./psfig.tex) [164]
6. Linear Quadratic Dynamic Programming
6.1.  Introduction
[165]
6.2.  The optimal linear regulator problem
[166]
6.2.1. Value function iteration
6.2.2. Discounted linear regulator problem
[167]
6.2.3. Policy improvement algorithm
[168]
6.3.  The stochastic optimal linear regulator problem
[169]
6.3.1. Certainty equivalence
[170]
6.3.2. Transforming states and controls to eliminate discounting
[171]
6.4.  Shadow prices in the linear regulator
[172]
6.4.1. Stability
[173] [174]
6.5.  A Lagrangian formulation
[175] [176] [177] [178]
6.6.  More about the Lagrangian formulation
[179] [180]
6.7.  The Kalman filter again
[181] [182]
6.8.  Concluding remarks
Exercises
[183]
Overfull \hbox (10.09418pt too wide) in paragraph at lines 1065--1069
\tenbf b. \tenrm For the same pa-ram-e-ter val-ues as in ex-er-cise \headlinefo
nt 6.3 \tenrm and $(\teni ^^U; ^^Y; ^^N; ^^R\tenrm ) = (1\teni ; :\tenrm 05\ten
i ; :\tenrm 95\teni ; \tenrm 1)$,

\hbox(7.5+2.5)x345.7008, glue set - 1.0
.\tenbf b
.\tenbf .
.\glue 4.44444 plus 4.99997 minus 0.37036
.\tenrm F
.\kern-0.83334
.etc.

[184] [185] [186] [187]
Overfull \hbox (14.1455pt too wide) in paragraph at lines 1264--1272
\tenrm au-tore-gres-sion for $[\teni g[]; T[]; []\tenrm ]$ is re-lated to the p
a-ram-e-ters $[\teni ^^Z; ^^L; ^^V; q; w[]; w[]; c[]; c[]; c[]\tenrm ]$.

\hbox(9.31749+2.5)x345.7008, glue set - 1.0
.\tenrm a
.\tenrm u
.\discretionary
..\tenrm -
.\tenrm t
.\tenrm o
.etc.

[188] [189] [190] [191] [192] [193] [194] [195]) [196] [197] (./black5_2010.tex
(./grafinp3.tex (./psfig2.tex)
\captionsize=\dimen72
) (./psfig.tex)
7. Search and Unemployment
7.1.  Introduction
[198]
7.2.  McCall's model of intertemporal job search
Figure 7.2.1. {powdmt4f}
(mcall101a.eps
)
[199]
Underfull \vbox (badness 10000) has occurred while \output is active
\vbox(505.0364+4.0)x345.7008, glue set 4.66122
.\penalty 100
.\vbox(282.07422+0.0)x345.7008
..\rule(0.0+0.0)x0.0
..\glue 12.0 plus 4.0 minus 4.0
..\hbox(216.01862+0.0)x345.7008, glue set 64.4454fil
...\glue 0.0 plus 1.0fil minus 1.0fil
...\hbox(216.01862+0.0)x216.81 []
...\glue 0.0 plus 1.0fil minus 1.0fil
..\write5{% > Figure 7.2.1:}
..\write5{\FIGLitem{Figure} {7.2.1. }}
..etc.
.\penalty 10000
.\penalty -200
.\glue 12.0 plus 4.0 minus 4.0
.etc.

 [200]
7.2.1. Characterizing reservation wage
Figure 7.2.2. {powdmt5f}
(powdmt5.eps
)
[201]
Figure 7.2.3. {powdmt6f}
[202]
(powdmt6.eps
)
7.2.2. Effects of mean-preserving spreads
[203]
7.2.3. Allowing quits
[204]
7.2.4. Waiting times
[205]
7.2.5. Firing
[206] [207] [208]
7.3.  A lake model
Figure 7.3.1. {lake1f}
(lake1.eps
)
[209]
7.4.  Offer distribution unknown

Underfull \vbox (badness 10000) has occurred while \output is active
\vbox(505.0364+1.94444)x345.7008, glue set 26.90636
.\glue(\splittopskip) 0.0
.\vbox(189.07764+0.0)x345.7008
..\rule(0.0+0.0)x0.0
..\glue 12.0 plus 4.0 minus 4.0
..\hbox(124.6332+0.0)x345.7008, glue set 64.4454fil
...\glue 0.0 plus 1.0fil minus 1.0fil
...\hbox(124.6332+0.0)x216.81 []
...\glue 0.0 plus 1.0fil minus 1.0fil
..\write5{% > Figure 7.3.1:}
..\write5{\FIGLitem{Figure} {7.3.1. }}
..etc.
.\penalty 10000
.\penalty -200
.\glue 12.0 plus 4.0 minus 4.0
.etc.

 [210]
[211]
Figure 7.4.1. {two_densities}
(two_densities_rev.eps
)
Figure 7.4.2. {reservation_wage_pi}
(reservation_wage_pi_gray.eps
)
[212] [213]
Figure 7.4.3. {cdf_graph_search}
(Fig663_2.eps
)
[214]
7.5.  An equilibrium price distribution

Underfull \vbox (badness 3302) has occurred while \output is active
\vbox(505.0364+3.0)x345.7008, glue set 3.21155
.\glue(\topskip) 3.05556
.\hbox(6.94444+1.94444)x345.7008, glue set 0.50262
..\tenrm s
..\tenrm a
..\tenrm i
..\tenrm d
..\glue 3.33333 plus 1.66666 minus 1.11111
..etc.
.\glue(\baselineskip) 5.11111
.\hbox(6.94444+1.94444)x345.7008, glue set 0.28024
..\tenrm t
..\tenrm h
..\tenrm a
..\tenrm t
..\glue 3.33333 plus 1.66666 minus 1.11111
..etc.
.\glue(\baselineskip) 5.11111
.etc.

 [215]
7.5.1. A Burdett-Judd setup
[216]
7.5.2. Consumer problem with noisy search
[217]
7.5.3. Firms
[218]
7.5.4. Equilibrium
[219] [220]
7.5.5. Special cases
7.6.  Neal's model of career choice
[221]
Figure 7.6.1. {neal1newaf}
(neal1newa_gray.eps
)
Figure 7.6.2. {neal2newaf}
(neal2newa.eps
)
[222] [223] [224] [225]
7.7.  Jovanovic's matching model
[226] [227] [228]
7.7.1. Recursive formulation
Figure 7.7.1. {powdmt7f}
(powdmt7new.eps
)
[229] [230] [231] [232]
7.7.2. Endogenous statistics
[233] [234]
7.8.  A longer horizon version of Jovanovic's model
[235]
7.8.1. The Bellman equations
[236] [237]
7.9.  Concluding remarks
[238]
appendix A.  Nonnegative random variables
7.A.1. Nonnegative random variables
[239]
7.A.2. Mean-preserving spreads
Figure 7.A.1. {powdmt3f}
(powdmt3new.eps
)
[240] [241]
appendix B.  More numerical dynamic programming
7.B.1. Example 4: search
[242]
7.B.2. Example 5: a Jovanovic model
[243] [244]
Figure 7.B.1. {jov1newf}
(jov1new.ps
)
Figure 7.B.2. {jov2newf}
(jov2new.ps
)
Figure 7.B.3. {jov3newf}
(jov3new.ps
)
[245] [246]
Exercises
[247] [248] [249] [250] [251] [252] [253] [254] [255] [256] [257] [258]
[259] [260] [261] [262]) [263]
Underfull \hbox (badness 10000) in paragraph at lines 372--372


\hbox(0.0+0.0)x345.7008
.\glue(\rightskip) 0.0

[265] [266] (./black6.tex (./grafinp3.tex (./psfig2.tex)
\captionsize=\dimen73
) (./psfig.tex)
8. Recursive Competitive Equilibrium: I 
8.1.  An equilibrium concept
[267]
8.2.  Example: adjustment costs
[268] [269] [270]
8.2.1. A planning problem
[271] [272]
8.3.  Recursive competitive equilibrium
[273]
8.4.  Equilibrium human capital accumulation
8.4.1. Planning problem
[274]
8.4.2. Decentralization
[275]
8.5.  Equilibrium occupational choice
[276] [277]
8.5.1. A planning problem
[278]
8.5.2. Decentralization
[279]
8.6.  Markov perfect equilibrium
[280]
8.6.1. Computation
[281]
8.7.  Linear Markov perfect equilibria
[282] [283] [284]
8.8.  Concluding remarks
appendix A.  A model of Judd
[285] [286]
Exercises
[287] [288] [289] [290]) (./black7_2016.tex (./grafinp3.tex (./psfig2.tex)
\captionsize=\dimen74
)
(./psfig.tex) (./psfig.tex) [291]
9. Equilibrium with Complete Markets
9.1.  Time $0$ versus sequential trading
9.2.  The physical setting: preferences and endowments
[292]
9.3.  Alternative trading arrangements
[293]
Figure 9.3.1. {tree1f}
(tree1.eps
)
[294]
9.3.1. History dependence
Figure 9.3.2. {tree2f}
(tree2.eps
)
[295]
9.4.  Pareto problem
[296]
9.4.1. Time invariance of Pareto weights
[297]
9.5.  Time $0$ trading: Arrow-Debreu securities
[298]
9.5.1. Equilibrium pricing function
[299]
9.5.2. Optimality of equilibrium allocation
[300]
9.5.3. Interpretation of trading arrangement
9.5.4. Equilibrium computation
[301]
9.6.  Simpler computational algorithm
9.6.1. Example 1: risk sharing
[302]
9.6.2. Implications for equilibrium computation
9.6.3. Example 2: no aggregate uncertainty
[303]
9.6.4. Example 3: periodic endowment processes
[304]
9.6.5. Example 4
[305]
9.7.  Primer on asset pricing
9.7.1. Pricing redundant assets
9.7.2. Riskless consol
9.7.3. Riskless strips
[306]
9.7.4. Tail assets
[307]
9.7.5. One-period returns
[308]
9.8.  Sequential trading
9.8.1. Arrow securities
[309]
9.8.2. Financial wealth as an endogenous state variable

Underfull \vbox (badness 7851) has occurred while \output is active
\vbox(505.0364+3.0)x345.7008, glue set 4.28506
.\glue(\topskip) 0.0
.\vbox(16.66666+0.0)x345.7008
..\hbox(8.33333+2.33333)x345.7008, glue set 61.25125fil
...\subsecfont 9
...\subsecfont .
...\subsecfont 8
...\subsecfont .
...\subsecfont 2
...etc.
..\glue 6.0 plus 2.0 minus 2.0
.\write9{\string \TOCitem {2}}
.\write9{{\TOCsID{9.8.2.}Financial wealth as an endogenous state variable.}}
.\write9{{\folio }\@comment }
.etc.

 [310]
9.8.3. Reopening markets
[311]
9.8.4. Debt limits
[312]
9.8.5. Sequential trading
[313] [314]
9.8.6. Equivalence of allocations
[315] [316]
9.9.  Recursive competitive equilibrium
[317]
9.9.1. Endowments governed by a Markov process
[318]
9.9.2. Equilibrium outcomes inherit the Markov property
[319]
9.9.3. Recursive formulation of optimization and equilibrium
[320] [321]
9.9.4. Computing an equilibrium with sequential trading of Arrow-securities
[322]
9.10.  $j$-step pricing kernel
[323]
9.10.1. Arbitrage-free pricing
[324] [325]
9.11.  Term structure of yields on risk-free claims
9.11.1. Constructing yields
[326] [327]
9.12.  Recursive version of Pareto problem
[328] [329]
9.13.  Concluding remarks
[330] [331]
appendix Appendices: Departures from key assumptions
appendix A.  Heterogenous discounting
[332]
appendix B.  Heterogenous beliefs 
[333] [334]
9.B.1. Example: one type's beliefs are closer to the truth
[335] [336]
9.B.2. Equilibrium prices reflect beliefs
9.B.3. Mispricing?
9.B.4. Learning
[337]
9.B.5. Role of complete markets
appendix C.  Incomplete markets
[338]
9.C.1. An example economy
[339] [340]
Overfull \hbox (11.68686pt too wide) in paragraph at lines 2605--2614
\tenrm for any $[]\tensy j\teni s[]$\tenrm . Equal-ity ($9\teni :C:\tenrm 6$) i
m-plies that the prod-uct $\teni ^^V[]\tenrm (\teni s[]\tenrm )[\teni c[]\tenrm
 (\teni s[]\tenrm )][]$

\hbox(8.14003+3.31544)x345.7008, glue set - 1.0
.\tenrm f
.\tenrm o
.\tenrm r
.\glue 3.33333 plus 1.66666 minus 1.11111
.\tenrm a
.etc.

[341]
9.C.2. Asset payoff correlated with i.i.d. aggregate endowment
[342] [343]
9.C.3. Beneficial market incompleteness

Underfull \vbox (badness 3612) has occurred while \output is active
\vbox(505.0364+1.94444)x345.7008, glue set 3.30844
.\glue(\topskip) 2.5
.\hbox(7.5+2.5)x345.7008, glue set - 0.608
..\hbox(0.0+0.0)x20.0
..\tenrm I
..\tenrm t
..\glue 3.33333 plus 1.66666 minus 1.11111
..\tenrm n
..etc.
.\penalty 10000
.\glue(\baselineskip) 3.35997
.\hbox(8.14003+2.5)x345.7008, glue set 0.34744
..\tenrm f
..\tenrm a
..\tenrm c
..\tenrm t
..\tenrm o
..etc.
.etc.

 [344]
[345] [346]
Exercises
[347] [348] [349] [350] [351] [352] [353] [354] [355] [356] [357] [358]
[359] [360] [361] [362] [363] [364] [365] [366] [367] [368] [369] [370]
[371] [372]) (./black8.tex (./grafinp3.tex (./psfig2.tex)
\captionsize=\dimen75
) (./psfig.tex)
(./psfig.tex) [373]
10. Overlapping Generations
[374]
10.1.  Endowments and preferences
10.2.  Time $0$ trading

Underfull \vbox (badness 2005) has occurred while \output is active
\vbox(505.0364+1.94444)x345.7008, glue set 2.71983
.\glue(\topskip) 0.0
.\vbox(16.66666+0.0)x345.7008
..\hbox(8.33333+2.33333)x345.7008, glue set 134.03256fil
...\secfont 1
...\secfont 0
...\secfont .
...\secfont 1
...\secfont .
...etc.
..\glue 6.0 plus 2.0 minus 2.0
.\penalty 10000
.\write9{\string \TOCitem {1}}
.\write9{{\TOCsID{10.1.}Endowments and preferences.}}
.etc.

 [375]
10.2.1. Example equilibria
[376]
10.2.2. Relation to welfare theorems
[377]
10.2.3. Nonstationary equilibria
Figure 10.2.1. {graph12f}
(graph12.eps
)
[378]
10.2.4. Computing equilibria
[379]
Figure 10.2.2. {graph22f}
(graph22.eps
)
[380] [381]
Figure 10.2.3. {graph32f}
(graph32.eps
)

Underfull \vbox (badness 2057) has occurred while \output is active
\vbox(505.0364+1.94444)x345.7008, glue set 2.74228
.\glue(\topskip) 3.05556
.\hbox(6.94444+1.94444)x345.7008, glue set 0.44537
..\tenrm f
..\tenrm o
..\tenrm r
..\glue 3.33333 plus 1.66666 minus 1.11111
..\tenrm a
..etc.
.\penalty 10000
.\glue(\baselineskip) 5.11111
.\hbox(6.94444+1.94444)x345.7008, glue set 0.05606
..\tenrm F
..\kern-0.83334
..\tenrm r
..\tenrm o
..\tenrm m
..etc.
.etc.

 [382]
Figure 10.2.4. {graph42f}
(graph42.eps
)
[383] [384]
10.3.  Sequential trading
10.4.  Money
[385]
10.4.1. Computing more equilibria with valued fiat currency
[386]
10.4.2. Equivalence of equilibria
[387]
10.5.  Deficit finance
[388] [389]
10.5.1. Steady states and the Laffer curve
Figure 10.5.1. {graph52f}
(graph52new.eps
)
[390]
10.6.  Equivalent setups
10.6.1. The economy
[391] [392]
10.6.2. Growth
[393]
10.7.  Optimality and the existence of monetary equilibria
[394] [395] [396] [397] [398] [399]
Figure 10.7.1. {graph16f}
(graph16.eps
)
10.7.1. Balasko-Shell criterion for optimality
[400] [401]
10.8.  Within-generation heterogeneity

Underfull \vbox (badness 4765) has occurred while \output is active
\vbox(505.0364+3.31544)x345.7008, glue set 3.62933
.\glue(\topskip) 3.05556
.\hbox(6.94444+1.94444)x345.7008, glue set 0.71883
..\tenrm W
..\tenrm i
..\tenrm t
..\tenrm h
..\glue 3.33333 plus 1.66666 minus 1.11111
..etc.
.\glue(\baselineskip) 5.11111
.\hbox(6.94444+1.94444)x345.7008, glue set 1.05862
..\tenrm w
..\tenrm h
..\tenrm i
..\tenrm c
..\kern-0.27779
..etc.
.\glue(\baselineskip) 3.56554
.etc.

 [402]
10.8.1. Nonmonetary equilibrium
10.8.2. Monetary equilibrium
[403]
Figure 10.8.1. {savings1f}
(savings1.eps
)
[404]
10.8.3. Nonstationary equilibria
10.8.4. The real bills doctrine
[405]
Overfull \hbox (14.33148pt too wide) in paragraph at lines 1587--1592
\tensc Irrelevance of Open Mar-ket Op-er-a-tions: \tenrm All pos-i-tive se-quen
ces $\tensy f\teni L[]; H[]\tensy g[]$

\hbox(7.5+2.5)x345.7008, glue set - 1.0
.\tensc I
.\tensc r
.\tensc r
.\tensc e
.\tensc l
.etc.

[406]
10.9.  Gift-giving equilibrium
[407] [408]
10.10.  Concluding remarks
Exercises
[409] [410] [411] [412] [413] [414] [415] [416] [417] [418] [419] [420])
(./black9.tex (./grafinp3.tex (./psfig2.tex)
\captionsize=\dimen76
) (./psfig.tex) [421]
11. Ricardian Equivalence
11.1.  Borrowing limits and Ricardian equivalence
[422]
11.2.  Infinitely lived agent economy
11.2.1. Optimal consumption/savings decision when $b_{t+1} \geq 0$
[423] [424]
11.2.2. Optimal consumption/savings decision when $b_{t+1} \geq \mathaccent "70
7E b_{t+1}$
[425]
11.3.  Government finance
11.3.1. Effect on household
[426] [427] [428] [429]
11.4.  Linked generations interpretation
[430]
11.5.  Concluding remarks

Underfull \vbox (badness 2635) has occurred while \output is active
\vbox(505.0364+3.0)x345.7008, glue set 2.97829
.\glue(\topskip) 0.0
.\vbox(16.66666+0.0)x345.7008
..\hbox(8.33333+2.33333)x345.7008, glue set 187.14192fil
...\secfont 1
...\secfont 1
...\secfont .
...\secfont 5
...\secfont .
...etc.
..\glue 6.0 plus 2.0 minus 2.0
.\penalty 10000
.\write9{\string \TOCitem {1}}
.\write9{{\TOCsID{11.5.}Concluding remarks.}}
.etc.

 [431])
(./blackpro_5_2012.tex (./grafinp3.tex (./psfig2.tex)
\captionsize=\dimen77
) (./psfig.tex) [432]
12. Fiscal Policies in a Growth Model
[433]
12.1.  Introduction
[434]
12.2.  Economy
12.2.1. Preferences, technology, information
[435]
12.2.2. Components of a competitive equilibrium
[436]
12.3.  The term structure of interest rates
[437]
12.4.  Digression: sequential version of government budget constraint
[438] [439] [440]
12.4.1. Irrelevance of maturity structure of government debt

Overfull \hbox (11.6326pt too wide) in paragraph at lines 344--346
\tenrm The se-quence of period-by-period net re-turns on the gov-ern-ment debt 
$\tensy f\teni r[]B[]\tensy g[]$

\hbox(7.5+2.86108)x345.7008, glue set - 1.0
.\tenrm T
.\tenrm h
.\tenrm e
.\glue 3.33333 plus 1.66666 minus 1.11111
.\tenrm s
.etc.

[441]
12.5.  Competitive equilibria with distorting taxes
12.5.1. The household: no-arbitrage and asset-pricing formulas
[442] [443]
12.5.2. User cost of capital formula
[444]
12.5.3. Household first-order conditions
12.5.4. A theory of the term structure of interest rates
12.5.5. Firm
[445]
12.6.  Computing equilibria
[446]
12.6.1. Inelastic labor supply
[447]
12.6.2. The equilibrium steady state
[448]
Underfull \hbox (badness 1838) in paragraph at lines 723--723
\subsecfont 12.6.3. Computing the equilibrium path with the shooting 

\hbox(8.33333+2.33333)x345.7008, glue set 2.64156
.\subsecfont 1
.\subsecfont 2
.\subsecfont .
.\subsecfont 6
.\subsecfont .
.etc.

12.6.3. Computing the equilibrium path with the shooting algorithm
[449]
12.6.4. Other equilibrium quantities
12.6.5. Steady-state $\mathaccent "7016 R$
[450]
12.6.6. Lump-sum taxes available
12.6.7. No lump-sum taxes available
[451]
12.7.  A digression on back-solving
[452]
12.8.  Effects of taxes on equilibrium allocations and prices
[453]
12.9.  Transition experiments with inelastic labor supply
[454]
Figure 12.9.1. {fig_g}
(fig_g.eps
)
Figure 12.9.2. {fig_g_gamma}
(fig_g_gamma.eps
)
Figure 12.9.3. {fig_term}
(fig_term.eps
)
Figure 12.9.4. {fig_tc}
(fig_tc.eps
)
Figure 12.9.5. {fig_tk}
(fig_tauk_gamma.eps
)
[455] [456] [457] [458] [459]
Figure 12.9.6. {fig_g1}
(fig_g1.eps
)
12.10.  Linear approximation

Underfull \vbox (badness 7186) has occurred while \output is active
\vbox(505.0364+1.94444)x345.7008, glue set 4.15837
.\glue 0.0
.\glue(\topskip) 1.79446
.\hbox(8.20554+2.5)x345.7008, glue set 0.17812
..\tenrm (
..\mathon, surrounded 1.0
..\tenrm 1
..\tenrm 2
..\teni :
..etc.
.\glue(\baselineskip) 4.55556
.\hbox(6.94444+1.94444)x345.7008, glue set 0.43756
..\tenrm b
..\kern-0.27779
..\tenrm y
..\glue 3.33333 plus 1.66666 minus 1.11111
..\tenrm t
..etc.
.etc.

 [460]
[461] [462]
12.10.1. Relationship between the $\lambda _i$'s
[463]
12.10.2. Conditions for existence and uniqueness
[464]
12.10.3. Once-and-for-all jumps
[465]
12.10.4. Simplification of formulas
12.10.5. A one-time pulse
[466]
12.10.6. Convergence rates and anticipation rates
Figure 12.10.1. {lambdaogamma}
(lambdaogamma_gray.eps
)
[467]
12.10.7. A remark about accuracy: Euler equation errors
[468]
12.11.  Growth
[469]
Figure 12.11.1. {fig_pr_1}
(fig_pr_1.eps
)
Figure 12.11.2. {fig_pr_2}
(fig_pr_2.eps
)
[470]
Underfull \vbox (badness 1622) has occurred while \output is active
\vbox(505.0364+1.94444)x345.7008, glue set 2.53325
.\penalty 100
.\vbox(249.30363+0.0)x345.7008
..\rule(0.0+0.0)x0.0
..\glue 12.0 plus 4.0 minus 4.0
..\hbox(173.35919+0.0)x345.7008, glue set 64.4454fil
...\glue 0.0 plus 1.0fil minus 1.0fil
...\hbox(173.35919+0.0)x216.81 []
...\glue 0.0 plus 1.0fil minus 1.0fil
..\write5{% > Figure 12.11.2:}
..\write5{\FIGLitem{Figure} {12.11.2. }}
..etc.
.\penalty 10000
.\penalty -200
.\glue 12.0 plus 4.0 minus 4.0
.etc.

 [471]
12.12.  Elastic labor supply

Underfull \vbox (badness 1796) has occurred while \output is active
\vbox(505.0364+2.5)x345.7008, glue set 2.62247
.\glue(\topskip) 3.05556
.\hbox(6.94444+1.94444)x345.7008, glue set 0.01093
..\tenrm p
..\tenrm a
..\tenrm r
..\tenrm t
..\glue 3.33333 plus 1.66666 minus 1.11111
..etc.
.\penalty 10000
.\glue(\baselineskip) 5.11111
.\hbox(6.94444+1.94444)x345.7008, glue set 0.1554
..\tenrm t
..\tenrm i
..\tenrm o
..\tenrm n
..\tenrm s
..etc.
.etc.

 [472]
12.12.1. Steady-state calculations
[473]
12.12.2. Some experiments
[474]
Figure 12.12.1. {fig_gnu}
(fig_gnu.eps
)

Underfull \vbox (badness 4454) has occurred while \output is active
\vbox(505.0364+0.0)x345.7008, glue set 3.5474
.\glue(\topskip) 0.68251
.\hbox(9.31749+2.5)x345.7008, glue set 0.00287
..\tenrm l
..\tenrm u
..\tenrm m
..\tenrm p
..\glue 3.33333 plus 1.66666 minus 1.11111
..etc.
.\penalty 10000
.\glue(\baselineskip) 4.0
.\hbox(7.5+2.5)x345.7008, glue set - 0.88283
..\tenrm t
..\tenrm i
..\tenrm o
..\tenrm n
..\glue 3.33333 plus 1.66666 minus 1.11111
..etc.
.etc.

 [475]
Figure 12.12.2. {fig_tnu}
(fig_tnu.eps
)
[476]
Figure 12.12.3. {fig_tn}
(fig_tn.eps
)
[477] [478]
12.13.  A two-country model
[479] [480] [481]
12.13.1. Initial conditions
12.13.2. Equilibrium steady state values
12.13.3. Initial equilibrium values
[482]
12.13.4. Shooting algorithm
Figure 12.13.1. {fig1_kinit}
(fig1_kinit.eps
)
12.13.5. Transition exercises
[483] [484]
12.13.5.1.  Opening International Flows
[485]
Figure 12.13.2. {fig1_g-2}
(fig1_g.eps
)

Overfull \hbox (15.31226pt too wide) in paragraph at lines 2335--2335
 \tenrm seen at time $1$. From left to right, top to bot-tom: $\teni k; c; []; 
x; g; B[]$\tenrm . 

\hbox(8.49002+1.94444)x345.7008, glue set - 1.0
.\glue(\leftskip) 40.0
.\tenrm s
.\tenrm e
.\tenrm e
.\tenrm n
.etc.

12.13.5.2.  Foreseen Increase in $g$

Underfull \vbox (badness 5924) has occurred while \output is active
\vbox(505.0364+1.94444)x345.7008, glue set 3.90103
.\glue 0.0
.\glue(\topskip) 3.05556
.\hbox(6.94444+1.94444)x345.7008, glue set - 0.51883
..\tenrm N
..\tenrm o
..\tenrm t
..\tenrm i
..\tenrm c
..etc.
.\penalty 10000
.\glue(\baselineskip) 5.11111
.etc.

 [486]
[487]
Figure 12.13.3. {fig1_tauk}
(fig1_tauk.eps
)
[488]
12.13.5.3.  Foreseen increase in $\tau _k$
[489]
12.14.  Concluding remarks
[490]
appendix A.  Log linear approximations
[491]
Exercises
[492] [493] [494] [495] [496] [497] [498] [499] [500] [501] [502] [503]
[504]
Overfull \hbox (11.35016pt too wide) in paragraph at lines 3223--3230
\tenrm goods per worker at time $\teni t$\tenrm . De-fine $[] = [] [] \teni :$ 


\hbox(10.09998+5.28177)x345.7008, glue set - 1.0
.\tenrm g
.\tenrm o
.\kern0.27779
.\tenrm o
.\kern0.27779
.etc.

[505]
Figure 12.1. {fig_7_1}
(fig_7_1.eps
)
Figure 12.2. {fig_7_2}
(fig_7_2.eps
)
[506] [507] [508]
Figure 12.3. {FN_1}
(FN_1_tom_2.eps
)
Figure 12.4. {FN_2}
(fig_11.4.eps
)

Overfull \hbox (10.20897pt too wide) in paragraph at lines 3467--3467
 \tenbf Figure 12.4: \tenrm Cap-i-tal stock as func-tion of time in two economi
es 

\hbox(6.94444+1.94444)x345.7008, glue set - 1.0
.\glue(\leftskip) 40.0
.\tenbf F
.\tenbf i
.\tenbf g
.\tenbf u
.etc.

[509]
Figure 12.5. {FN_3}
(fig_11_5.eps
)
[510] [511]
Figure 12.6. {FN_4}
(figv3_116_b.eps
)
[512]) [513] (./bgrowth2.tex
13. Recursive Competitive Equilibrium: II
13.1.  Endogenous aggregate state variable
[514]
13.2.  The stochastic growth model
[515] [516]
13.3.  Lagrangian formulation of the planning problem
13.4.  Time $0$ trading: Arrow-Debreu securities
[517]
13.4.1. Household
[518]
13.4.2. Firm of type I
[519]
13.4.3. Firm of type II
[520]
13.4.4. Equilibrium prices and quantities

Overfull \hbox (14.21652pt too wide) in paragraph at lines 433--435
[]\tenrm After sub-sti-tut-ing ($13\teni :\tenrm 4\teni :\tenrm 9\teni b$\tenrm
 ) into the house-hold's first-order con-di-tion ($13\teni :\tenrm 4\teni :\ten
rm 3\teni b$\tenrm ),

\hbox(7.5+2.5)x345.7008, glue set - 1.0
.\hbox(0.0+0.0)x20.0
.\tenrm A
.\tenrm f
.\tenrm t
.\tenrm e
.etc.

[521] [522]
13.4.5. Implied wealth dynamics
[523]
13.5.  Sequential trading: Arrow securities
[524]
13.5.1. Household
[525]
13.5.2. Firm of type I
[526]
13.5.3. Firm of type II
13.5.4. Equilibrium prices and quantities
[527]
13.5.5. Financing a type II firm

Underfull \hbox (badness 10000) in paragraph at lines 799--803


\hbox(0.0+0.0)x345.7008
.\glue(\rightskip) 0.0

[528]
13.6.  Recursive formulation
[529]
13.6.1. Technology is governed by a Markov process
13.6.2. Aggregate state of the economy
[530]
13.7.  Recursive formulation of the planning problem
[531]
13.8.  Recursive formulation of sequential trading
13.8.1. A ``Big $K$, little $k$'' device
[532]
13.8.2. Price system
[533]
13.8.3. Household problem
[534]
13.8.4. Firm of type I
13.8.5. Firm of type II
[535]
13.9.  Recursive competitive equilibrium
13.9.1. Equilibrium restrictions across decision rules
[536] [537]
13.9.2. Using the planning problem
[538]
13.10.  Concluding remarks
[539]
appendix A.  The permanent income model revisited
13.A.1. Reinterpreting the single-agent model
[540]
13.A.2. Decentralization and scaled prices
[541]
13.A.2.1.  The consumer
[542]
13.A.2.2.  The firm
13.A.3. Matching equilibrium and planning allocations
[543]
13.A.4. Interpretation
) [544] [545] (./black10_part1.tex (./grafinp3.tex (./psfig2.tex)
\captionsize=\dimen78
) (./psfig.tex)
14. Asset Pricing Theory
14.1.  Introduction
14.2.  Euler equations
[546] [547] [548]
14.3.  Martingale theories of consumption and stock prices

Overfull \hbox (12.17827pt too wide) in paragraph at lines 198--200
[]\tenrm As an ex-am-ple, with the constant-relative-risk-aversion util-ity fun
c-tion $\teni u\tenrm (\teni c[]\tenrm ) =

\hbox(7.5+2.5)x345.7008, glue set - 1.0
.\hbox(0.0+0.0)x20.0
.\tenrm A
.\tenrm s
.\glue 3.33333 plus 1.66666 minus 1.11111
.\tenrm a
.etc.

[549] [550]
14.4.  Equivalent martingale measure
[551] [552] [553]
14.5.  Equilibrium asset pricing
[554]
14.6.  Stock prices without bubbles
[555] [556]
14.7.  Computing asset prices
14.7.1. Example 1: logarithmic preferences
14.7.2. Example 2: finite-state version
[557]
14.7.3. Example 3: growth
[558]
14.8.  Term structure of interest rates
[559] [560] [561]
14.9.  State-contingent prices
[562]
14.9.1. Insurance premium
14.9.2. Man-made uncertainty
[563]
14.9.3. The Modigliani-Miller theorem
[564] [565] [566]
14.10.  Government debt
14.10.1. The Ricardian proposition
[567] [568] [569] [570] [571] [572] [573]
14.10.2. No Ponzi schemes
[574] [575]
Figure 14.10.1. {returnf}
(return.ps
)
[576] [577]
appendix A.  Harrison-Kreps (1978) heterogeneous beliefs
[578]
14.A.1. Optimism and Pessimism
14.A.2. Equilibrium price function
[579]
14.A.3. Comparisons of equilibrium price functions
14.A.4. Single belief prices
14.A.5. Pricing under heterogeneous beliefs
[580]
Table 14.A.1. {HKtab}
[581] [582]
14.A.6. Insufficient funds
[583]
appendix B.  Gaussian asset-pricing model
[584] [585]
Exercises
[586] [587] [588] [589] [590]) (./black10_part2_new_ver3.tex (./grafinp3.tex
(./psfig2.tex)
\captionsize=\dimen79
) (./psfig.tex) [591]
15. Asset Pricing Empirics
15.1.  Introduction
[592]
15.2.  Interpretation of risk-aversion parameter
[593]
Table 15.2.1. {old101}
[594]
15.3.  The equity premium puzzle
Table 15.3.1. {old102}
[595] [596] [597]
15.4.  Market price of risk
[598] [599]
15.5.  Hansen-Jagannathan bounds
15.5.1. Law of one price implies that $E m R =1$
[600] [601]
15.5.2. Inner product representation of price functional
[602]
15.5.3. Admissible stochastic discount factors
[603] [604]
15.6.  Failure of CRRA to attain HJ bound
[605]
Figure 15.6.1. {CRRAtimeseparablepreferences}
(timeseparableCRRApreferences_gray.eps
)
[606] [607]
Table 15.6.1. {table:parameterestimates}
[Nrows=3, Ncols=2]
[608]
15.7.  Non-expected utility
[609] [610] [611]
15.7.1. Another representation of the utility recursion
Figure 15.7.1. {treeAB}
(PlansABtree.eps
)
Figure 15.7.2. {treeCD}
(PlansCDtree.eps
)
[612]
15.7.2. Stochastic discount factor
[613]
Figure 15.7.3. {tallarini}
(Tallarinisfigure2_gray.eps
)
[614] [615] [616]
15.7.3. Twisted probability distributions
15.8.  Reinterpretation of the utility recursion
[617]
15.8.1. Risk aversion versus model misspecification aversion
[618]
15.8.2. Recursive representation of probability distortions
15.8.3. Entropy
[619] [620]
15.8.4. Expressing ambiguity aversion
[621]
15.8.5. Ambiguity averse preferences
[622] [623]
15.8.6. Market price of model uncertainty
[624]
15.8.7. Measuring model uncertainty
[625]
Figure 15.8.1. {tallarini50}
(MPRRWvsTS_Korea.eps
)
[626]
15.9.  Costs of aggregate fluctuations
[627]
Figure 15.9.1. {BHS_punchline}
(proportions1_gray.eps
)
[628] [629]
15.10.  Reverse engineered consumption heterogeneity
[630] [631] [632] [633]
15.11.  Affine risk prices
[634] [635]
15.11.1. An application
15.11.2. Affine term structure of yields
[636] [637]
15.12.  Risk-neutral probabilities
[638]
15.12.1. Asset pricing in a nutshell
15.13.  Distorted beliefs
[639] [640]
15.14.  Concluding remarks
[641]
appendix A.  Riesz representation theorem
[642] [643]
appendix B.  Computing stochastic discount factors
[644]
appendix C.  A log normal bond pricing model
[645] [646]
15.C.1. Slope of yield curve
[647]
15.C.2. Backus and Zin's stochastic discount factor
[648]
15.C.3. Reverse engineering a stochastic discount factor
[649]
Underfull \vbox (badness 10000) has occurred while \output is active
\vbox(505.0364+1.94444)x345.7008
.\glue(\topskip) 3.05556
.\hbox(6.94444+1.94444)x345.7008, glue set 0.35031
..\tenrm T
..\tenrm h
..\tenrm i
..\tenrm s
..\glue 3.33333 plus 1.66666 minus 1.11111
..etc.
.\penalty 10000
.\glue(\baselineskip) 5.11111
.\hbox(6.94444+1.94444)x345.7008, glue set - 0.0237
..\tenrm t
..\tenrm o
..\glue 3.33333 plus 1.66666 minus 1.11111
..\tenrm p
..\tenrm r
..etc.
.etc.

 [650]
Figure 15.C.1. {backus1f}
(backus1_gray.eps
)
Figure 15.C.2. {backus2f}
(backus2_gray.eps
)
Figure 15.C.3. {backus3f}
(backus3_gray.eps
)
Figure 15.C.4. {backus4f}
(backus4_gray.eps
)
Figure 15.C.5. {backus5f}
(backus5_gray.eps
)
[651]
Underfull \vbox (badness 2165) has occurred while \output is active
\vbox(505.0364+2.5)x345.7008, glue set 2.78827
.\penalty 100
.\vbox(181.11136+0.0)x345.7008
..\rule(0.0+0.0)x0.0
..\glue 12.0 plus 4.0 minus 4.0
..\hbox(133.16692+0.0)x345.7008, glue set 91.54666fil
...\glue 0.0 plus 1.0fil minus 1.0fil
...\hbox(133.16692+0.0)x162.6075 []
...\glue 0.0 plus 1.0fil minus 1.0fil
..\write5{% > Figure 15.C.3:}
..\write5{\FIGLitem{Figure} {15.C.3. }}
..etc.
.\penalty 10000
.\penalty -200
.\glue 12.0 plus 4.0 minus 4.0
.etc.

 [652]
Exercises
[653] [654] [655] [656] (./asset_exercise_new.tex [657] [658] [659] [660]
[661] [662] [663] [664] [665] [666] [667] [668] [669] [670] [671] [672]))
(./black11.tex (./grafinp3.tex (./psfig2.tex)
\captionsize=\dimen80
) (./psfig.tex) [673]
16. Economic Growth
16.1.  Introduction
[674] [675]
16.2.  The economy
> Expecting ] but got ).
[676]
16.2.1. Balanced growth path
[677]
16.3.  Exogenous growth
[678] [679]
16.4.  Externality from spillovers
[680] [681]
16.5.  All factors reproducible
16.5.1. One-sector model
[682] [683]
16.5.2. Two-sector model
[684] [685]
16.6.  Research and monopolistic competition
[686]
16.6.1. Monopolistic competition outcome
[687]
Figure 16.6.1. {growth1f}
(grow1.ps
)
[688] [689]
16.6.2. Planner solution
[690]
16.7.  Growth in spite of nonreproducible factors
16.7.1. ``Core'' of capital goods produced without nonreproducible inputs
[691] [692]
16.7.2. Research labor enjoying an externality
[693] [694]
16.8.  Concluding remarks
[695] [696]
Exercises
[697] [698] [699] [700] [701]) [702] [703] (./black12_13.tex (./grafinp3.tex
(./psfig2.tex)
\captionsize=\dimen81
) (./psfig.tex)
17. Optimal Taxation with Commitment
17.1.  Introduction
[704] [705] [706]
17.2.  A nonstochastic economy
17.2.1. Government
[707]
17.2.2. Household
[708] [709]
17.2.3. Firms
[710]
17.3.  The Ramsey problem
[711]
17.4.  Zero capital tax
[712]
17.5.  Primal approach to the Ramsey problem
[713] [714]
17.5.1. Constructing the Ramsey plan
[715] [716] [717]
17.5.2. Revisiting a zero capital tax
17.6.  Taxation of initial capital
[718]
17.7.  Nonzero capital tax due to incomplete taxation
[719] [720]
17.8.  A stochastic economy
17.8.1. Government
[721]
17.8.2. Household
[722] [723]
17.8.3. Firms
17.9.  Indeterminacy of debt and capital taxes
[724] [725]
17.10.  A Ramsey plan under uncertainty
[726]
17.11.  Ex ante capital tax varies around zero
[727] [728] [729]
17.11.1. Sketch of the proof of Proposition 2
[730] [731]
17.12.  A stochastic economy without capital
[732] [733] [734] [735]
17.12.1. Computational strategy
[736]
17.12.2. More specialized computations
[737] [738]
17.12.3. Time consistency
[739]
17.13.  Examples of labor tax smoothing
17.13.1. Example 1: $g_t=g$ for all $t\geq 0$
17.13.2. Example 2: $g_t=0$ for $t\not = T$ and nonstochastic $g_T>0$
[740]
17.13.3. Example 3: $g_t=0$ for $t\not = T$, and $g_T$ is stochastic

Underfull \vbox (badness 10000) has occurred while \output is active
\vbox(505.0364+1.94444)x345.7008, glue set 4.96266
.\glue(\topskip) 3.05556
.\hbox(6.94444+1.94444)x345.7008, glue set - 0.04958
..\hbox(0.0+0.0)x20.0
..\tenrm T
..\tenrm h
..\tenrm i
..\tenrm s
..etc.
.\penalty 10000
.\glue(\baselineskip) 5.11111
.\hbox(6.94444+1.94444)x345.7008, glue set 0.38779
..\tenrm p
..\tenrm l
..\tenrm a
..\tenrm n
..\tenrm n
..etc.
.etc.

 [741]
17.13.4. Time $0$ is special with $b_0\not = 0$
[742] [743]
17.14.  Lessons for optimal debt policy
[744] [745] [746] [747]
17.15.  Taxation without state-contingent debt
[748] [749] [750] [751] [752]
17.15.1. Future values of $\delimiter "4266308 g_t\delimiter "5267309 $ become 
deterministic
[753]
17.15.2. Stochastic $\delimiter "4266308 g_t\delimiter "5267309 $ but special p
references
[754] [755]
17.15.3. Example 3 revisited: $g_t=0$ for $t\not = T$, and $g_T$ is stochastic
[756] [757] [758] [759]
17.16.  Nominal debt as state-contingent real debt
[760]
17.16.1. Setup and main ideas
[761] [762] [763] [764]
17.16.2. Optimal taxation in a nonmonetary economy
[765] [766]
17.16.3. Optimal policy in a corresponding monetary economy
[767] [768] [769]
17.16.4. Sticky prices
17.17.  Relation to fiscal theories of the price level
[770]
17.17.1. Budget constraint versus asset pricing equation
[771]
17.17.2. Disappearance of quantity theory?
[772]
17.17.3. Price level indeterminacy under interest rate peg
[773]
17.17.4. Monetary or fiscal theory of the price level?
[774]
17.18.  Zero tax on human capital
[775] [776] [777] [778] [779] [780]
17.19.  Should all taxes be zero?
[781]
17.20.  Concluding remarks
[782] [783]
Exercises
[784] [785] [786] [787] [788] [789] [790] [791] [792] [793] [794] [795]
[796] [797]) [798] [799]
Underfull \hbox (badness 10000) in paragraph at lines 423--423


\hbox(0.0+0.0)x345.7008
.\glue(\rightskip) 0.0

[799] [800] (./black13.tex (./grafinp3.tex (./psfig2.tex)
\captionsize=\dimen82
) (./psfig.tex)
18. Self-Insurance
18.1.  Introduction
[801]
18.2.  The consumer's environment
[802]
18.3.  Nonstochastic endowment

Underfull \vbox (badness 2197) has occurred while \output is active
\vbox(505.0364+3.0)x345.7008, glue set 2.80237
.\glue(\topskip) 3.05556
.\hbox(6.94444+1.94444)x345.7008, glue set - 1.0
..\hbox(0.0+0.0)x20.0
..\tenrm \ (ligature ``)
..\tenrm S
..\tenrm e
..\tenrm l
..etc.
.\penalty 10000
.\glue(\baselineskip) 5.11111
.\hbox(6.94444+1.94444)x345.7008, glue set 0.22038
..\tenrm i
..\tenrm n
..\discretionary
...\tenrm -
..\tenrm c
..\tenrm o
..etc.
.etc.

 [803]
[804]
18.3.1. An ad hoc borrowing constraint: nonnegative assets
[805] [806] [807] [808]
18.3.2. Example: periodic endowment process
18.4.  Quadratic preferences
[809] [810]
18.5.  Stochastic endowment process: i.i.d. case
[811] [812]
18.6.  Stochastic endowment process: general case
[813]
18.7.  Intuition
[814] [815]
18.8.  Endogenous labor supply
[816] [817] [818]
18.9.  Concluding remarks
[819] [820]
appendix A.  Supermartingale convergence theorem
Exercises
[821] [822] [823] [824]) [825] [826] (./black14.tex (./grafinp3.tex
(./psfig2.tex)
\captionsize=\dimen83
) (./psfig.tex)
19. Incomplete Markets Models
19.1.  Introduction
[827] [828]
19.2.  A savings problem
[829]
19.2.1. Wealth-employment distributions
[830]
19.2.2. Reinterpretation of the distribution $\lambda $
[831]
19.2.3. Example 1: a pure credit model
[832]
19.2.4. Equilibrium computation
19.2.5. Example 2: a model with capital
[833] [834]
19.2.6. Computation of equilibrium
[835]
Overfull \hbox (10.8276pt too wide) in paragraph at lines 470--474
[]\tenrm Later, we shall dis-play some com-puted ex-am-ples of equi-lib-ria of 
both Huggett's

\hbox(6.94444+1.94444)x345.7008, glue set - 1.0
.\hbox(0.0+0.0)x20.0
.\tenrm L
.\tenrm a
.\tenrm t
.\tenrm e
.etc.

19.3.  Unification and further analysis
19.4.  The nonstochastic savings problem when $\beta (1+r) < 1$
[836] [837] [838]
19.5.  Borrowing limits: natural and ad hoc
[839]
19.5.1. A candidate for a single state variable
[840]
19.5.2. Supermartingale convergence again
[841]
19.6.  Average assets as a function of $r$
Figure 19.6.1. {rao1f}
(rao1.eps
)
[842]
Underfull \vbox (badness 2050) has occurred while \output is active
\vbox(505.0364+1.94444)x345.7008, glue set 2.7379
.\penalty 100
.\vbox(374.08482+0.0)x345.7008
..\rule(0.0+0.0)x0.0
..\glue 12.0 plus 4.0 minus 4.0
..\hbox(214.14038+0.0)x345.7008, glue set 64.4454fil
...\glue 0.0 plus 1.0fil minus 1.0fil
...\hbox(214.14038+0.0)x216.81 []
...\glue 0.0 plus 1.0fil minus 1.0fil
..\write5{% > Figure 19.6.1:}
..\write5{\FIGLitem{Figure} {19.6.1. }}
..etc.
.\penalty 10000
.\penalty -200
.\glue 12.0 plus 4.0 minus 4.0
.etc.

 [843]
Figure 19.6.2. {rao3f}
(rao3.eps
)
[844]
Figure 19.6.3. {bewley00w1f}
(bewley00w1.eps
)
[845]
19.7.  Computed examples
Figure 19.7.1. {newfig5f}
(newfig5.eps
)
Figure 19.7.2. {newfig4f}
(newfig4.eps
)

Underfull \vbox (badness 5533) has occurred while \output is active
\vbox(505.0364+3.0)x345.7008, glue set 3.81212
.\glue 0.0
.\glue(\topskip) 0.0
.\vbox(16.66666+0.0)x345.7008
..\hbox(8.33333+2.33333)x345.7008, glue set 185.85863fil
...\secfont 1
...\secfont 9
...\secfont .
...\secfont 7
...\secfont .
...etc.
..\glue 6.0 plus 2.0 minus 2.0
.\penalty 10000
.\write9{\string \TOCitem {1}}
.etc.

 [846]
[847]
19.8.  Several Bewley models
19.8.1. Optimal stationary allocation
[848]
19.9.  A model with capital and private IOUs
[849]
19.10.  Private IOUs only
19.10.1. Limitation of what credit can achieve
[850]
19.10.2. Proximity of $r$ to $\rho $
19.10.3. Inside money or free banking interpretation
[851]
19.10.4. Bewley's basic model of fiat money
[852]
19.11.  A model of seigniorage
[853]
Figure 19.11.1. {rao4f}
(rao4.eps
)
[854]
19.12.  Exchange rate indeterminacy
[855] [856]
19.13.  Interest on currency
[857]
19.13.1. Explicit interest
[858]
19.13.2. The upper bound on ${M \over p}$
[859]
19.13.3. A very special case
[860]
19.13.4. Implicit interest through deflation
[861]
19.14.  Precautionary savings
[862] [863]
19.15.  Models with fluctuating aggregate variables
[864]
19.15.1. Aiyagari's model again
[865]
19.15.2. Krusell and Smith's extension
[866] [867] [868]
19.16.  Concluding remarks
Exercises
[869] [870] [871] [872] [873] [874] [875] [876]) [877] [878]
Underfull \hbox (badness 10000) in paragraph at lines 433--433


\hbox(0.0+0.0)x345.7008
.\glue(\rightskip) 0.0

[879] [880] (./blkstack_2.tex (./grafinp3.tex (./psfig2.tex)
\captionsize=\dimen84
) (./psfig.tex)
20. Dynamic Stackelberg Problems
20.1.  History dependence
[881]
20.2.  The Stackelberg problem
20.3.  Duopoly example
[882]
20.3.1. Stackelberg leader and follower
20.3.2. The firms' problems
[883] [884] [885]
20.4.  Recursive representation of Stackelberg problem
[886] [887] [888]
20.4.1. Duopoly example
20.5.  Recursive formulation
[889]
20.5.1. Two Bellman equations
20.5.2. Subproblem 1
[890]
20.5.3. Subproblem 2
20.5.4. Representation of Stackelberg plan
[891] [892]
20.5.5. Backwards-looking representation of $x_t$
20.5.6. Time inconsistency
20.5.7. Recursive representation again
[893] [894]
20.5.8. Time inconsistency again
20.6.  Large firm facing a competitive fringe
[895] [896]
20.6.1. The competitive fringe
[897]
20.6.2. The large firm's problem
[898] [899]
20.6.3. Numerical example
20.7.  Concluding remarks
[900]
Exercises
[901] [902] [903] [904]) [905] [906] (./opt_tax_recur_3.tex (./grafinp3.tex
(./psfig2.tex)
\captionsize=\dimen85
) (./psfig.tex)
21. Two Ramsey Problems Revisited
21.1.  Introduction
21.2.  The Lucas-Stokey economy
[907] [908]
21.2.1. Finding the state is an art
21.2.2. Intertemporal delegation
[909]
21.2.3. Bellman equations
21.2.4. Subproblem 1: Continuation Ramsey problem
[910]
21.2.5. Subproblem 2: Ramsey problem
[911]
21.2.6. First-order conditions
[912]
21.2.7. State variable degeneracy
21.2.8. Symptom and source of time inconsistency
[913]
21.3.  Recursive formulation of AMSS model
[914]
21.3.1. Recasting state variables
[915]
21.3.2. Measurability constraints
21.3.3. Bellman equations
[916]
21.3.4. Martingale replaces state-variable degeneracy
[917] [918]
21.4.  Concluding remarks
) [919] [920] (./black15.tex (./grafinp3.tex (./psfig2.tex)
\captionsize=\dimen86
) (./psfig.tex)
22. Incentives and Insurance
22.1.  Insurance with recursive contracts
[921]
22.2.  Basic environment
[922]
Figure 22.2.1. {triKoch}
(Seb_1_a_v2.eps
)
(Seb_1_b_v2.eps
)
Figure 22.2.2. {triCKf}
(Seb_2_v2.eps
)
[923] [924]
22.3.  One-sided no commitment
[925]
22.3.1. Self-enforcing contract
22.3.2. Recursive formulation and solution
[926] [927] [928]
Figure 22.3.1. {commit1af}
[929]
(commit1a.eps
)
[930] [931]
Figure 22.3.2. {commit2af}
(commit2a.eps
)
[932]
22.3.3. Recursive computation of contract
[933]
Overfull \hbox (10.00345pt too wide) in paragraph at lines 735--740
\tenrm These suc-ces-sive it-er-a-tions yield the op-ti-mal con-tract char-ac-t
er-ized by $\tensy f[][]\teni ; [][]\tensy g[]$\tenrm .

\hbox(8.41226+2.5)x345.7008, glue set - 1.0
.\tenrm T
.\tenrm h
.\tenrm e
.\tenrm s
.\tenrm e
.etc.

[934] [935]
22.3.4. Profits
[936] [937] [938]
22.3.5. $P(v)$ is strictly concave and continuously differentiable
[939]
22.3.6. Many households
[940] [941] [942]
22.3.7. An example
Figure 22.3.3. {tworr1f}
(tworr1update.ps
)
Figure 22.3.4. {tworr2f}
(tworr2update.ps
)
22.4.  A Lagrangian method
[943] [944] [945] [946]
22.5.  Insurance with asymmetric information
[947] [948]
Figure 22.5.1. {thomworrf}
(thomworr.eps
)
[949]
22.5.1. Efficiency implies $b_{s-1} \geq b_s, w_{s-1} \leq w_s$
[950]
22.5.2. Local upward and downward constraints are enough
22.5.3. Concavity of $P$
[951] [952]
22.5.4. Local downward constraints always bind
22.5.5. Coinsurance
[953]
22.5.6. $P'(v)$ is a martingale
[954]
22.5.7. Comparison to model with commitment problem
22.5.8. Spreading continuation values

Underfull \vbox (badness 10000) has occurred while \output is active
\vbox(505.0364+1.94444)x345.7008, glue set 16.7031
.\glue(\topskip) 0.0
.\vbox(16.66666+0.0)x345.7008
..\hbox(8.33333+2.33333)x345.7008, glue set 58.7709fil
...\subsecfont 2
...\subsecfont 2
...\subsecfont .
...\subsecfont 5
...\subsecfont .
...etc.
..\glue 6.0 plus 2.0 minus 2.0
.\write9{\string \TOCitem {2}}
.\write9{{\TOCsID{22.5.7.}Comparison to model with commitment problem.}}
.\write9{{\folio }\@comment }
.etc.

 [955]
22.5.9. Martingale convergence and poverty

Underfull \vbox (badness 10000) has occurred while \output is active
\vbox(505.0364+2.5)x345.7008, glue set 4.68488
.\glue(\topskip) 3.05556
.\hbox(6.94444+1.94444)x345.7008, glue set - 0.54953
..\hbox(0.0+0.0)x20.0
..\tenrm T
..\tenrm h
..\tenrm e
..\glue 3.33333 plus 1.66666 minus 1.11111
..etc.
.\penalty 10000
.\glue(\baselineskip) 5.11111
.\hbox(6.94444+1.94444)x345.7008, glue set - 0.8454
..\tenrm w
..\kern-0.27779
..\tenrm o
..\tenrm u
..\tenrm l
..etc.
.etc.

 [956]
[957]
22.5.10. Extension to general equilibrium
22.5.11. Comparison with self-insurance
[958]
22.6.  Insurance with unobservable storage
[959]
22.6.1. Feasibility
[960]
22.6.2. Incentive compatibility
[961]
22.6.3. Efficient allocation
[962] [963]
22.6.4. The two-period case
[964] [965] [966] [967] [968]
22.6.5. Role of the planner
[969]
22.6.6. Decentralization in a closed economy
[970] [971]
22.7.  Concluding remarks
appendix A.  Historical development
22.A.1. Spear and Srivastava
[972]
22.A.2. Timing
[973]
22.A.3. Use of lotteries
[974] [975]
Exercises
[976] [977] [978] [979] [980] [981]) (./blk15closed.tex (./grafinp3.tex
(./psfig2.tex)
\captionsize=\dimen87
) (./psfig.tex) [982]
23. Equilibrium without Commitment 
23.1.  Two-sided lack of commitment
[983]
23.2.  A closed system
[984] [985]
23.3.  Recursive formulation
[986] [987]
23.4.  Equilibrium consumption
23.4.1. Consumption dynamics
[988] [989]
23.4.2. Consumption intervals cannot contain each other
[990] [991]
23.4.3. Endowments are contained in the consumption intervals
[992]
23.4.4. All consumption intervals are nondegenerate (unless autarky is the only
 sustainable allocation)
[993]
23.5.  Pareto frontier and ex ante division of the gains
[994]
23.6.  Consumption distribution
23.6.1. Asymptotic distribution
[995] [996]
23.6.2. Temporary imperfect risk sharing
[997]
23.6.3. Permanent imperfect risk sharing
23.7.  Alternative recursive formulation
[998] [999]
23.8.  Pareto frontier revisited
[1000]
23.8.1. Values are continuous in implicit consumption
[1001] [1002]
23.8.2. Differentiability of the Pareto frontier
[1003]
23.9.  Continuation values {{\accent 18 a} la} Kocherlakota
23.9.1. Asymptotic distribution is nondegenerate for imperfect risk sharing (ex
cept when $S=2$)
[1004] [1005] [1006] [1007]
23.9.2. Continuation values do not always respond to binding participation cons
traints
[1008]
Underfull \hbox (badness 1371) in paragraph at lines 1558--1558
\secfont 23.10.  A two-state example: amnesia overwhelms 

\hbox(8.33333+2.33333)x345.7008, glue set 2.39534
.\secfont 2
.\secfont 3
.\secfont .
.\secfont 1
.\secfont 0
.etc.

23.10.  A two-state example: amnesia overwhelms memory
[1009] [1010]
Figure 23.10.1. {koch2s1bf}
(koch2s1b.ps
)
Figure 23.10.2. {koch2s1af}
(koch2s1a.ps
)
[1011]
23.10.1. Pareto frontier
[1012]
Figure 23.10.3. {rm1f}
[1013]
(rm1.eps
)
[1014]
23.10.2. Interpretation
23.11.  A three-state example
[1015] [1016] [1017]
Figure 23.11.1. {icpairs}
(ic_high.ps
)
(ic_low.ps
)
Figure 23.11.2. {ic_bothf}
(ic_both.ps
)
[1018]
23.11.1. Perturbation of parameter values
[1019]
Figure 23.11.3. {contvpi}
(c07.ps
)
(v07.ps
)
[1020] [1021]
23.11.2. Pareto frontier
[1022]
Figure 23.11.4. {pareto3f}
(pareto3.ps
)
[1023]
23.12.  Empirical motivation
23.13.  Generalization
[1024]
23.14.  Decentralization
[1025]
23.15.  Endogenous borrowing constraints
[1026] [1027] [1028]
23.16.  Concluding remarks
[1029]
Exercises
[1030] [1031] [1032] [1033] [1034]) [1035] [1036] (./blinsur.tex
(./grafinp3.tex (./psfig2.tex)
\captionsize=\dimen88
) (./psfig.tex)
24. Optimal Unemployment Insurance
24.1.  History-dependent unemployment insurance
[1037]
24.2.  A one-spell model
[1038]
24.2.1. The autarky problem
[1039]
24.2.2. Unemployment insurance with full information
[1040]
24.2.3. The incentive problem

Underfull \vbox (badness 10000) has occurred while \output is active
\vbox(505.0364+1.94444)x345.7008, glue set 11.86975
.\glue(\topskip) 3.05556
.\hbox(6.94444+1.94444)x345.7008, glue set 0.40796
..\tenrm r
..\tenrm e
..\discretionary
...\tenrm -
..\tenrm p
..\kern0.27779
..etc.
.\glue(\baselineskip) 4.55556
.\hbox(7.5+2.5)x345.7008, glue set - 0.34729
..\tenrm d
..\tenrm u
..\tenrm r
..\discretionary
...\tenrm -
..\tenrm i
..etc.
.\glue(\baselineskip) 4.0
.etc.

 [1041]
24.2.4. Unemployment insurance with asymmetric information

Overfull \vbox (0.98999pt too high) has occurred while \output is active
\vbox(505.0364+3.0)x345.7008, glue set - 1.0
.\glue(\topskip) 0.0
.\vbox(16.66666+0.0)x345.7008
..\hbox(8.33333+2.33333)x345.7008, glue set 20.21748fil
...\subsecfont 2
...\subsecfont 4
...\subsecfont .
...\subsecfont 2
...\subsecfont .
...etc.
..\glue 6.0 plus 2.0 minus 2.0
.\write9{\string \TOCitem {2}}
.\write9{{\TOCsID{24.2.4.}Unemployment insurance with asymmetric information.}}

.\write9{{\folio }\@comment }
.etc.


[1042]
Figure 24.2.1. {hugoreplnewf}
(hugoreplnew_gray.eps
)
24.2.5. Computed example
[1043] [1044]
24.2.6. Computational details
[1045]
24.2.7. Interpretations
24.2.8. Extension: an on-the-job tax
[1046]
24.2.9. Extension: intermittent unemployment spells
24.3.  A multiple-spell model with lifetime contracts
[1047]
24.3.1. The setup
Missing character: There is no ^^ad in font cmr7!
[1048]
24.3.2. A recursive lifetime contract
[1049]
Underfull \vbox (badness 10000) has occurred while \output is active
\vbox(505.0364+3.38332)x345.7008, glue set 5.11322
.\glue(\topskip) 2.5
.\hbox(7.5+2.5)x345.7008, glue set 0.5903
..\tenrm C
..\tenrm o
..\tenrm n
..\tenrm s
..\tenrm t
..etc.
.\penalty 20000
.\glue(\baselineskip) 4.55556
.\hbox(6.94444+1.94444)x345.7008, glue set 0.61513
..\tenrm c
..\tenrm o
..\tenrm m
..\tenrm p
..\tenrm a
..etc.
.etc.

 [1050]
[1051]
24.3.3. Compensation dynamics when unemployed
24.3.4. Compensation dynamics while employed
[1052] [1053]
24.3.5. Summary
[1054]
24.4.  Concluding remarks
Exercises
[1055] [1056] [1057] [1058]) [1059] [1060] (./black16_2010.tex (./grafinp3.tex
(./psfig2.tex)
\captionsize=\dimen89
) (./psfig.tex)
25. Credible Government Policies: I
25.1.  Introduction
[1061]
25.1.1. Diverse sources of history dependence
[1062]
25.2.  One-period economy
[1063]
25.2.1. Competitive equilibrium
25.2.2. Ramsey problem
[1064]
25.2.3. Nash equilibrium
[1065]
25.3.  Nash and Ramsey outcomes
25.3.1. Taxation example
[1066]
Figure 25.3.1. {cred1f}
(cred1.ps
)

Overfull \hbox (10.92947pt too wide) in paragraph at lines 475--479
\tenrm The Ram-sey tax rate and al-lo-ca-tion are de-ter-mined by the so-lu-tio
n to $[][] \teni W[]\tenrm (\teni ^^\\tenrm )$.

\hbox(7.5+2.5)x345.7008, glue set - 1.0
.\tenrm T
.\tenrm h
.\tenrm e
.\glue 3.33333 plus 1.66666 minus 1.11111
.\tenrm R
.etc.

[1067] [1068]
25.3.2. Black-box example with discrete choice sets
Table 25.3.1. {junk1}
Figure 25.3.2. {game1f}
(game1.ps
)
Figure 25.3.3. {game2f}
[1069]
(game2.ps
)
25.4.  Reputational mechanisms: general idea
[1070] [1071]
25.4.1. Dynamic programming squared
[1072]
Figure 25.4.1. {cred2f}
(cred2.ps
)
[1073] [1074]
25.4.2. Etymology of `dynamic programming squared'
[1075]
25.5.  The infinitely repeated economy
25.5.1. A strategy profile implies a history and a value
[1076]
25.5.2. Recursive formulation
[1077] [1078]
25.6.  Subgame perfect equilibrium (SPE)
[1079] [1080]
25.7.  Examples of SPE
25.7.1. Infinite repetition of one-period Nash equilibrium
[1081]
25.7.2. Supporting better outcomes with trigger strategies
[1082]
25.7.3. When reversion to Nash is not bad enough
[1083]
25.8.  Values of all SPEs
[1084]
25.8.1. Basic idea of dynamic programming squared
[1085]
25.9.  APS machinery
[1086] [1087]
25.10.  Self-enforcing SPE
[1088] [1089]
25.10.1. The quest for something worse than repetition of Nash outcome
25.11.  Recursive strategies
[1090] [1091] [1092]
25.12.  Examples of SPE with recursive strategies
[1093]
25.12.1. Infinite repetition of Nash outcome
25.12.2. Infinite repetition of a better-than-Nash outcome
[1094]
25.12.3. Something worse: a stick-and-carrot strategy
[1095] [1096]
25.13.  Best and worst SPE values
[1097]
25.13.1. When $v_1$ is outside the candidate set
[1098]
25.14.  Examples: alternative ways to achieve the worst
25.14.1. Attaining the worst, method 1
[1099]
25.14.2. Attaining the worst, method 2
25.14.3. Attaining the worst, method 3
[1100]
25.14.4. Numerical example
Figure 25.14.1. {cred3f}
(cred3.ps
)
[1101]
Figure 25.14.2. {cred5f}
(cred5.ps
)
[1102]
25.15.  Interpretations
[1103]
25.16.  Extensions
Exercises
[1104] [1105] [1106] [1107]) [1108] (./black_chang.tex
26. Credible Government Policies: II
26.1.  History-dependent government policies
[1109]
26.2.  The setting
26.2.1. Household problem
[1110]
26.2.2. Government
[1111]
26.2.3. Analysis of household's problem
[1112]
26.2.4. $\theta _{t+1}$ as intermediating variable
26.3.  Recursive approach to Ramsey problem
[1113]
26.3.1. Subproblem 1: Continuation Ramsey problem
26.3.2. Subproblem 2: Ramsey problem
[1114]
26.3.3. Finding set $\Omega $
[1115]
26.3.4. An example

Underfull \vbox (badness 10000) has occurred while \output is active
\vbox(505.0364+2.33333)x345.7008, glue set 5.2031
.\glue(\topskip) 0.0
.\vbox(16.66666+0.0)x345.7008
..\hbox(8.33333+2.33333)x345.7008, glue set 234.48651fil
...\subsecfont 2
...\subsecfont 6
...\subsecfont .
...\subsecfont 3
...\subsecfont .
...etc.
..\glue 6.0 plus 2.0 minus 2.0
.\write9{\string \TOCitem {2}}
.\write9{{\TOCsID{26.3.3.}Finding set $\Omega $.}}
.\write9{{\folio }\@comment }
.etc.

 [1116]
Figure 26.3.1. {chang_gr1}
(J_theta.eps
)
Figure 26.3.2. {chang_gr2}
(theta_prime.eps
)
Figure 26.3.3. {chang_gr3}
(policy_functions.eps
)
Figure 26.3.4. {chang_gr4}
(time_series.eps
)
[1117]
26.4.  Chang's formulation
[1118]
26.4.1. Competitive equilibrium
26.5.  Inventory of key objects
[1119] [1120] [1121]
26.6.  Analysis
[1122] [1123]
26.6.1. Notation
[1124]
26.6.2. An operator
[1125]
Figure 26.6.1. {chang_graph1_exo}
(Chang1_B.eps
)
Figure 26.6.2. {chang_graph2_exo}
(Chang2_B.eps
)
[1126] [1127]
26.7.  Sustainable plans

Overfull \hbox (20.79181pt too wide) in paragraph at lines 705--706
\tensc Definition: \tenrm Let $^^B = \tensy f\tenrm ([]\teni ; []; []\tenrm ) \
tensy 2 \teni CE \tenrm : [] ([]\teni ; []; []\tenrm )\tensy g\teni :$ 

\hbox(9.78334+2.5)x345.7008, glue set - 1.0
.\tensc D
.\tensc e
.\tensc f
.\tensc i
.\tensc n
.etc.

[1128] [1129] [1130]
26.8.  Concluding remarks
) [1131] [1132] (./blktrade.tex (./grafinp3.tex (./psfig2.tex)
\captionsize=\dimen90
) (./psfig.tex)
27. Two Topics in International Trade
27.1.  Two dynamic contracting problems
[1133]
27.2.  Moral hazard and difficult enforcement
[1134] [1135]
27.2.1. Autarky
27.2.2. Investment with full insurance
[1136] [1137] [1138]
27.2.3. Limited commitment and unobserved investment
[1139] [1140] [1141]
27.2.4. Optimal capital outflows under distress
[1142] [1143]
27.3.  Gradualism in trade policy
[1144]
27.3.1. Closed-economy model
[1145] [1146]
27.3.2. A Ricardian model of two countries under free trade
27.3.3. Trade with a tariff
[1147] [1148]
27.3.4. Welfare and Nash tariff
[1149]
27.3.5. Trade concessions
[1150]
27.3.6. A repeated tariff game
27.3.7. Time-invariant transfers
[1151] [1152] [1153]
27.3.8. Gradualism: time-varying trade policies
[1154]
27.3.9. Baseline policies
[1155] [1156] [1157] [1158]
Figure 27.3.1. {bondpark1f}
(bondpark1.eps
)
[1159] [1160]
27.3.10. Multiplicity of payoffs and continuation values
[1161] [1162] [1163] [1164]
27.4.  Another model
[1165]
27.5.  Concluding remarks
[1166]
appendix A.  Computations for Atkeson's model
[1167] [1168]
Exercises
) [1169] [1170]
Underfull \hbox (badness 10000) in paragraph at lines 457--457


\hbox(0.0+0.0)x345.7008
.\glue(\rightskip) 0.0

[1171] [1172] (./black17_tom_4.tex (./grafinp3.tex (./psfig2.tex)
\captionsize=\dimen91
) (./psfig.tex)
28. Fiscal-Monetary Theories of Inflation
28.1.  The issues
[1173]
28.2.  A shopping time monetary economy
[1174]
28.2.1. Household
[1175] [1176]
28.2.2. Government
[1177]
28.2.3. Equilibrium
28.2.4. ``Short run'' versus ``long run''
[1178]
28.2.5. Stationary equilibrium
28.2.6. Initial date (time 0)
[1179]
28.2.7. Equilibrium determination
Figure 28.2.1. {mon1af}
(mon1a_new.ps
)
Figure 28.2.2. {mon1bf}
(mon1b_new.ps
)

Underfull \vbox (badness 10000) has occurred while \output is active
\vbox(505.0364+0.0)x345.7008, glue set 5.09258
.\glue 0.0
.\glue(\topskip) 0.0
.\vbox(18.0+0.0)x345.7008
..\hbox(9.0+3.0)x345.7008, glue set 202.48933fil
...\subsecfont 2
...\subsecfont 8
...\subsecfont .
...\subsecfont 2
...\subsecfont .
...etc.
..\glue 6.0 plus 2.0 minus 2.0
.\write9{\string \TOCitem {2}}
.\write9{{\TOCsID{28.2.6.}Initial date (time 0).}}
.etc.

 [1180]
[1181]
28.3.  Ten monetary doctrines
28.3.1. Quantity theory of money
28.3.2. Sustained deficits cause inflation
[1182]
28.3.3. Fiscal prerequisites of zero inflation policy
28.3.4. Unpleasant monetarist arithmetic
[1183]
28.3.5. An ``open market'' operation delivering neutrality
[1184]
28.3.6. The ``optimum quantity'' of money
28.3.7. Legal restrictions to boost demand for currency

Underfull \vbox (badness 1755) has occurred while \output is active
\vbox(505.0364+2.5)x345.7008, glue set 2.60155
.\glue(\topskip) 0.0
.\vbox(16.66666+0.0)x345.7008
..\hbox(8.33333+2.33333)x345.7008, glue set 127.03676fil
...\subsecfont 2
...\subsecfont 8
...\subsecfont .
...\subsecfont 3
...\subsecfont .
...etc.
..\glue 6.0 plus 2.0 minus 2.0
.\write9{\string \TOCitem {2}}
.\write9{{\TOCsID{28.3.6.}The ``optimum quantity'' of money.}}
.\write9{{\folio }\@comment }
.etc.

 [1185]
28.3.8. One big open market operation
[1186] [1187]
28.3.9. A fiscal theory of the price level
[1188] [1189]
28.3.10. Exchange rate indeterminacy
[1190]
28.3.11. Determinacy of the exchange rate retrieved
[1191] [1192]
28.4.  An example of exchange rate (in)determinacy
[1193]
28.4.1. Trading before sunspot realization
[1194]
28.4.2. Fiscal theory of the price level
[1195]
28.4.3. A game theoretic view of the fiscal theory of the price level
[1196] [1197]
28.5.  Optimal inflation tax: the Friedman rule
28.5.1. Economic environment
[1198]
28.5.2. Household's optimization problem
[1199]
28.5.3. Ramsey plan
[1200] [1201]
28.6.  Time consistency of monetary policy
[1202] [1203]
28.6.1. Model with monopolistically competitive wage setting
[1204] [1205]
28.6.2. Perfect foresight equilibrium

Overfull \vbox (0.59341pt too high) has occurred while \output is active
\vbox(505.0364+3.0)x345.7008, glue set - 1.0
.\glue(\topskip) 3.05556
.\hbox(6.94444+0.0)x345.7008, glue set 252.06172fil
..\tenrm h
..\tenrm o
..\tenrm u
..\tenrm s
..\tenrm e
..etc.
.\penalty 10000
.\glue(\abovedisplayskip) 12.0 plus 3.0 minus 9.0
.\glue(\lineskip) 1.0
.etc.


[1206] [1207]
28.6.3. Ramsey plan
[1208] [1209]
28.6.4. Credibility of the Friedman rule

Underfull \vbox (badness 5490) has occurred while \output is active
\vbox(505.0364+4.0)x345.7008, glue set 3.8046
.\glue(\topskip) 3.05556
.\hbox(6.94444+2.33333)x345.7008, glue set 0.3547
..\teni x
..\hbox(4.51111+0.83334)x13.64589, shifted 1.49998
...\seveni t
...\sevenrm +
...\sevenrm 1
..\glue(\thickmuskip) 2.77771 plus 2.77771
..\tenrm =
..\penalty 500
..etc.
.\glue(\baselineskip) 4.72223
.\hbox(6.94444+1.94444)x345.7008, glue set 0.09557
..\tenrm t
..\tenrm h
..\tenrm e
..\glue 3.33333 plus 1.66666 minus 1.11111
..\tenrm ^^L (ligature fi)
..etc.
.\glue(\baselineskip) 4.55556
.etc.

 [1210]
[1211] [1212]
28.7.  Concluding remarks
[1213]
Exercises
[1214] [1215] [1216] [1217] [1218] [1219]) (./black18.tex (./grafinp3.tex
(./psfig2.tex)
\captionsize=\dimen92
) (./psfig.tex) [1220]
29. Credit and Currency
29.1.  Credit and currency with long-lived agents
[1221]
29.2.  Preferences and endowments
29.3.  Complete markets
[1222]
29.3.1. A Pareto problem
29.3.2. A complete markets equilibrium
[1223] [1224]
29.3.3. Ricardian proposition
[1225]
29.3.4. Loan market interpretation
[1226]
29.4.  A monetary economy
[1227]
Figure 29.4.1. {dmt62f}
(dmt62.ps
)
[1228]
29.5.  Townsend's ``turnpike'' interpretation
[1229]
Figure 29.5.1. {turn10f}
(turn10.eps
)
[1230] [1231]
29.6.  The Friedman rule
[1232]
29.6.1. Welfare
[1233]
Figure 29.6.1. {townsendf}
(townsend.ps
)
29.7.  Inflationary finance
[1234]
Underfull \vbox (badness 3058) has occurred while \output is active
\vbox(505.0364+2.5)x345.7008, glue set 3.12904
.\glue(\splittopskip) 0.0
.\vbox(386.46642+0.0)x345.7008
..\rule(0.0+0.0)x0.0
..\glue 12.0 plus 4.0 minus 4.0
..\hbox(280.57753+0.0)x345.7008, glue set 64.4454fil
...\glue 0.0 plus 1.0fil minus 1.0fil
...\hbox(280.57753+0.0)x216.81 []
...\glue 0.0 plus 1.0fil minus 1.0fil
..\write5{% > Figure 29.6.1:}
..\write5{\FIGLitem{Figure} {29.6.1. }}
..etc.
.\penalty 10000
.\penalty -200
.\glue 12.0 plus 4.0 minus 4.0
.etc.

 [1235]
[1236]
Figure 29.7.1. {town7f}
(town7.ps
)
Figure 29.7.2. {town5f}
(town5.ps
)
[1237]
Figure 29.7.3. {town6f}
(town6.ps
)
[1238]
29.8.  Legal restrictions
Figure 29.8.1. {bryant4f}
(bryant4.eps
)
Figure 29.8.2. {bryant5f}
(bryant5.eps
)
[1239]
Underfull \vbox (badness 10000) has occurred while \output is active
\vbox(505.0364+4.0)x345.7008, glue set 4.99922
.\glue(\splittopskip) 0.0
.\vbox(385.45497+0.0)x345.7008
..\hbox(235.01053+0.0)x345.7008, glue set 73.47916fil
...\glue 0.0 plus 1.0fil minus 1.0fil
...\hbox(235.01053+0.0)x198.7425 []
...\glue 0.0 plus 1.0fil minus 1.0fil
..\write5{% > Figure 29.8.1:}
..\write5{\FIGLitem{Figure} {29.8.1. }}
..\write5{bryant4f\noexpand \@endFIGLitem }
..\write5{{\folio }}
..etc.
.\penalty 10000
.\penalty -200
.\glue 12.0 plus 4.0 minus 4.0
.etc.

 [1240]
[1241] [1242]
29.9.  A two-money model

Overfull \hbox (20.40283pt too wide) in paragraph at lines 1018--1031
\tenrm lo-ca-tion $\tensy f\teni c[]; c[]; G[]; G[]\tensy g[]$\tenrm , non-neg-
a-tive money hold-ings $\tensy f\teni m[]; m[]; m[]; m[]\tensy g[]$\tenrm ,

\hbox(7.5+3.31544)x345.7008, glue set - 1.0
.\tenrm l
.\discretionary replacing 2
..\tenrm o
..\tenrm -
.\tenrm o
.\kern0.27779
.\tenrm c
.etc.

[1243] [1244] [1245]
29.10.  A model of commodity money
Figure 29.10.1. {silverf}
(silver.eps
)

Overfull \hbox (22.96227pt too wide) in paragraph at lines 1178--1178
 \teni ^^Lu[]\tenrm (\teni c[]\tenrm )$. For as long as it is fea-si-ble, the e
ven agent sets $\teni u[]\tenrm (\teni c[]\tenrm )\teni =u[]\tenrm (\teni c[]\t
enrm ) = 

\hbox(7.51782+3.31544)x345.7008, glue set - 1.0
.\glue(\leftskip) 28.45273
.\teni ^^L
.\kern0.52777
.\teni u
.\hbox(3.8889+0.0)x2.80556, shifted -3.62892
..\sevensy 0
.etc.

[1246]
29.10.1. Equilibrium
[1247] [1248]
29.10.2. Virtue of fiat money
[1249]
29.11.  Concluding remarks
Exercises
[1250] [1251] [1252] [1253] [1254] [1255]) (./black19_2.tex (./grafinp3.tex
(./psfig2.tex)
\captionsize=\dimen93
) (./psfig.tex) [1256]
30. Equilibrium Search, Matching, and Lotteries
30.1.  Introduction
[1257]
30.2.  An island model
[1258]
30.2.1. A single market (island)
[1259] [1260]
30.2.2. The aggregate economy
[1261]
Figure 30.2.1. {fig191f}
(fig191.eps
)
30.3.  A matching model
[1262] [1263]
30.3.1. A steady state
[1264] [1265]
30.3.2. Welfare analysis
[1266] [1267]
30.3.3. Size of the match surplus
[1268] [1269]
30.4.  Matching model with heterogeneous jobs
30.4.1. A steady state
[1270]
30.4.2. Welfare analysis
[1271] [1272] [1273]
30.4.3. The allocating role of wages I: separate markets
[1274] [1275]
30.4.4. The allocating role of wages II: wage announcements
[1276]
30.5.  Employment lotteries
[1277] [1278]
Figure 30.5.1. {fig192f}
(fig192.eps
)
[1279]
30.6.  Lotteries for households versus lotteries for firms
[1280]
30.6.1. An aggregate production function
[1281]
30.6.2. Time-varying capacity utilization
[1282] [1283]
30.7.  Employment effects of layoff taxes
[1284]
30.7.1. A model of employment lotteries with layoff taxes
[1285] [1286] [1287] [1288]
Figure 30.7.1. {hsm_pic1f}
(hsm_pic1.ps
)
[1289]
Figure 30.7.2. {hsm_pic3f}
(hsm_pic3.ps
)
Figure 30.7.3. {hsm_pic4f}
(hsm_pic4.ps
)
Figure 30.7.4. {lay_p5f}
(lay_p5.ps
)
Figure 30.7.5. {hsm_pic5f}
(hsm_pic5.ps
)
[1290] [1291]
30.7.2. An island model with layoff taxes
[1292] [1293]
30.7.3. A matching model with layoff taxes
[1294] [1295] [1296] [1297]
30.8.  Kiyotaki-Wright search model of money
[1298] [1299]
30.8.1. Monetary equilibria
[1300]
Figure 30.8.1. {fig194f}
[1301]
(fig194.eps
)
[1302]
30.8.2. Welfare
[1303] [1304]
30.9.  Concluding remarks

Underfull \vbox (badness 10000) has occurred while \output is active
\vbox(505.0364+1.94444)x345.7008, glue set 27.42531
.\glue(\topskip) 2.5
.\hbox(7.5+2.5)x345.7008, glue set 0.54955
..\tenrm T
..\tenrm h
..\kern-0.27779
..\tenrm u
..\tenrm s
..etc.
.\glue(\baselineskip) 4.0
.\hbox(7.5+2.5)x345.7008, glue set 0.43999
..\teni x
..\glue(\thickmuskip) 2.77771 plus 2.77771
..\teni <
..\penalty 500
..\glue(\thickmuskip) 2.77771 plus 2.77771
..etc.
.\glue(\baselineskip) 4.0
.etc.

 [1305]
[1306]
Exercises
[1307] [1308]
Figure 30.1. {pic11f}
(pic11.ps
)
[1309] [1310] [1311] [1312] [1313] [1314] [1315] [1316] [1317])
(./Matching_new_Tom_7.tex (./grafinp3.tex (./psfig2.tex)
\captionsize=\dimen94
) (./psfig.tex)
[1318]
31. Matching Models Mechanics
31.1.  Introduction
[1319] [1320]
31.2.  Fundamental surplus
31.2.1. Sensitivity of unemployment to market tightness
[1321]
Overfull \hbox (14.4216pt too wide) detected at line 195
[]  \tenrm =  \tensy ^^@[]  \tenrm =  \tensy ^^@ [] []  \tenrm =  \tensy ^^@\te
nrm (1 \tensy ^^@ \teni ^^K\tenrm ) [] \teni ;

\hbox(14.5001+9.50012)x345.7008, glue set - 1.0
.\hbox(13.70952+6.85951)x14.99606
..\hbox(13.70952+6.85951)x14.99606
...\hbox(0.0+0.0)x1.2, shifted -2.5
...\vbox(13.70952+6.85951)x12.59607 []
...\hbox(0.0+0.0)x1.2, shifted -2.5
.\glue 2.77771 plus 2.77771
.\glue(\thickmuskip) 2.77771 plus 2.77771
.\tenrm =
.\glue 2.77771 plus 2.77771
.etc.

31.2.2. Nash bargaining model
[1322]
31.2.3. Shimer's critique
[1323]
31.2.4. Relationship to worker's outside value
[1324] [1325]
31.2.5. Relationship to match surplus
[1326]
31.2.6. Fixed matching cost
[1327]
31.2.7. Sticky wages
[1328] [1329]
31.2.8. Alternating-offer wage bargaining
[1330] [1331] [1332]
31.3.  Business cycle simulations
31.3.1. Hall's sticky wage

Underfull \vbox (badness 7740) has occurred while \output is active
\vbox(505.0364+3.0)x345.7008, glue set 4.26285
.\glue(\topskip) 0.0
.\vbox(16.66666+0.0)x345.7008
..\hbox(8.33333+2.33333)x345.7008, glue set 151.51085fil
...\secfont 3
...\secfont 1
...\secfont .
...\secfont 3
...\secfont .
...etc.
..\glue 6.0 plus 2.0 minus 2.0
.\penalty 10000
.\write9{\string \TOCitem {1}}
.\write9{{\TOCsID{31.3.}Business cycle simulations.}}
.etc.

 [1333]
Figure 31.3.1. {figMLIHall1}
(MLI_Hall1.eps
)
Figure 31.3.2. {figMLIHall2}
(MLI_Hall2.eps
)
[1334]
31.3.2. Hagedorn and Manovskii's high value of leisure

Underfull \vbox (badness 10000) has occurred while \output is active
\vbox(505.0364+1.94444)x345.7008, glue set 6.42023
.\glue(\splittopskip) 0.0
.\vbox(203.26859+0.0)x345.7008
..\hbox(151.3797+0.0)x345.7008, glue set 64.4454fil
...\glue 0.0 plus 1.0fil minus 1.0fil
...\hbox(151.3797+0.0)x216.81 []
...\glue 0.0 plus 1.0fil minus 1.0fil
..\write5{% > Figure 31.3.2:}
..\write5{\FIGLitem{Figure} {31.3.2. }}
..\write5{figMLIHall2\noexpand \@endFIGLitem }
..\write5{{\folio }}
..etc.
.\penalty 10000
.\penalty -200
.\glue 12.0 plus 4.0 minus 4.0
.etc.

 [1335]
Figure 31.3.3. {figMLINash1}
(MLI_Nash1.eps
)
Figure 31.3.4. {figMLINash2}
(MLI_Nash2.eps
)
[1336]
31.3.3. Hall and Milgrom's alternating-offer bargaining
[1337]
Figure 31.3.5. {figMLIHallMilgrom}
(MLI_HallMilgrom.eps
)
[1338]
31.3.4. Matching and bargaining protocols in a DSGE model
[1339]
Figure 31.3.6. {figMLI_CLT}
(AllComparisonFigure.eps
)
[1340]
31.4.  Overlapping generations in one matching function

Underfull \vbox (badness 10000) has occurred while \output is active
\vbox(505.0364+3.0)x345.7008, glue set 4.49617
.\glue(\topskip) 2.5
.\hbox(7.5+2.5)x345.7008, glue set 0.35927
..\hbox(0.0+0.0)x14.22636
..\tenrm C
..\tenrm h
..\tenrm r
..\tenrm i
..etc.
.\penalty 10000
.\glue(\baselineskip) 4.55556
.\hbox(6.94444+1.94444)x345.7008, glue set 0.15797
..\tenrm t
..\tenrm h
..\tenrm e
..\glue 3.33333 plus 1.66666 minus 1.11111
..\tenrm v
..etc.
.etc.

 [1341]
31.4.1. A steady state
[1342] [1343] [1344]
31.4.2. Reservation productivity is increasing in age
[1345]
31.4.3. Wage rate is decreasing in age
[1346] [1347]
31.4.4. Welfare analysis
[1348] [1349]
31.4.5. The optimal policy
[1350] [1351] [1352]
31.5.  Directed search: age-specific matching functions
31.5.1. Value functions and market tightness
[1353]
Overfull \hbox (13.75462pt too wide) in paragraph at lines 2041--2050
\tenrm By sub-sti-tut-ing this ex-pres-sion into ($31\teni :\tenrm 5\teni :\ten
rm 5$), mul-ti-ply-ing through by [],

\hbox(7.5+2.5)x345.7008, glue set - 1.0
.\tenrm B
.\tenrm y
.\glue 3.33333 plus 1.66666 minus 1.11111
.\tenrm s
.\tenrm u
.etc.

[1354] [1355]
31.5.2. Job finding rate is decreasing in age
[1356] [1357]
Figure 31.5.1. {DS_job_finding_prob}
(DS_job_finding_prob.eps
)
31.5.3. Block recursive equilibrium computation
[1358] [1359]
31.5.4. Welfare analysis
[1360] [1361]
31.6.  Concluding remarks
[1362]) [1363] [1364] (./macrolaborII.tex (./grafinp3.tex (./psfig2.tex)
\captionsize=\dimen95
)
(./psfig.tex)
32. Foundations of Aggregate Labor Supply
32.1.  Introduction
[1365] [1366]
32.2.  Equivalent allocations
[1367]
32.2.1. Choosing career length
[1368] [1369]
32.2.2. Employment lotteries
[1370] [1371]
32.3.  Taxation and social security
[1372]
32.3.1. Taxation
[1373]
32.3.2. Social security
[1374] [1375] [1376]
Figure 32.3.1. {figLSsocsec}
(LS_socsec.ps
)
[1377]
32.4.  Earnings-experience profiles
[1378]
32.4.1. Time averaging
[1379]
32.4.2. Employment lotteries
[1380]
32.4.3. Prescott tax and transfer scheme
32.4.4. No discounting now matters
[1381]
32.5.  Intensive margin
[1382]
32.5.1. Employment lotteries
[1383]
32.5.2. Time averaging
[1384]
32.5.3. Prescott taxation
[1385] [1386]
32.6.  Ben-Porath human capital
[1387]
32.6.1. Time averaging
[1388]
32.6.2. Employment lotteries
[1389] [1390]
32.6.3. Prescott taxation
[1391] [1392]
32.7.  Earnings shocks
[1393] [1394] [1395]
32.7.1. Interpretation of wealth and substitution effects
[1396]
32.8.  Time averaging in a Bewley model
[1397]
32.8.1. Incomplete markets
[1398]
32.8.2. Complete markets
[1399]
Overfull \hbox (11.8739pt too wide) in paragraph at lines 1771--1777
\tenrm In a steady state, con-sump-tion is con-stant over time. Ap-pli-ca-tion 
of the Benveniste-

\hbox(6.94444+1.94444)x345.7008, glue set - 1.0
.\tenrm I
.\tenrm n
.\glue 3.33333 plus 1.66666 minus 1.11111
.\tenrm a
.\glue 3.33333 plus 1.66666 minus 1.11111
.etc.

32.8.3. Simulations of Prescott taxation
[1400]
Figure 32.8.1. {figLSCKreswage}
(LS_CK_reswage.ps
)
[1401]
Figure 32.8.2. {figLSCKprod}
(LS_CK_prod.ps
)
[1402]
Figure 32.8.3. {figLSCKassets}
(LS_CK_assets.ps
)

Underfull \vbox (badness 1590) has occurred while \output is active
\vbox(505.0364+1.94444)x345.7008, glue set 2.5182
.\glue 0.0
.\glue(\topskip) 3.05556
.\hbox(6.94444+1.94444)x345.7008, glue set 0.78616
..\tenrm a
..\tenrm r
..\tenrm e
..\glue 3.33333 plus 1.66666 minus 1.11111
..\tenrm a
..etc.
.\glue(\baselineskip) 5.11111
.\hbox(6.94444+1.94444)x345.7008, glue set 0.81369
..\tenrm i
..\tenrm n
..\tenrm c
..\tenrm o
..\tenrm m
..etc.
.etc.

 [1403]
Figure 32.8.4. {figLSCKwage}
(LS_CK_wage.ps
)
Figure 32.8.5. {figLSCKfrac}
(LS_CK_frac.ps
)
[1404]
Overfull \vbox (8.8999pt too high) has occurred while \output is active
\vbox(505.0364+1.55556)x345.7008, glue set - 1.0
.\glue(\splittopskip) 0.0
.\vbox(232.61638+0.0)x345.7008
..\rule(0.0+0.0)x0.0
..\glue 12.0 plus 4.0 minus 4.0
..\hbox(168.17194+0.0)x345.7008, glue set 64.4454fil
...\glue 0.0 plus 1.0fil minus 1.0fil
...\hbox(168.17194+0.0)x216.81 []
...\glue 0.0 plus 1.0fil minus 1.0fil
..\write5{% > Figure 32.8.4:}
..\write5{\FIGLitem{Figure} {32.8.4. }}
..etc.
.\penalty 10000
.\penalty -200
.\glue 12.0 plus 4.0 minus 4.0
.etc.


[1405] [1406]
32.9.  L and S equivalence meets C and K's agents
32.9.1. Guess the value function
[1407] [1408]
32.9.2. Verify optimality of time averaging
[1409] [1410] [1411]
32.9.3. Equivalence of time averaging and lotteries
[1412] [1413]
32.10.  Two pillars for high elasticity at extensive margin
32.11.  No pillars at intensive margin
[1414] [1415]
32.11.1. Special example of high elasticity at intensive margin
Figure 32.11.1. {figRWLSdisutility}
(RW_LS_disutility.eps
)
[1416]
32.11.2. Fragility of the special example
[1417] [1418]
32.12.  Concluding remarks
[1419]) [1420]
Underfull \hbox (badness 10000) in paragraph at lines 472--472


\hbox(0.0+0.0)x345.7008
.\glue(\rightskip) 0.0

[1421] [1422] (./black20.tex (./gayedef.txt)
Appendix A. Functional Analysis
A.1.  Metric spaces and operators
[1423] [1424] [1425] [1426] [1427] [1428]
A.2.  Discounted dynamic programming
[1429] [1430]
A.2.1. Policy improvement algorithm
[1431] [1432]
A.2.2. A search problem
[1433]) (./black21_a.tex (./grafinp3.tex (./psfig2.tex)
\captionsize=\dimen96
) (./psfig.tex) [1434]
Appendix B. Linear Projections and Hidden Markov Models
B.1.  Linear projections
[1435] [1436]
B.2.  Hidden Markov models
[1437]
B.3.  Nonlinear filtering
[1438]) [1439] [1440]
 References
(./blackref.tex [1441] [1442] [1443] [1444] [1445] [1446] [1447] [1448]
[1449] [1450] [1451] [1452] [1453] [1454] [1455] [1456] [1457] [1458] [1459]
[1460] [1461] [1462] [1463] [1464] [1465] [1466] [1467] [1468] [1469]
Missing character: There is no ^^96 in font cmr8!
 [1470]
[1471] [1472] [1473]) [1474]
 Subject Index
(./rmt5.ind [1475] [1476] [1477] [1478] [1479] [1480]) [1481]
 Author Index
(./authblk.ind [1482] [1483] [1484] [1485] [1486]) [1487]
 Matlab Index
(./matlblk.ind) [1488]
>
> There were 1 references to undefined tags.
> See the file RMT5.log for the citations, or try running
> TeXsis again to resolve forward references.
>
 )
(\end occurred inside a group at level 1)
Output written on RMT5.dvi (1527 pages, 5074460 bytes).
