This is TeX, Version 3.141592653 (TeX Live 2022/dev/Debian) (preloaded format=tex 2024.7.9)  10 OCT 2025 11:47
**RMT5
(./RMT5.tex (/usr/share/texlive/texmf-dist/tex/texsis/base/texsis.tex
(/usr/share/texlive/texmf-dist/tex/texsis/base/TXSfonts.tex TeXsis fonts:
\ttglue=\skip18

\mib, \scr,
\scrfam=\fam8
 9pt, 10pt, 11pt, 12pt, 14pt, 16pt, 20pt, 24pt.)
(/usr/share/texlive/texmf-dist/tex/texsis/base/TXSmacs.tex TeXsis main macros.
\footnum=\count26
\@quoteflag=\count27
\AThelp=\toks12
\beginhelp=\toks13

Checkpoint/Restart.
\checkpointout=\write0
) (/usr/share/texlive/texmf-dist/tex/texsis/base/TXSinit.tex Initialization.
\txsfile=\read0
\@utohelp=\toks14
) (/usr/share/texlive/texmf-dist/tex/texsis/base/TXShead.tex
Running Headlines.
\headlineoffset=\dimen16
\footlineoffset=\dimen17
\BindingMargin=\dimen18
) (/usr/share/texlive/texmf-dist/tex/texsis/base/TXSeqns.tex
Equation numbering.
\eqnum=\count28
) (/usr/share/texlive/texmf-dist/tex/texsis/base/TXSprns.tex Auto-sizing of Par
entheses.)
(/usr/share/texlive/texmf-dist/tex/texsis/base/TXSrefs.tex
References and Citations.
\refnum=\count29
\@firstrefnum=\count30
\@lastrefnum=\count31
\@BadRefs=\count32
\refindent=\dimen19
\CiteType=\count33
\reflistout=\write1
\reflistin=\read1

BIBTeX support for TeXsis (macros and patches) v 0.92)
(/usr/share/texlive/texmf-dist/tex/texsis/base/TXSsects.tex
Section and Chapter divisions.
\chapternum=\count34
\sectionnum=\count35
\subsectionnum=\count36
\subsubsectionnum=\count37
\sectionskip=\skip19
\subsectionskip=\skip20
\sectionminspace=\dimen20
)
(/usr/share/texlive/texmf-dist/tex/texsis/base/TXStags.tex Labels and tags.
\auxfilein=\read2
\auxfileout=\write2
\@BadTags=\count38
)
(/usr/share/texlive/texmf-dist/tex/texsis/base/TXStitle.tex Title Page macros.)
(/usr/share/texlive/texmf-dist/tex/texsis/base/TXSenvmt.tex Environments.
\EnvTopskip=\skip21
\EnvBottomskip=\skip22
\EnvLeftskip=\skip23
\EnvRightskip=\skip24
\EnvDelt@skip=\skip25
\@envDepth=\count39
\enumDepth=\count40
\enumcnt=\count41
\@desbox=\box16
\@desline=\box17
\@glodeswd=\dimen21
\@deslines=\count42
\theoremnum=\count43
\lemmanum=\count44
\corollarynum=\count45
\definitionnum=\count46
)
(/usr/share/texlive/texmf-dist/tex/texsis/base/TXSfmts.tex Layout macros.)
(/usr/share/texlive/texmf-dist/tex/texsis/base/TXSfigs.tex Figures and Tables.
\tabnum=\count47
\fignum=\count48
\fgout=\write3
\tbout=\write4
\figlist=\write5
\tablelist=\write6
\caplist=\write7
\@capbox=\box18
\@caplines=\count49
) (/usr/share/texlive/texmf-dist/tex/texsis/base/TXSruled.tex
\ncols=\count50
\nrows=\count51
\curcol=\count52
\thinsize=\dimen22
\thicksize=\dimen23
\tablewidth=\dimen24
\parasize=\dimen25
)
(/usr/share/texlive/texmf-dist/tex/texsis/base/TXSdcol.tex
- Double column format.
\colwidth=\dimen26
\pagewidth=\dimen27
\pageheight=\dimen28
\rulewd=\dimen29
\colmaxdepth=\dimen30
\@bigColHeight=\dimen31
\@saveSplitmax=\dimen32
\@saveVsize=\dimen33
\s@veskip=\skip26
\doublecolskip=\skip27
\@leftpluscenter=\dimen34
\partialpage=\box19
\botins=\insert252
\NWins=\insert251
\SWins=\insert250
\NEins=\insert249
\SEins=\insert248
\LFins=\insert247
\RFins=\insert246
\@balncErrormsg=\toks15
)
(/usr/share/texlive/texmf-dist/tex/texsis/base/TXSletr.tex Letter Format,
\headlineoffset=\dimen35
\longindent=\dimen36
\hdimphone=\dimen37
\vdimphone=\dimen38
\hdimdate=\dimen39
\vdimdate=\dimen40
\bigletterskip=\skip28
\theaddress=\box20

with envelopes.
\EnvlWidth=\dimen41
\EnvlHeight=\dimen42
\EnvlVoffset=\dimen43
\Envout=\write8
\fullHsize=\dimen44
\fullVsize=\dimen45
\lblHsize=\dimen46
\lblVsize=\dimen47
\lblVoffset=\dimen48
\lblHoffset=\dimen49
) (/usr/share/texlive/texmf-dist/tex/texsis/base/TXSmemo.tex
Memo Format.
\memoindent=\dimen50
\firstheadoffset=\dimen51
) (/usr/share/texlive/texmf-dist/tex/texsis/base/TXSconts.tex
Table of Contents.
\TOCout=\write9
\TOCmargin=\skip29
) (/usr/share/texlive/texmf-dist/tex/texsis/base/TXSsymb.tex
Extended math/physics symbols,
\vbigd@men=\dimen52
)
> Trying to read in TXSsite.tex...
(/usr/share/texlive/texmf-dist/tex/texsis/base/TXSsite.tex
Site dependent info.... Generic version.)
TeXsis version 2.18 (21 April 2001) loaded.
) (./index.tex - indexing macros
\beginhelp=\toks16
\indexout=\write10
) (./robustin.tex
\scfam=\fam9
 8pt,) (./grafinp3.tex
(./psfig2.tex
\@unused=\write11

psfig/tex 1.8
\fboxrule=\dimen53
\fboxsep=\dimen54
\ps@tempdima=\dimen55
\ps@tempboxa=\box21
\ps@stream=\read3
\p@intvaluex=\dimen56
\p@intvaluey=\dimen57
)
\captionsize=\dimen58
) (./RMT5.aux) (/usr/share/texlive/texmf-dist/tex/generic/epsf/epsf.tex
This is `epsf.tex' v2.7.4 <14 February 2011>
\epsffilein=\read4
\epsfframemargin=\dimen59
\epsfframethickness=\dimen60
\epsfrsize=\dimen61
\epsftmp=\dimen62
\epsftsize=\dimen63
\epsfxsize=\dimen64
\epsfysize=\dimen65
\pspoints=\dimen66
) (./TXSsectsblack2.tex Section and Chapter divisions.
\chapternum=\count53
\sectionnum=\count54
\subsectionnum=\count55
\subsubsectionnum=\count56
\sectionskip=\skip30
\subsectionskip=\skip31
\sectionminspace=\dimen67
)
\authorindexout=\write12
\matlabindexout=\write13
 (./blacktit3.tex
[1] [2]) [3] (./copywrit8.tex) [4]
 Contents
(./RMT5.toc [-5] [-6] [-7] [-8] [-9] [-10] [-11] [-12] [-13] [-14] [-15]
[-16] [-17] [-18]) [-19] [-20]
 Acknowledgments
(./blackack_2.tex) [-21] [-22]
 Preface to the fifth edition
(./blackin_3.tex [-23] [-24] [-25] [-26] [-27] [-28]
Underfull \vbox (badness 10000) has occurred while \output is active
\vbox(505.0364+1.94444)x345.7008, glue set 12.25864
.\glue(\topskip) 2.5
.\hbox(7.5+2.5)x345.7008, glue set 0.05862
..\tenrm m
..\tenrm o
..\kern0.27779
..\tenrm d
..\tenrm e
..etc.
.\glue(\baselineskip) 4.0
.\hbox(7.5+2.5)x345.7008, glue set - 0.15572
..\tenrm i
..\tenrm n
..\tenrm d
..\tenrm i
..\tenrm v
..etc.
.\glue(\baselineskip) 4.0
.etc.

 [-29]
[-30] [-31] [-32] [-33] [-34] [-35] [-36]) [-37] [-38]
Underfull \hbox (badness 10000) in paragraph at lines 334--334


\hbox(0.0+0.0)x345.7008
.\glue(\rightskip) 0.0

[1] [2] (./black0.tex
1. Overview
1.1.  Warning
1.2.  A common ancestor
[3]
1.3.  The savings problem
[4]
1.3.1. Linear quadratic permanent income theory
[5]
1.3.2. Precautionary saving

Underfull \vbox (badness 2318) has occurred while \output is active
\vbox(505.0364+3.0)x345.7008, glue set 2.85237
.\glue(\topskip) 3.05556
.\hbox(6.94444+1.94444)x345.7008, glue set 0.23927
..\tenrm h
..\kern-0.27779
..\tenrm y
..\discretionary
...\tenrm -
..\tenrm p
..etc.
.\penalty 10000
.\glue(\baselineskip) 5.11111
.\hbox(6.94444+1.94444)x345.7008, glue set 313.20071fil
..\tenrm e
..\tenrm x
..\discretionary
...\tenrm -
..\tenrm p
..\tenrm l
..etc.
.etc.

 [6]
1.3.3. Complete markets, insurance, and the distribution of wealth
[7]
1.3.4. Bewley models
[8]
Figure 1.3.1. {chap0pic1}
(Bewley_chap1.eps
)
[9]
1.3.5. History dependence in standard consumption models
[10]
1.3.6. Growth theory
[11]
1.3.7. Limiting results from dynamic optimal taxation
[12]
1.3.8. Asset pricing
[13]
1.3.9. Multiple assets
[14] [15]
1.4.  Recursive methods
[16] [17]
1.4.1. Dynamic programming and the Lucas Critique
[18]
1.4.2. Dynamic programming challenged
1.4.3. Imperialistic response of dynamic programming
[19] [20]
1.4.4. History dependence and ``dynamic programming squared''
[21] [22]
1.4.5. Dynamic principal-agent problems
[23] [24]
1.4.6. More applications
) [25] [26]
Underfull \hbox (badness 10000) in paragraph at lines 352--352


\hbox(0.0+0.0)x345.7008
.\glue(\rightskip) 0.0

[27] [28] (./black1a_2021.tex (./grafinp3.tex (./psfig2.tex)
\captionsize=\dimen68
) (./psfig.tex)
2. Time Series Tools
2.1.  Two workhorses
2.2.  Markov chains
[29] [30]
2.2.1. Stationary distributions
[31] [32]
2.2.2. Asymptotic stationarity
[33]
2.2.3. Another representation of the state
[34]
2.2.4. Forecasting the state
[35]
2.2.5. Forecasting functions of the state
[36]
2.2.6. Forecasting functions
2.2.7. Enough one-step-ahead forecasts determine $P$
2.2.8. Simulating a Markov chain
[37]
2.2.9. The likelihood function
[38]
2.3.  Continuous-state Markov chain
[39]
2.4.  Linear state space model
[40] [41] [42]
2.4.1. First and second unconditional moments
[43]
2.4.2. Covariance stationarity
[44]
2.4.3. Summary of moment formulas
[Nrows=8, Ncols=2]
2.4.4. Impulse response function
[45]
2.4.5. Prediction and discounting
[46]
2.4.6. Geometric sums of quadratic forms

Overfull \hbox (10.96657pt too wide) in paragraph at lines 937--939
[]\tenrm Next we men-tion two im-por-tant ap-pli-ca-tions of for-mu-las ($2\ten
i :\tenrm 4\teni :\tenrm 18$) and ($2\teni :\tenrm 4\teni :\tenrm 19$). 

\hbox(7.5+2.5)x345.7008, glue set - 1.0
.\hbox(0.0+0.0)x20.0
.\tenrm N
.\tenrm e
.\tenrm x
.\tenrm t
.etc.

2.4.6.1.  Asset pricing
[47]
2.4.6.2.  Evaluation of dynamic criterion
[48] [49] [50]
2.5.  Multivariate normal distributions and regressions
[51] [52]
2.5.1. Bayesian interpretation of conditional probability
[53]
2.5.2. Non normal distributions
[54]
2.5.3. Linear least squares projection
2.6.  Estimation of model parameters
[55] [56]
2.7.  The Kalman filter
[57] [58] [59]
2.7.0.1.  Gram-Schmidt process
[60]
2.7.0.2.  Hidden Markov model
2.8.  Estimation again
[61]
2.9.  Vector autoregressions and the Kalman filter
2.9.1. Conditioning on a semi-infinite past of $y$
[62]
2.9.2. A time-invariant VAR
2.9.3. Interpreting VARs
[63]
2.10.  The spectrum

Underfull \vbox (badness 10000) has occurred while \output is active
\vbox(505.0364+3.0)x345.7008, glue set 4.62743
.\glue(\topskip) 0.0
.\vbox(16.53331+0.0)x345.7008
..\hbox(8.19998+2.33333)x345.7008, glue set 215.68198fil
...\subsecfont 2
...\subsecfont .
...\subsecfont 9
...\subsecfont .
...\subsecfont 3
...etc.
..\glue 6.0 plus 2.0 minus 2.0
.\write9{\string \TOCitem {2}}
.\write9{{\TOCsID{2.9.3.}Interpreting VARs.}}
.\write9{{\folio }\@comment }
.etc.

 [64]
[65]
Figure 2.10.1. {r2red1d}
(r2red1d_gray.eps
)
[66]
Figure 2.10.2. {r2red1a}
(r2red1a_gray.eps
)
Figure 2.10.3. {r2red1b}
(r2red1b_gray.eps
)
Figure 2.10.4. {r2red1c}
(r2red1c_gray.eps
)
2.10.1. Examples
[67] [68]
2.11.  Concluding remarks
[69]
appendix A.  Differentiating matrix forms
appendix B.  Linear difference equations
2.B.1. A first-order difference equation
[70]
2.B.2. A second-order difference equation
[71]
appendix C.  Constant in the state vector
appendix D.  Linear least squares projection
[72] [73] [74]
appendix E.  Ergodicity
[75]
2.E.1. Right eigenvectors
[76] [77] [78] [79]
Underfull \vbox (badness 10000) has occurred while \output is active
\vbox(505.0364+1.94444)x345.7008, glue set 7.38048
.\glue(\topskip) 3.05556
.\hbox(6.94444+1.94444)x345.7008, glue set 151.11719fil
..\hbox(0.0+0.0)x20.0
..\tenrm F
..\kern-0.83334
..\tenrm o
..\tenrm u
..etc.
.\glue 6.0 plus 2.0 minus 2.0
.\glue(\parskip) 0.0 plus 1.0
.\glue(\lineskip) 1.0
.etc.

 [80]
2.E.2. Ergodic decomposition of stationary $(P, \pi )$
[81]
2.E.3. Continuous state Markov processes
[82]
Exercises
[83] [84] [85] [86] [87] [88] [89] [90] [91] [92] [93] [94] [95] [96] [97]
[98] [99]) (./black2.tex (./grafinp3.tex (./psfig2.tex)
\captionsize=\dimen69
) (./psfig.tex) [100]
3. Dynamic Programming
3.1.  Sequential problems
[101] [102]
3.1.1. Three computational methods
[103] [104]
3.1.2. Cobb-Douglas transition, logarithmic preferences
[105] [106]
3.1.3. Euler equations
3.1.4. A sample Euler equation
[107]
3.2.  Stochastic control problems
[108]
3.3.  Concluding remarks
[109]
Exercise
) (./black3.tex [110]
4. Practical Dynamic Programming 
4.1.  The curse of dimensionality
4.2.  Discrete-state dynamic programming
[111] [112]
4.3.  Bookkeeping
[113]
4.4.  Application of Howard improvement algorithm
[114] [115]
4.5.  Numerical implementation
4.5.1. Modified policy iteration
[116]
4.6.  Sample Bellman equations
4.6.1. Example 1: calculating expected utility
[117]
4.6.2. Example 2: risk-sensitive preferences
[118]
4.6.3. Example 3: costs of business cycles
[119]
4.7.  Polynomial approximations
[120]
4.7.1. Recommended computational strategy
[121]
4.7.2. Chebyshev polynomials
[122]
4.7.3. Algorithm: summary
[123]
4.7.4. Shape-preserving splines
4.8.  Concluding remarks
) (./black4.tex (./grafinp3.tex (./psfig2.tex)
\captionsize=\dimen70
) (./psfig.tex) [124]
5. Linear Quadratic Dynamic Programming
5.1.  Introduction
[125]
5.2.  The optimal linear regulator problem
[126]
5.2.1. Value function iteration
5.2.2. Discounted linear regulator problem
[127]
5.2.3. Policy improvement algorithm
[128]
5.3.  The stochastic optimal linear regulator problem
[129]
5.3.1. Certainty equivalence
[130]
5.3.2. Transforming states and controls to eliminate discounting
[131]
5.4.  Shadow prices in the linear regulator
[132]
5.5.  Stability and existence
[133] [134]
5.6.  A Lagrangian formulation
[135]
Overfull \hbox (12.21297pt too wide) in paragraph at lines 511--517
\tenrm wish for sta-bil-ity of the $\tensy f\teni x[]\tensy g$ \tenrm se-quence
 from our de-sire to max-i-mize $\tensy ^^@ [][][]\teni x[]Rx[] \tenrm +

\hbox(8.50005+3.50006)x345.7008, glue set - 1.0
.\tenrm w
.\tenrm i
.\tenrm s
.\tenrm h
.\glue 3.33333 plus 1.66666 minus 1.11111
.etc.

[136] [137] [138]
5.7.  More about a Lagrangian formulation
[139] [140]
5.8.  The Kalman filter again
[141] [142]
5.9.  Concluding remarks
Exercises
[143]
Overfull \hbox (10.09418pt too wide) in paragraph at lines 1075--1079
\tenbf b. \tenrm For the same pa-ram-e-ter val-ues as in ex-er-cise \headlinefo
nt 5.3 \tenrm and $(\teni ^^U; ^^Y; ^^N; ^^R\tenrm ) = (1\teni ; :\tenrm 05\ten
i ; :\tenrm 95\teni ; \tenrm 1)$,

\hbox(7.5+2.5)x345.7008, glue set - 1.0
.\tenbf b
.\tenbf .
.\glue 4.44444 plus 4.99997 minus 0.37036
.\tenrm F
.\kern-0.83334
.etc.

[144] [145] [146] [147]
Overfull \hbox (14.1455pt too wide) in paragraph at lines 1275--1283
\tenrm au-tore-gres-sion for $[\teni g[]; T[]; []\tenrm ]$ is re-lated to the p
a-ram-e-ters $[\teni ^^Z; ^^L; ^^V; q; w[]; w[]; c[]; c[]; c[]\tenrm ]$.

\hbox(9.31749+2.5)x345.7008, glue set - 1.0
.\tenrm a
.\tenrm u
.\discretionary
..\tenrm -
.\tenrm t
.\tenrm o
.etc.

[148] [149] [150] [151] [152] [153] [154] [155]) (./black1b_2024_v2.tex
(./grafinp3.tex (./psfig2.tex)
\captionsize=\dimen71
) (./psfig.tex) [156]
6. Time Series Applications
6.1.  Introduction
[157]
6.2.  Muth's reverse engineering exercise
Figure 6.2.1. {muth1f}
(muth1crop.eps
)
[158] [159] [160]
6.3.  Jovanovic's application
[161]
6.4.  LQ permanent income model
[162] [163] [164] [165]
6.4.1. Another representation
[166] [167] [168] [169]
6.4.2. Debt dynamics
6.4.3. Two classic examples
[170] [171]
6.4.4. Spreading consumption cross sections
[172]
6.5.  A "borrowers and lenders" closed economy
[173]
6.5.1. An inefficiency
[174]
6.6.  Consumption smoothing with complete markets
[175] [176] [177] [178] [179]
6.7.  The Lucas Critique
[180] [181] [182] [183]
6.8.  Another Response to the Lucas Critique
[184] [185]
6.8.1. Markov switching linear state space model
[186]
6.8.2. Time-invariant VAR
[187]
6.8.3. I.I.D. $s_t$ process
[188]
6.8.4. Example
[189]
6.8.5. An associated time-invariant autoregression
6.9.  Concluding remarks
[190] [191]
appendix A.  Invariant subspace approach
[192]
appendix B.  Infinite-order VAR generated by Markov switching
6.B.1. Conditioning on history $x^t$
[193] [194]
6.B.2. Covariance stationarity
Exercises
[195] [196] [197] [198] [199] [200] [201] [202] [203] [204] [205]) [206]
[207] (./black5_2010.tex (./grafinp3.tex (./psfig2.tex)
\captionsize=\dimen72
) (./psfig.tex)
7. Search and Unemployment
7.1.  Introduction
[208]
7.2.  McCall's model of intertemporal job search

Underfull \vbox (badness 3849) has occurred while \output is active
\vbox(505.0364+3.0)x345.7008, glue set 3.378
.\glue(\topskip) 0.0
.\vbox(16.66666+0.0)x345.7008
..\hbox(8.33333+2.33333)x345.7008, glue set 57.77565fil
...\secfont 7
...\secfont .
...\secfont 2
...\secfont .
...\glue(\xspaceskip) 5.0
...etc.
..\glue 6.0 plus 2.0 minus 2.0
.\penalty 10000
.\write9{\string \TOCitem {1}}
.\write9{{\TOCsID{7.2.}McCall's model of intertemporal job search.}}
.etc.

 [209]
Figure 7.2.1. {powdmt4f}
(mcall101a.eps
)
[210] [211]
7.2.1. Characterizing reservation wage
Figure 7.2.2. {powdmt5f}
(powdmt5.eps
)
[212]
Figure 7.2.3. {powdmt6f}
(powdmt6.eps
)
[213]
7.2.2. Effects of mean-preserving spreads
[214]
7.2.3. Allowing quits
[215]
7.2.4. Waiting times
[216]
7.2.5. Firing
[217] [218]
7.3.  A lake model
[219]
Figure 7.3.1. {lake1f}
(lake1.eps
)

Underfull \vbox (badness 1127) has occurred while \output is active
\vbox(505.0364+0.0)x345.7008, glue set 2.24432
.\glue(\topskip) 3.05556
.\hbox(6.94444+2.33333)x345.7008, glue set 77.73807fil
..\tenrm f
..\tenrm o
..\tenrm r
..\glue 3.33333 plus 1.66666 minus 1.11111
..\tenrm a
..etc.
.\penalty 10000
.\glue(\abovedisplayskip) 12.0 plus 3.0 minus 9.0
.\glue(\lineskip) 1.0
.etc.

 [220]
7.4.  Offer distribution unknown
[221] [222]
Figure 7.4.1. {two_densities}
(two_densities_rev.eps
)
Figure 7.4.2. {reservation_wage_pi}
(reservation_wage_pi_gray.eps
)
Figure 7.4.3. {cdf_graph_search}

Underfull \vbox (badness 10000) has occurred while \output is active
\vbox(505.0364+3.0)x345.7008, glue set 8.00311
.\glue 0.0
.\glue(\topskip) 2.5
.\hbox(7.5+2.5)x345.7008, glue set 0.32288
..\tenrm w
..\tenrm h
..\tenrm e
..\tenrm r
..\tenrm e
..etc.
.\penalty 10000
.\glue(\baselineskip) 4.55556
.etc.

 [223]
[224]
(Fig663_2.eps
)
[225]
7.5.  An equilibrium price distribution
[226]
7.5.1. A Burdett-Judd setup
7.5.2. Consumer problem with noisy search
[227] [228]
7.5.3. Firms
[229]
7.5.4. Equilibrium
[230]
7.5.5. Special cases

Underfull \vbox (badness 2564) has occurred while \output is active
\vbox(505.0364+2.5)x345.7008, glue set 2.95152
.\glue(\topskip) 2.5
.\hbox(7.5+3.94434)x345.7008, glue set 0.08754
..\tenrm T
..\tenrm h
..\tenrm e
..\tenrm r
..\tenrm e
..etc.
.\penalty 10050
.\glue(\baselineskip) 3.37708
.\hbox(6.67859+0.0)x345.7008, glue set 338.97858fil
..\tenrm i
..\tenrm s
..\penalty 10000
..\glue(\parfillskip) 0.0 plus 1.0fil
..\glue(\rightskip) 0.0
.etc.

 [231]
7.6.  Neal's model of career choice
[232]
Figure 7.6.1. {neal1newaf}
(neal1newa_gray.eps
)
Figure 7.6.2. {neal2newaf}
(neal2newa.eps
)
[233] [234] [235]
7.7.  Jovanovic's matching model
[236]
Underfull \vbox (badness 1412) has occurred while \output is active
\vbox(505.0364+3.0)x345.7008, glue set 2.4184
.\glue(\topskip) 2.5
.\hbox(7.5+2.5)x345.7008, glue set - 0.55234
..\tenrm p
..\tenrm r
..\tenrm o
..\tenrm b
..\tenrm a
..etc.
.\glue(\baselineskip) 4.55556
.\hbox(6.94444+1.94444)x345.7008, glue set - 0.35568
..\tenrm s
..\tenrm u
..\tenrm b
..\tenrm s
..\tenrm e
..etc.
.\glue(\baselineskip) 5.11111
.etc.

 [237]
Underfull \vbox (badness 10000) has occurred while \output is active
\vbox(505.0364+2.4821)x345.7008, glue set 13.75455
.\glue(\topskip) 3.05556
.\hbox(6.94444+1.94444)x345.7008, glue set 0.08875
..\tenrm a
..\tenrm c
..\tenrm c
..\tenrm e
..\tenrm p
..etc.
.\penalty 10000
.\glue(\baselineskip) 5.11111
.\hbox(6.94444+1.94444)x345.7008, glue set 114.0892fil
..\tenrm p
..\tenrm a
..\tenrm r
..\tenrm a
..\tenrm m
..etc.
.etc.

 [238]
7.7.1. Recursive formulation
[239]
Figure 7.7.1. {powdmt7f}
(powdmt7new.eps
)
[240] [241] [242] [243]
7.7.2. Endogenous statistics

Underfull \vbox (badness 1888) has occurred while \output is active
\vbox(505.0364+4.0)x345.7008, glue set 2.66336
.\glue(\topskip) 0.0
.\vbox(16.66666+0.0)x345.7008
..\hbox(8.33333+2.33333)x345.7008, glue set 200.42871fil
...\subsecfont 7
...\subsecfont .
...\subsecfont 7
...\subsecfont .
...\subsecfont 2
...etc.
..\glue 6.0 plus 2.0 minus 2.0
.\write9{\string \TOCitem {2}}
.\write9{{\TOCsID{7.7.2.}Endogenous statistics.}}
.\write9{{\folio }\@comment }
.etc.

 [244]
[245]
7.8.  A longer horizon version of Jovanovic's model
[246]
7.8.1. The Bellman equations
[247] [248]
7.9.  Concluding remarks
[249]
appendix A.  Nonnegative random variables
7.A.1. Nonnegative random variables
[250]
7.A.2. Mean-preserving spreads
Figure 7.A.1. {powdmt3f}
(powdmt3new.eps
)
[251] [252]
appendix B.  More numerical dynamic programming
7.B.1. Example 4: search
[253]
7.B.2. Example 5: a Jovanovic model
[254] [255]
Figure 7.B.1. {jov1newf}
(jov1new.ps
)
Figure 7.B.2. {jov2newf}
(jov2new.ps
)
Figure 7.B.3. {jov3newf}
(jov3new.ps
)
[256] [257]
Exercises
[258] [259] [260] [261] [262] [263] [264] [265] [266] [267] [268] [269]
[270] [271] [272] [273] [274] [275]
Overfull \hbox (34.33067pt too wide) detected at line 2974
[] [] 

\hbox(26.72246+21.72246)x345.7008
.\hbox(0.0+0.0)x0.0
.\glue 1.66663
.\vbox(26.72246+21.72246)x376.69823
..\hbox(13.61122+8.61124)x376.69823
...\glue(\tabskip) 0.0
...\hbox(13.61122+8.61124)x39.86942, glue set 1.59859fil []
...\glue(\tabskip) 0.0
...\hbox(13.61122+8.61124)x336.82881 []
...\glue(\tabskip) 0.0
..\glue(\lineskip) 4.0
..\hbox(13.61122+8.61124)x376.69823
...\glue(\tabskip) 0.0
...\hbox(13.61122+8.61124)x39.86942 []
...\glue(\tabskip) 0.0
...\hbox(13.61122+8.61124)x336.82881, glue set 96.05917fil []
...\glue(\tabskip) 0.0
.\glue 1.66663

[276] [277]) [278] [279]
Underfull \hbox (badness 10000) in paragraph at lines 371--371


\hbox(0.0+0.0)x345.7008
.\glue(\rightskip) 0.0

[281] [282] (./black6.tex (./grafinp3.tex (./psfig2.tex)
\captionsize=\dimen73
) (./psfig.tex)
8. Recursive Competitive Equilibrium: I 
8.1.  An equilibrium concept
[283]
8.2.  Example: adjustment costs
[284] [285] [286]
8.2.1. A planning problem
[287] [288]
8.3.  Recursive competitive equilibrium
[289]
8.4.  Equilibrium human capital accumulation
8.4.1. Planning problem
[290]
8.4.2. Decentralization
[291]
8.5.  Equilibrium occupational choice
[292] [293]
8.5.1. A planning problem
[294]
8.5.2. Decentralization
[295]
8.6.  Markov perfect equilibrium
[296]
8.6.1. Computation
[297]
8.7.  Linear Markov perfect equilibria
[298] [299] [300]
8.8.  Concluding remarks
appendix A.  A model of Judd
[301] [302]
Exercises
[303] [304] [305] [306] [307] [308]
Overfull \hbox (10.77509pt too wide) detected at line 1117
\teni v [] \tenrm = \teni ^^Y [] \tenrm + \teni ^^Lv [] \tenrm = []\tensy f\ten
i ^^Y [] \tenrm + \teni ^^Lv []\tensy g

\hbox(7.5+8.88885)x345.7008, glue set - 1.0
.\teni v
.\kern0.35878
.\glue(\thinmuskip) 1.66663
.\hbox(7.5+2.5)x24.95067
..\hbox(7.5+2.5)x3.8889
...\tenrm (
..\teni q
..\kern0.35878
..\teni ;
..\glue(\thinmuskip) 1.66663
..etc.
.\glue(\thickmuskip) 2.77771 plus 2.77771
.etc.


Overfull \hbox (10.77509pt too wide) detected at line 1136
\teni v [] \tenrm = \teni ^^Y [] \tenrm + \teni ^^Lv [] \tenrm = []\tensy f\ten
i ^^Y [] \tenrm + \teni ^^Lv []\tensy g

\hbox(7.5+8.88885)x345.7008, glue set - 1.0
.\teni v
.\kern0.35878
.\glue(\thinmuskip) 1.66663
.\hbox(7.5+2.5)x24.95067
..\hbox(7.5+2.5)x3.8889
...\tenrm (
..\teni q
..\kern0.35878
..\teni ;
..\glue(\thinmuskip) 1.66663
..etc.
.\glue(\thickmuskip) 2.77771 plus 2.77771
.etc.

[309]
Overfull \hbox (21.81647pt too wide) in paragraph at lines 1174--1176
[]\tenrm The firm wants a pro-duc-tion, sales, inventory-management plan $\tens
y f\teni Q[]; S[]; I[]\tensy g[]$

\hbox(7.5+2.5)x345.7008, glue set - 1.0
.\hbox(0.0+0.0)x20.0
.\tenrm T
.\tenrm h
.\tenrm e
.\glue 3.33333 plus 1.66666 minus 1.11111
.etc.

[310]) (./black7_2023_v2.tex (./grafinp3.tex (./psfig2.tex)
\captionsize=\dimen74
) (./psfig.tex)
(./psfig.tex) [311]
9. Equilibrium with Complete Markets
9.1.  Time $0$ versus sequential trading
9.2.  The physical setting: preferences and endowments
[312]
9.3.  Alternative trading arrangements
[313]
Figure 9.3.1. {tree1f}
(tree1.eps
)
[314]
9.3.1. History dependence
Figure 9.3.2. {tree2f}
(tree2.eps
)
[315]
9.4.  Pareto problem
[316]
9.4.1. Time invariance of Pareto weights
[317]
9.5.  Time $0$ trading: Arrow-Debreu securities
[318] [319]
9.5.1. Equilibrium price system
[320]
9.5.2. Optimality of equilibrium allocation
[321]
9.5.3. Equilibrium computation
[322]
9.6.  Simpler computational algorithm
9.6.1. Example 1: risk sharing
[323]
9.6.2. Implications for equilibrium computation
[324]
9.6.3. Example 2: no aggregate uncertainty
9.6.4. Example 3: periodic endowment processes
[325]
9.6.5. Example 4: only initial uncertainty
[326]
9.7.  Primer on asset pricing
[327]
9.7.1. Pricing redundant assets
9.7.2. Riskless consol
9.7.3. Riskless strips
9.7.4. Tail assets
[328]
9.7.5. One-period returns
[329]
9.8.  Sequential trading
[330]
9.8.1. Arrow securities
9.8.2. Financial wealth as endogenous state variable

Underfull \vbox (badness 10000) has occurred while \output is active
\vbox(505.0364+1.94444)x345.7008, glue set 13.33437
.\glue(\topskip) 0.0
.\vbox(16.66666+0.0)x345.7008
..\hbox(8.33333+2.33333)x345.7008, glue set 204.78519fil
...\secfont 9
...\secfont .
...\secfont 8
...\secfont .
...\glue(\xspaceskip) 5.0
...etc.
..\glue 6.0 plus 2.0 minus 2.0
.\penalty 10000
.\write9{\string \TOCitem {1}}
.\write9{{\TOCsID{9.8.}Sequential trading.}}
.etc.

 [331]
[332]
9.8.3. Reopening markets
9.8.4. Debt limits

Underfull \vbox (badness 10000) has occurred while \output is active
\vbox(505.0364+0.0)x345.7008, glue set 7.87645
.\glue(\topskip) 0.0
.\vbox(16.66666+0.0)x345.7008
..\hbox(8.33333+2.33333)x345.7008, glue set 214.0753fil
...\subsecfont 9
...\subsecfont .
...\subsecfont 8
...\subsecfont .
...\subsecfont 3
...etc.
..\glue 6.0 plus 2.0 minus 2.0
.\write9{\string \TOCitem {2}}
.\write9{{\TOCsID{9.8.3.}Reopening markets.}}
.\write9{{\folio }\@comment }
.etc.

 [333]
9.8.5. Sequential trading
[334] [335] [336]
9.8.6. Equivalence of allocations
[337] [338]
9.8.7. Computing an equilibrium with sequential trading
[339]
9.9.  Recursive competitive equilibrium
[340]
9.9.1. Endowments governed by a Markov process
9.9.2. Equilibrium outcomes inherit the Markov property
[341] [342]
Underfull \vbox (badness 2735) has occurred while \output is active
\vbox(505.0364+3.0)x345.7008, glue set 3.01534
.\glue(\topskip) 3.05556
.\hbox(6.94444+1.94444)x345.7008, glue set 0.26845
..\tenrm w
..\kern-0.27779
..\tenrm e
..\tenrm a
..\tenrm l
..etc.
.\glue(\baselineskip) 5.11111
.\hbox(6.94444+1.94444)x345.7008, glue set - 0.0979
..\tenrm w
..\kern-0.27779
..\tenrm e
..\tenrm a
..\tenrm l
..etc.
.\glue(\baselineskip) 5.11111
.etc.

 [343]
9.9.3. Example 5: Markov version of example 2

Underfull \vbox (badness 6188) has occurred while \output is active
\vbox(505.0364+1.94444)x345.7008, glue set 3.95659
.\glue(\topskip) 1.73915
.\hbox(8.26085+2.5)x345.7008, glue set - 0.69586
..\tenrm d
..\tenrm e
..\discretionary
...\tenrm -
..\tenrm t
..\tenrm e
..etc.
.\penalty 10000
.\glue(\baselineskip) 4.0
.\hbox(7.5+2.5)x345.7008, glue set 0.45084
..\tenrm t
..\tenrm i
..\tenrm a
..\tenrm l
..\glue 3.33333 plus 1.66666 minus 1.11111
..etc.
.etc.

 [344]
[345] [346] [347]
9.9.4. Example 6: Example 5 after initial redistribution
[348]
9.9.5. Recursive formulation of optimization and equilibrium
[349] [350]
9.10.  $j$-step pricing kernel
[351]
9.10.1. Arbitrage-free pricing
[352] [353]
9.11.  Term structure of yields on risk-free claims
[354]
9.11.1. Constructing yields
[355]
9.12.  Recursive version of Pareto problem

Underfull \vbox (badness 7888) has occurred while \output is active
\vbox(505.0364+2.5)x345.7008, glue set 4.28992
.\glue(\topskip) 2.5
.\hbox(7.5+2.5)x345.7008, glue set - 0.91623
..\tenrm W
..\kern-0.83334
..\tenrm e
..\glue 3.33333 plus 1.66666 minus 1.11111
..\tenrm u
..etc.
.\penalty 10000
.\glue(\baselineskip) 4.55556
.\hbox(6.94444+1.94444)x345.7008, glue set - 0.57039
..\tenrm w
..\tenrm h
..\tenrm e
..\tenrm n
..\glue 3.33333 plus 1.66666 minus 1.11111
..etc.
.etc.

 [356]
[357]
9.13.  Concluding remarks
[358] [359]
appendix Appendices: Departures from key assumptions
appendix A.  Heterogeneous discounting
[360]
appendix B.  Heterogeneous beliefs 
[361] [362]
9.B.1. Example: one type's beliefs are closer to the truth

Underfull \vbox (badness 10000) has occurred while \output is active
\vbox(505.0364+4.0)x345.7008, glue set 11.42921
.\glue(\topskip) 3.05556
.\hbox(6.94444+1.94444)x345.7008, glue set - 0.1869
..\tenrm U
..\tenrm n
..\tenrm d
..\tenrm e
..\tenrm r
..etc.
.\penalty 20000
.\glue(\baselineskip) 5.11111
.\hbox(6.94444+1.94444)x345.7008, glue set - 0.3204
..\tenrm n
..\tenrm e
..\tenrm r
..\glue 3.33333 plus 1.66666 minus 1.11111
..\tenrm e
..etc.
.etc.

 [363]
[364]
9.B.2. Recursive version of Pareto problem
[365] [366]
9.B.3. Equilibrium prices reflect beliefs
9.B.4. Mispricing?
9.B.5. Learning

Underfull \vbox (badness 1253) has occurred while \output is active
\vbox(505.0364+3.0)x345.7008, glue set 2.32584
.\glue(\topskip) 3.05556
.\hbox(6.94444+1.94444)x345.7008, glue set 0.22847
..\tenrm p
..\kern0.27779
..\tenrm e
..\tenrm r
..\tenrm s
..etc.
.\penalty 10000
.\glue(\baselineskip) 4.53773
.\hbox(7.51782+2.5)x345.7008, glue set 240.5467fil
..\tensy ^^@
..\teni P
..\kern1.3889
..\hbox(3.8889+0.0)x2.80556, shifted -3.62892
...\sevensy 0
..\tenrm (
..etc.
.etc.

 [367]
9.B.6. Role of complete markets
appendix C.  Incomplete markets
[368]
9.C.1. An example economy
[369] [370] [371]
9.C.2. Asset payout correlated with i.i.d. aggregate endowment
[372] [373] [374]
9.C.3. Beneficial market incompleteness
[375] [376] [377]
Exercises
[378] [379] [380] [381] [382] [383] [384] [385] [386] [387] [388] [389]
[390] [391] [392] [393] [394] [395] [396] [397] [398] [399] [400] [401]
[402] [403] [404] [405] [406] [407] [408] [409] [410]) (./black8_ver3_tom.tex
(./grafinp3.tex (./psfig2.tex)
\captionsize=\dimen75
) (./psfig.tex) (./psfig.tex) [411]
10. Overlapping Generations
[412]
10.1.  Preferences and endowments
[413]
10.2.  Dynamic (in)efficiency
10.3.  Time $0$ trading
[414]
10.3.1. Agents' optimization
[415]
10.3.2. Example equilibria
[416] [417]
10.3.3. Relation to welfare theorems
[418]
10.3.4. Nonstationary equilibria
[419]
Figure 10.3.1. {graph12f}
(graph12.eps
)
[420] [421]
10.3.5. Computing equilibria
Figure 10.3.2. {graph22f}
(graph22.eps
)
[422] [423]
10.4.  Sequential trading

Underfull \vbox (badness 10000) has occurred while \output is active
\vbox(505.0364+1.94444)x345.7008, glue set 9.14177
.\glue(\topskip) 2.5
.\hbox(7.5+2.5)x345.7008, glue set - 0.44937
..\tenrm c
..\tenrm o
..\tenrm m
..\tenrm p
..\tenrm u
..etc.
.\glue(\baselineskip) 3.35997
.\hbox(8.14003+2.5)x345.7008, glue set 0.74553
..\tenrm w
..\kern-0.27779
..\tenrm e
..\glue 3.33333 plus 1.66666 minus 1.11111
..\tenrm c
..etc.
.\glue(\baselineskip) 4.0
.etc.

 [424]
10.5.  Money
[425]
10.5.1. Computing more equilibria with valued fiat currency
10.5.2. Equivalence of equilibria
[426] [427]
10.6.  Deficit finance
[428]
10.6.1. Steady states and the Laffer curve
Figure 10.6.1. {graph52f}
(graph52new.eps
)
[429]
Figure 10.6.2. {graph42f}
(graph42.eps
)
[430] [431]
10.7.  Equivalent setups
10.7.1. The economy
[432]
10.7.2. Another Gale diagram
[433] [434]
10.7.3. Endowment at $+\infty $
Figure 10.7.1. {graph32f}
(graph32.eps
)

Underfull \vbox (badness 2846) has occurred while \output is active
\vbox(505.0364+0.0)x345.7008, glue set 3.05693
.\glue(\topskip) 0.0
.\vbox(16.66666+0.0)x345.7008
..\hbox(8.33333+2.33333)x345.7008, glue set 207.371fil
...\subsecfont 1
...\subsecfont 0
...\subsecfont .
...\subsecfont 7
...\subsecfont .
...etc.
..\glue 6.0 plus 2.0 minus 2.0
.\write9{\string \TOCitem {2}}
.\write9{{\TOCsID{10.7.3.}Endowment at $+\infty $.}}
.\write9{{\folio }\@comment }
.etc.

 [435]
10.7.4. Growth
[436]
10.8.  Optimality and existence of monetary equilibria
[437] [438] [439] [440] [441] [442]
Figure 10.8.1. {graph16f}
(graph16.eps
)
[443]
10.8.1. Balasko-Shell criterion for optimality
[444]
10.9.  Within-generation heterogeneity
[445]
10.9.1. Nonmonetary equilibrium
10.9.2. Monetary equilibrium
Figure 10.9.1. {savings1f}
(savings1.eps
)
[446] [447]
10.9.3. Nonstationary equilibria
10.9.4. The real bills doctrine
[448] [449]
10.10.  Gift-giving equilibrium
[450]
10.11.  Concluding remarks

Underfull \vbox (badness 10000) has occurred while \output is active
\vbox(505.0364+1.94444)x345.7008, glue set 5.48506
.\glue(\topskip) 2.5
.\hbox(7.5+2.5)x345.7008, glue set - 0.71333
..\tenrm H
..\tenrm e
..\tenrm r
..\tenrm e
..\glue 3.33333 plus 1.66666 minus 1.11111
..etc.
.\penalty 10000
.\glue(\baselineskip) 4.55556
.\hbox(6.94444+1.94444)x345.7008, glue set - 0.07933
..\tenrm u
..\tenrm t
..\tenrm i
..\tenrm l
..\tenrm i
..etc.
.etc.

 [451]
Exercises
[452] [453] [454] [455] [456] [457] [458] [459] [460] [461] [462] [463]
[464] [465] [466]) (./black9.tex (./grafinp3.tex (./psfig2.tex)
\captionsize=\dimen76
) (./psfig.tex)
[467]
11. Ricardian Equivalence
11.1.  Borrowing limits and Ricardian equivalence
[468]
11.2.  Infinitely lived agent economy
11.2.1. Optimal consumption/savings decision when $b_{t+1} \geq 0$
[469] [470]
11.2.2. Optimal consumption/savings decision when $b_{t+1} \geq \mathaccent "70
7E b_{t+1}$
[471]
11.3.  Government finance
11.3.1. Effect on household
[472] [473] [474] [475]
11.4.  Linked generations interpretation
[476]
11.5.  Concluding remarks
[477]) (./blackpro_5_2023.tex (./grafinp3.tex (./psfig2.tex)
\captionsize=\dimen77
) (./psfig.tex)
[478]
12. Fiscal Policies in a Growth Model
[479]
12.1.  Introduction
[480]
12.2.  Economy
12.2.1. Preferences, technology, information
[481]
12.2.2. Components of a competitive equilibrium
[482]
12.3.  The term structure of interest rates
[483] [484]
12.4.  Digression: sequential version of government budget constraint
[485] [486]
12.4.1. Irrelevance of maturity structure of government debt
[487] [488]
12.5.  Competitive equilibria with distorting taxes
12.5.1. The household: no-arbitrage and asset-pricing formulas
[489] [490]
12.5.2. User cost of capital formula
[491]
12.5.3. Household first-order conditions
12.5.4. A theory of the term structure of interest rates
12.5.5. Firm
[492]
12.6.  Computing equilibria

Overfull \hbox (12.17302pt too wide) in paragraph at lines 641--653
\tenrm have im-posed on pref-er-ences im-ply that an equi-lib-rium is a price s
ys-tem $\tensy f\teni q[]; ^^Q[]; w[]\tensy g$\tenrm ,

\hbox(7.5+2.5)x345.7008, glue set - 1.0
.\tenrm h
.\tenrm a
.\kern-0.27779
.\tenrm v
.\kern-0.27779
.etc.

[493]
12.6.1. Inelastic labor supply
[494]
12.6.2. The equilibrium steady state
[495]
12.6.3. Computing an equilibrium path with a shooting algorithm
[496]
12.6.4. Another computational approach
Missing character: There is no ^^c2 in font cmr10!
Missing character: There is no ^^a0 in font cmr10!
12.6.5. Other equilibrium quantities
[497]
12.6.6. Steady-state $\mathaccent "7016 R$
[498]
12.6.7. Lump-sum taxes available
12.6.8. No lump-sum taxes available
[499]
12.7.  A digression on back-solving
[500]
12.8.  Effects of taxes on equilibrium allocations and prices
[501]
12.9.  Transition experiments with inelastic labor supply
[502]
Figure 12.9.1. {fig_g}
(fig_g.eps
)
Figure 12.9.2. {fig_g_gamma}
(fig_g_gamma.eps
)
Figure 12.9.3. {fig_term}
(fig_term.eps
)
Figure 12.9.4. {fig_tc}
(fig_tc.eps
)
Figure 12.9.5. {fig_tk}
(fig_tauk_gamma.eps
)
[503] [504] [505] [506] [507]
Figure 12.9.6. {fig_g1}
(fig_g1.eps
)
12.10.  Linear approximation

Underfull \vbox (badness 1762) has occurred while \output is active
\vbox(505.0364+1.94444)x345.7008, glue set 2.60281
.\glue 0.0
.\glue(\topskip) 1.79446
.\hbox(8.20554+2.5)x345.7008, glue set 0.17812
..\tenrm (
..\mathon, surrounded 1.0
..\tenrm 1
..\tenrm 2
..\teni :
..etc.
.\glue(\baselineskip) 4.55556
.\hbox(6.94444+1.94444)x345.7008, glue set 0.43756
..\tenrm b
..\kern-0.27779
..\tenrm y
..\glue 3.33333 plus 1.66666 minus 1.11111
..\tenrm t
..etc.
.etc.

 [508]
[509] [510]
12.10.1. Relationship between the $\lambda _i$'s
[511]
12.10.2. Conditions for existence and uniqueness
[512]
12.10.3. Once-and-for-all jumps
[513]
12.10.4. Simplification of formulas
12.10.5. A one-time pulse
[514]
12.10.6. Convergence rates and anticipation rates
Figure 12.10.1. {lambdaogamma}
(lambdaogamma_gray.eps
)
[515]
12.10.7. A remark about accuracy: Euler equation errors
[516]
12.11.  Growth
[517]
Figure 12.11.1. {fig_pr_1}
(fig_pr_1.eps
)
Figure 12.11.2. {fig_pr_2}
(fig_pr_2.eps
)
[518]
Underfull \vbox (badness 1622) has occurred while \output is active
\vbox(505.0364+1.94444)x345.7008, glue set 2.53325
.\penalty 100
.\vbox(249.30363+0.0)x345.7008
..\rule(0.0+0.0)x0.0
..\glue 12.0 plus 4.0 minus 4.0
..\hbox(173.35919+0.0)x345.7008, glue set 64.4454fil
...\glue 0.0 plus 1.0fil minus 1.0fil
...\hbox(173.35919+0.0)x216.81 []
...\glue 0.0 plus 1.0fil minus 1.0fil
..\write5{% > Figure 12.11.2:}
..\write5{\FIGLitem{Figure} {12.11.2. }}
..etc.
.\penalty 10000
.\penalty -200
.\glue 12.0 plus 4.0 minus 4.0
.etc.

 [519]
12.12.  Elastic labor supply

Underfull \vbox (badness 1796) has occurred while \output is active
\vbox(505.0364+2.5)x345.7008, glue set 2.62247
.\glue(\topskip) 3.05556
.\hbox(6.94444+1.94444)x345.7008, glue set 0.01093
..\tenrm p
..\tenrm a
..\tenrm r
..\tenrm t
..\glue 3.33333 plus 1.66666 minus 1.11111
..etc.
.\penalty 10000
.\glue(\baselineskip) 5.11111
.\hbox(6.94444+1.94444)x345.7008, glue set 0.1554
..\tenrm t
..\tenrm i
..\tenrm o
..\tenrm n
..\tenrm s
..etc.
.etc.

 [520]
12.12.1. Steady-state calculations
[521]
12.12.2. Some experiments
[522]
Figure 12.12.1. {fig_gnu}
(fig_gnu.eps
)

Underfull \vbox (badness 4454) has occurred while \output is active
\vbox(505.0364+0.0)x345.7008, glue set 3.5474
.\glue(\topskip) 0.68251
.\hbox(9.31749+2.5)x345.7008, glue set 0.00287
..\tenrm l
..\tenrm u
..\tenrm m
..\tenrm p
..\glue 3.33333 plus 1.66666 minus 1.11111
..etc.
.\penalty 10000
.\glue(\baselineskip) 4.0
.\hbox(7.5+2.5)x345.7008, glue set - 0.88283
..\tenrm t
..\tenrm i
..\tenrm o
..\tenrm n
..\glue 3.33333 plus 1.66666 minus 1.11111
..etc.
.etc.

 [523]
Figure 12.12.2. {fig_tnu}
(fig_tnu.eps
)
[524]
Figure 12.12.3. {fig_tn}
(fig_tn.eps
)
[525] [526]
12.13.  A two-country model
[527] [528] [529]
12.13.1. Initial conditions
12.13.2. Equilibrium steady state values
12.13.3. Initial equilibrium values
[530]
12.13.4. Shooting algorithm
12.13.5. Transition exercises
[531]
Figure 12.13.1. {fig1_kinit}
(fig1_kinit.eps
)
[532]
12.13.5.1.  Opening International Trade
[533]
Figure 12.13.2. {fig1_g-2}
(fig1_g.eps
)
12.13.5.2.  Foreseen Increase in $g$

Underfull \vbox (badness 5924) has occurred while \output is active
\vbox(505.0364+1.94444)x345.7008, glue set 3.90103
.\glue 0.0
.\glue(\topskip) 3.05556
.\hbox(6.94444+1.94444)x345.7008, glue set - 0.51883
..\tenrm N
..\tenrm o
..\tenrm t
..\tenrm i
..\tenrm c
..etc.
.\penalty 10000
.\glue(\baselineskip) 5.11111
.etc.

 [534]
[535]
Figure 12.13.3. {fig1_tauk}
(fig1_tauk.eps
)
[536]
12.13.5.3.  Foreseen increase in $\tau _k$
[537]
12.14.  Concluding remarks
[538]
appendix A.  Log linear approximations
[539]
Exercises
[540] [541] [542] [543] [544] [545] [546] [547] [548] [549] [550] [551]
[552]
Overfull \hbox (11.35016pt too wide) in paragraph at lines 3287--3294
\tenrm goods per worker at time $\teni t$\tenrm . De-fine $[] = [] [] \teni :$ 


\hbox(10.09998+5.28177)x345.7008, glue set - 1.0
.\tenrm g
.\tenrm o
.\kern0.27779
.\tenrm o
.\kern0.27779
.etc.

[553]
Figure 12.1. {fig_7_1}
(fig_7_1.eps
)
Figure 12.2. {fig_7_2}
(fig_7_2.eps
)
[554] [555] [556]
Figure 12.3. {FN_1}
(FN_1_tom_2.eps
)
Figure 12.4. {FN_2}
(fig_11.4.eps
)

Overfull \hbox (10.20897pt too wide) in paragraph at lines 3531--3531
 \tenbf Figure 12.4: \tenrm Cap-i-tal stock as func-tion of time in two economi
es 

\hbox(6.94444+1.94444)x345.7008, glue set - 1.0
.\glue(\leftskip) 40.0
.\tenbf F
.\tenbf i
.\tenbf g
.\tenbf u
.etc.

[557]
Figure 12.5. {FN_3}
(fig_11_5.eps
)
[558] [559]
Figure 12.6. {FN_4}
(figv3_116_b.eps
)
[560]) [561] (./bgrowth2.tex
13. Recursive Competitive Equilibrium: II
13.1.  Endogenous aggregate state variable
[562]
13.2.  The stochastic growth model

Underfull \vbox (badness 4995) has occurred while \output is active
\vbox(505.0364+3.0)x345.7008, glue set 3.68547
.\glue(\topskip) 3.05556
.\hbox(6.94444+1.94444)x345.7008, glue set 0.37335
..\tenrm i
..\tenrm s
..\glue 3.33333 plus 1.66666 minus 1.11111
..\tenrm m
..\tenrm o
..etc.
.\penalty 10000
.\glue(\baselineskip) 5.11111
.\hbox(6.94444+1.94444)x345.7008, glue set 0.46031
..\tenrm n
..\tenrm o
..\tenrm u
..\tenrm s
..\glue 3.33333 plus 1.66666 minus 1.11111
..etc.
.etc.

 [563]
[564]
13.3.  Lagrangian formulation of a planning problem
13.4.  Time $0$ trading: Arrow-Debreu securities
[565]
13.4.1. Household
[566]
13.4.2. Firm of type I
[567]
13.4.3. Firm of type II
[568]
13.4.4. Equilibrium prices and quantities

Overfull \hbox (14.21652pt too wide) in paragraph at lines 433--435
[]\tenrm After sub-sti-tut-ing ($13\teni :\tenrm 4\teni :\tenrm 9\teni b$\tenrm
 ) into the house-hold's first-order con-di-tion ($13\teni :\tenrm 4\teni :\ten
rm 3\teni b$\tenrm ),

\hbox(7.5+2.5)x345.7008, glue set - 1.0
.\hbox(0.0+0.0)x20.0
.\tenrm A
.\tenrm f
.\tenrm t
.\tenrm e
.etc.

[569]
13.4.5. Implied financial wealth dynamics
[570] [571]
13.5.  Sequential trading: Arrow securities
[572]
13.5.1. Household
[573]
13.5.2. Firm of type I
[574]
13.5.3. Firm of type II
[575]
13.5.4. Equilibrium prices and quantities
13.5.5. Financing a type II firm

Underfull \hbox (badness 10000) in paragraph at lines 795--799


\hbox(0.0+0.0)x345.7008
.\glue(\rightskip) 0.0

[576]
13.6.  Recursive formulation
[577]
13.6.1. Technology is governed by a Markov process
13.6.2. Aggregate state of the economy
[578]
13.7.  Recursive formulation of planning problem
[579]
13.8.  Recursive formulation of sequential trading
13.8.1. ``Big $K$, little $k$'' device
[580]
13.8.2. Price system
[581]
13.8.3. Household problem
[582]
13.8.4. Firm of type I
13.8.5. Firm of type II
[583]
13.9.  Recursive competitive equilibrium
13.9.1. Equilibrium restrictions across decision rules
[584] [585]
13.9.2. Verification via a planning problem
[586]
13.10.  Concluding remarks
[587]
appendix A.  The permanent income model revisited
13.A.1. Reinterpreting the single-agent model
[588] [589]
13.A.2. Decentralization and scaled prices
[590]
13.A.2.1.  The consumer
13.A.2.2.  The firm
13.A.3. Matching equilibrium and planning allocations
[591]
13.A.4. Interpretation
) [592] [593] (./black10_part1_v5.tex (./grafinp3.tex (./psfig2.tex)
\captionsize=\dimen78
)
(./psfig.tex)
14. Asset Pricing Theory
14.1.  Introduction
14.2.  Euler equations
[594] [595] [596]
14.3.  Martingale theories of consumption and stock prices

Overfull \hbox (12.17827pt too wide) in paragraph at lines 198--200
[]\tenrm As an ex-am-ple, with the constant-relative-risk-aversion util-ity fun
c-tion $\teni u\tenrm (\teni c[]\tenrm ) =

\hbox(7.5+2.5)x345.7008, glue set - 1.0
.\hbox(0.0+0.0)x20.0
.\tenrm A
.\tenrm s
.\glue 3.33333 plus 1.66666 minus 1.11111
.\tenrm a
.etc.

[597] [598]
14.4.  Equivalent martingale measure
[599] [600] [601]
14.5.  Equilibrium asset pricing
[602]
14.6.  Stock prices without bubbles
[603] [604]
14.7.  Computing asset prices
14.7.1. Example 1: logarithmic preferences
14.7.2. Example 2: finite-state version
[605]
14.7.3. Example 3: growth
[606]
14.8.  Term structure of interest rates
[607] [608] [609]
14.9.  State-contingent prices
[610]
14.9.1. Insurance premium
14.9.2. Man-made uncertainty
[611]
14.9.3. The Modigliani-Miller theorem
[612] [613] [614]
14.10.  Government debt
14.10.1. The Ricardian proposition
[615] [616] [617] [618] [619] [620] [621]
14.10.2. No Ponzi schemes
[622] [623]
Figure 14.10.1. {returnf}
(return.ps
)
[624] [625]
appendix A.  Harrison-Kreps heterogeneous beliefs
[626]
14.A.1. Optimism and pessimism
14.A.2. Equilibrium price function
[627]
14.A.3. Comparisons of equilibrium price functions
14.A.4. Single belief prices
Table 14.A.1. {HKtab}
[628]
14.A.5. Pricing under heterogeneous beliefs
[629]
14.A.6. Returns under ``true'' probabilities
[630]
Figure 14.A.1. {HK_rr}
(HK_rr_a.eps
)
(HK_rr_b.eps
)
[631]
14.A.7. Welfare under true probabilities
[632]
Figure 14.A.2. {HK_share_b}
(HK_PVshare_b.eps
)
[633] [634]
14.A.8. Reflections on the Harrison-Kreps model

Underfull \vbox (badness 10000) has occurred while \output is active
\vbox(505.0364+1.94444)x345.7008, glue set 4.68488
.\glue(\topskip) 3.05556
.\hbox(6.94444+1.94444)x345.7008, glue set 0.69643
..\tenrm o
..\tenrm f
..\glue 3.33333 plus 1.66666 minus 1.11111
..\tenrm t
..\tenrm h
..etc.
.\glue(\baselineskip) 5.11111
.\hbox(6.94444+1.94444)x345.7008, glue set 0.38937
..\tenrm b
..\kern0.27779
..\tenrm e
..\tenrm c
..\tenrm a
..etc.
.\glue(\baselineskip) 5.11111
.etc.

 [635]
[636]
appendix B.  Gaussian asset-pricing model
[637] [638] [639]
Exercises
[640] [641] [642] [643]) (./black10_part2_new_ver3.tex (./grafinp3.tex
(./psfig2.tex)
\captionsize=\dimen79
) (./psfig.tex) [644]
15. Asset Pricing Empirics
15.1.  Introduction
[645]
15.2.  Interpretation of risk-aversion parameter
[646]
Table 15.2.1. {old101}
[647]
15.3.  The equity premium puzzle
Table 15.3.1. {old102}
[648] [649] [650]
15.4.  Market price of risk
[651] [652]
15.5.  Hansen-Jagannathan bounds
15.5.1. Law of one price implies that $E m R =1$
[653] [654]
15.5.2. Inner product representation of price functional
[655]
15.5.3. Admissible stochastic discount factors
[656] [657]
15.6.  Failure of CRRA to attain HJ bound
[658]
Figure 15.6.1. {CRRAtimeseparablepreferences}
(timeseparableCRRApreferences_gray.eps
)
[659] [660]
Table 15.6.1. {table:parameterestimates}
[Nrows=3, Ncols=2]
[661]
15.7.  Non-expected utility
[662] [663] [664]
15.7.1. Another representation of the utility recursion
Figure 15.7.1. {treeAB}
(PlansABtree.eps
)
Figure 15.7.2. {treeCD}
(PlansCDtree.eps
)
[665]
15.7.2. Stochastic discount factor
[666]
Figure 15.7.3. {tallarini}
(Tallarinisfigure2_gray.eps
)
[667] [668] [669]
15.7.3. Twisted probability distributions
15.8.  Reinterpretation of the utility recursion
[670]
15.8.1. Risk aversion versus model misspecification aversion
[671]
15.8.2. Recursive representation of probability distortions
15.8.3. Entropy
[672] [673]
15.8.4. Expressing ambiguity aversion
[674]
15.8.5. Ambiguity averse preferences
[675] [676]
15.8.6. Market price of model uncertainty
[677]
15.8.7. Measuring model uncertainty
[678]
Figure 15.8.1. {tallarini50}
(MPRRWvsTS_Korea.eps
)
[679]
15.9.  Costs of aggregate fluctuations
[680]
Figure 15.9.1. {BHS_punchline}
(proportions1_gray.eps
)
[681]
Underfull \vbox (badness 7064) has occurred while \output is active
\vbox(505.0364+1.94444)x345.7008, glue set 4.1377
.\penalty 100
.\vbox(266.34793+0.0)x345.7008
..\rule(0.0+0.0)x0.0
..\glue 12.0 plus 4.0 minus 4.0
..\hbox(158.91347+0.0)x345.7008, glue set 73.47916fil
...\glue 0.0 plus 1.0fil minus 1.0fil
...\hbox(158.91347+0.0)x198.7425 []
...\glue 0.0 plus 1.0fil minus 1.0fil
..\glue 14.0
..\glue(\lineskip) 1.0
..etc.
.\penalty 10000
.\penalty -200
.\glue 12.0 plus 4.0 minus 4.0
.etc.

 [682]
15.10.  Reverse engineered consumption heterogeneity
[683] [684] [685] [686]
15.11.  Affine risk prices
[687] [688]
15.11.1. An application
15.11.2. Affine term structure of yields
[689] [690]
15.12.  Risk-neutral probabilities
[691]
15.12.1. Asset pricing in a nutshell
15.13.  Distorted beliefs
[692] [693]
15.14.  Concluding remarks
[694]
appendix A.  Riesz representation theorem
[695] [696]
appendix B.  Computing stochastic discount factors
[697]
appendix C.  A log normal bond pricing model
[698] [699]
15.C.1. Slope of yield curve
[700]
15.C.2. Backus and Zin's stochastic discount factor
[701]
15.C.3. Reverse engineering a stochastic discount factor
[702]
Underfull \vbox (badness 10000) has occurred while \output is active
\vbox(505.0364+1.94444)x345.7008
.\glue(\topskip) 3.05556
.\hbox(6.94444+1.94444)x345.7008, glue set 0.35031
..\tenrm T
..\tenrm h
..\tenrm i
..\tenrm s
..\glue 3.33333 plus 1.66666 minus 1.11111
..etc.
.\penalty 10000
.\glue(\baselineskip) 5.11111
.\hbox(6.94444+1.94444)x345.7008, glue set - 0.0237
..\tenrm t
..\tenrm o
..\glue 3.33333 plus 1.66666 minus 1.11111
..\tenrm p
..\tenrm r
..etc.
.etc.

 [703]
Figure 15.C.1. {backus1f}
(backus1_gray.eps
)
Figure 15.C.2. {backus2f}
(backus2_gray.eps
)
Figure 15.C.3. {backus3f}
(backus3_gray.eps
)
Figure 15.C.4. {backus4f}
(backus4_gray.eps
)
Figure 15.C.5. {backus5f}
(backus5_gray.eps
)
[704]
Underfull \vbox (badness 2165) has occurred while \output is active
\vbox(505.0364+2.5)x345.7008, glue set 2.78827
.\penalty 100
.\vbox(181.11136+0.0)x345.7008
..\rule(0.0+0.0)x0.0
..\glue 12.0 plus 4.0 minus 4.0
..\hbox(133.16692+0.0)x345.7008, glue set 91.54666fil
...\glue 0.0 plus 1.0fil minus 1.0fil
...\hbox(133.16692+0.0)x162.6075 []
...\glue 0.0 plus 1.0fil minus 1.0fil
..\write5{% > Figure 15.C.3:}
..\write5{\FIGLitem{Figure} {15.C.3. }}
..etc.
.\penalty 10000
.\penalty -200
.\glue 12.0 plus 4.0 minus 4.0
.etc.

 [705]
Exercises
[706] [707] [708] [709] (./asset_exercise_new.tex [710] [711] [712] [713]
[714] [715] [716] [717] [718] [719] [720] [721] [722] [723] [724] [725]))
(./black11.tex (./grafinp3.tex (./psfig2.tex)
\captionsize=\dimen80
) (./psfig.tex) [726]
16. Economic Growth
16.1.  Introduction
[727] [728]
16.2.  The economy
> Expecting ] but got ).
[729]
16.2.1. Balanced growth path
[730]
16.3.  Exogenous growth
[731] [732]
16.4.  Externality from spillovers
[733] [734]
16.5.  All factors reproducible
16.5.1. One-sector model
[735] [736]
16.5.2. Two-sector model
[737] [738]
16.6.  Research and monopolistic competition
[739]
16.6.1. Monopolistic competition outcome
[740]
Figure 16.6.1. {growth1f}
(grow1.ps
)
[741] [742]
16.6.2. Planner solution
[743]
16.7.  Growth in spite of nonreproducible factors
16.7.1. ``Core'' of capital goods produced without nonreproducible inputs
[744] [745]
16.7.2. Research labor enjoying an externality
[746] [747]
16.8.  Concluding remarks
[748] [749]
Exercises
[750] [751] [752] [753] [754]) [755] [756] (./black12_13.tex (./grafinp3.tex
(./psfig2.tex)
\captionsize=\dimen81
) (./psfig.tex)
17. Optimal Taxation with Commitment
17.1.  Introduction
[757] [758] [759]
17.2.  A nonstochastic economy
17.2.1. Government
[760]
17.2.2. Household
[761] [762]
17.2.3. Firms
[763]
17.3.  The Ramsey problem
[764]
17.4.  Zero capital tax
[765]
17.5.  Primal approach to the Ramsey problem
[766] [767]
17.5.1. Constructing the Ramsey plan
[768] [769] [770]
17.5.2. Revisiting a zero capital tax
17.6.  Taxation of initial capital
[771]
17.7.  Nonzero capital tax due to incomplete taxation
[772] [773]
17.8.  A stochastic economy
17.8.1. Government
[774]
17.8.2. Household
[775] [776]
17.8.3. Firms
17.9.  Indeterminacy of debt and capital taxes
[777] [778]
17.10.  A Ramsey plan under uncertainty
[779]
17.11.  Ex ante capital tax varies around zero
[780] [781]
17.11.1. Sketch of the proof of Proposition 2
[782] [783]
17.12.  A stochastic economy without capital
[784] [785] [786] [787] [788]
17.12.1. Computational strategy
[789]
17.12.2. More specialized computations
[790] [791]
17.12.3. Time consistency
[792]
17.13.  Examples of labor tax smoothing
17.13.1. Example 1: $g_t=g$ for all $t\geq 0$
17.13.2. Example 2: $g_t=0$ for $t\not = T$ and nonstochastic $g_T>0$
[793]
17.13.3. Example 3: $g_t=0$ for $t\not = T$, and $g_T$ is stochastic

Underfull \vbox (badness 10000) has occurred while \output is active
\vbox(505.0364+1.94444)x345.7008, glue set 4.96266
.\glue(\topskip) 3.05556
.\hbox(6.94444+1.94444)x345.7008, glue set - 0.04958
..\hbox(0.0+0.0)x20.0
..\tenrm T
..\tenrm h
..\tenrm i
..\tenrm s
..etc.
.\penalty 10000
.\glue(\baselineskip) 5.11111
.\hbox(6.94444+1.94444)x345.7008, glue set 0.38779
..\tenrm p
..\tenrm l
..\tenrm a
..\tenrm n
..\tenrm n
..etc.
.etc.

 [794]
17.13.4. Time $0$ is special with $b_0\not = 0$
[795] [796]
17.14.  Lessons for optimal debt policy
[797] [798] [799] [800]
17.15.  Taxation without state-contingent debt
[801] [802] [803] [804] [805]
17.15.1. Future values of $\delimiter "4266308 g_t\delimiter "5267309 $ become 
deterministic
[806]
17.15.2. Stochastic $\delimiter "4266308 g_t\delimiter "5267309 $ but special p
references
[807] [808]
17.15.3. Example 3 revisited: $g_t=0$ for $t\not = T$, and $g_T$ is stochastic
[809] [810] [811] [812]
17.16.  Nominal debt as state-contingent real debt
[813]
17.16.1. Setup and main ideas
[814] [815] [816] [817]
17.16.2. Optimal taxation in a nonmonetary economy
[818] [819]
17.16.3. Optimal policy in a corresponding monetary economy
[820] [821] [822]
17.16.4. Sticky prices
17.17.  Relation to fiscal theories of the price level
[823]
17.17.1. Budget constraint versus asset pricing equation
[824]
17.17.2. Disappearance of quantity theory?
[825]
17.17.3. Price level indeterminacy under interest rate peg
[826]
17.17.4. Monetary or fiscal theory of the price level?
[827]
17.18.  Zero tax on human capital
[828] [829] [830] [831] [832] [833]
17.19.  Should all taxes be zero?
[834]
17.20.  Concluding remarks
[835] [836]
Exercises
[837] [838] [839] [840] [841] [842] [843] [844] [845] [846] [847] [848]
[849] [850]) [851] [852]
Underfull \hbox (badness 10000) in paragraph at lines 422--422


\hbox(0.0+0.0)x345.7008
.\glue(\rightskip) 0.0

[853] [854] (./black13.tex (./grafinp3.tex (./psfig2.tex)
\captionsize=\dimen82
) (./psfig.tex)
18. Self-Insurance
18.1.  Introduction
[855]
18.2.  The environment
[856]
18.3.  Nonstochastic endowment

Underfull \vbox (badness 1383) has occurred while \output is active
\vbox(505.0364+3.0)x345.7008, glue set 2.40202
.\glue(\topskip) 3.05556
.\hbox(6.94444+1.94444)x345.7008, glue set 0.42702
..\hbox(0.0+0.0)x20.0
..\tenrm \ (ligature ``)
..\tenrm S
..\tenrm e
..\tenrm l
..etc.
.\penalty 20000
.\glue(\baselineskip) 5.11111
.\hbox(6.94444+1.94444)x345.7008, glue set - 0.05669
..\tenrm c
..\tenrm o
..\tenrm m
..\tenrm e
..\glue 3.33333 plus 1.66666 minus 1.11111
..etc.
.etc.

 [857]
[858]
18.3.1. An ad hoc borrowing constraint: nonnegative assets
[859] [860] [861] [862]
18.3.2. Example: periodic endowment process
18.4.  Quadratic preferences
[863] [864]
18.5.  Stochastic endowment process: i.i.d. case
[865] [866]
18.6.  Stochastic endowment process: general case
[867]
18.7.  Intuition
[868] [869]
18.8.  Endogenous labor supply
[870] [871] [872]
18.9.  Concluding remarks
[873] [874]
appendix A.  Supermartingale convergence theorem
Exercises
[875] [876] [877] [878] [879] [880]) [881] [882] (./black14.tex (./grafinp3.tex
(./psfig2.tex)
\captionsize=\dimen83
) (./psfig.tex)
19. Incomplete Markets Models
19.1.  Introduction
[883] [884]
19.2.  A savings problem
[885]
19.2.1. Wealth-employment distributions
[886]
19.2.2. Reinterpretation of the distribution $\lambda $
[887]
19.2.3. Example 1: a pure credit model
[888]
19.2.4. Equilibrium computation
19.2.5. Example 2: a model with capital
[889] [890]
19.2.6. Computation of equilibrium
[891]
Overfull \hbox (10.8276pt too wide) in paragraph at lines 470--474
[]\tenrm Later, we shall dis-play some com-puted ex-am-ples of equi-lib-ria of 
both Huggett's

\hbox(6.94444+1.94444)x345.7008, glue set - 1.0
.\hbox(0.0+0.0)x20.0
.\tenrm L
.\tenrm a
.\tenrm t
.\tenrm e
.etc.

19.3.  Unification and further analysis
19.4.  The nonstochastic savings problem when $\beta (1+r) < 1$
[892] [893] [894]
19.5.  Borrowing limits: natural and ad hoc
[895]
19.5.1. A candidate for a single state variable
[896]
19.5.2. Supermartingale convergence again
[897]
19.6.  Average assets as a function of $r$
Figure 19.6.1. {rao1f}
(rao1.eps
)
[898]
Underfull \vbox (badness 2050) has occurred while \output is active
\vbox(505.0364+1.94444)x345.7008, glue set 2.7379
.\penalty 100
.\vbox(374.08482+0.0)x345.7008
..\rule(0.0+0.0)x0.0
..\glue 12.0 plus 4.0 minus 4.0
..\hbox(214.14038+0.0)x345.7008, glue set 64.4454fil
...\glue 0.0 plus 1.0fil minus 1.0fil
...\hbox(214.14038+0.0)x216.81 []
...\glue 0.0 plus 1.0fil minus 1.0fil
..\write5{% > Figure 19.6.1:}
..\write5{\FIGLitem{Figure} {19.6.1. }}
..etc.
.\penalty 10000
.\penalty -200
.\glue 12.0 plus 4.0 minus 4.0
.etc.

 [899]
Figure 19.6.2. {rao3f}
(rao3.eps
)
[900]
Figure 19.6.3. {bewley00w1f}
(bewley00w1.eps
)
[901]
19.7.  Computed examples
Figure 19.7.1. {newfig5f}
(newfig5.eps
)
Figure 19.7.2. {newfig4f}
(newfig4.eps
)

Underfull \vbox (badness 5533) has occurred while \output is active
\vbox(505.0364+3.0)x345.7008, glue set 3.81212
.\glue 0.0
.\glue(\topskip) 0.0
.\vbox(16.66666+0.0)x345.7008
..\hbox(8.33333+2.33333)x345.7008, glue set 185.85863fil
...\secfont 1
...\secfont 9
...\secfont .
...\secfont 7
...\secfont .
...etc.
..\glue 6.0 plus 2.0 minus 2.0
.\penalty 10000
.\write9{\string \TOCitem {1}}
.etc.

 [902]
[903]
19.8.  Several Bewley models
19.8.1. Optimal stationary allocation
[904]
19.9.  A model with capital and private IOUs
[905]
19.10.  Private IOUs only
19.10.1. Limitation of what credit can achieve
[906]
19.10.2. Proximity of $r$ to $\rho $
19.10.3. Inside money or free banking interpretation
[907]
19.10.4. Bewley's basic model of fiat money
[908]
19.11.  A model of seigniorage
[909]
Figure 19.11.1. {rao4f}
(rao4.eps
)
[910]
19.12.  Exchange rate indeterminacy
[911] [912]
19.13.  Interest on currency
[913]
19.13.1. Explicit interest
[914]
19.13.2. The upper bound on ${M \over p}$
[915]
19.13.3. A very special case
[916]
19.13.4. Implicit interest through deflation
[917]
19.14.  Precautionary savings
[918] [919]
19.15.  Models with fluctuating aggregate variables
[920]
19.15.1. Aiyagari's model again
[921]
19.15.2. Krusell and Smith's extension
[922] [923] [924]
19.16.  Concluding remarks
Exercises
[925] [926] [927] [928] [929] [930] [931] [932]) [933] [934]
Underfull \hbox (badness 10000) in paragraph at lines 432--432


\hbox(0.0+0.0)x345.7008
.\glue(\rightskip) 0.0

[935] [936] (./blkstack_2.tex (./grafinp3.tex (./psfig2.tex)
\captionsize=\dimen84
) (./psfig.tex)
20. Dynamic Stackelberg Problems
20.1.  History dependence
[937]
20.2.  The Stackelberg problem
20.3.  Duopoly example
[938]
20.3.1. Stackelberg leader and follower
20.3.2. The firms' problems
[939] [940] [941]
20.4.  Recursive representation of Stackelberg problem
[942] [943] [944]
20.4.1. Duopoly example
20.5.  Recursive formulation
[945]
20.5.1. Two Bellman equations
20.5.2. Subproblem 1
[946]
20.5.3. Subproblem 2
20.5.4. Representation of Stackelberg plan
[947] [948]
20.5.5. Backwards-looking representation of $x_t$
20.5.6. Time inconsistency
20.5.7. Recursive representation again
[949] [950]
20.5.8. Time inconsistency again
20.6.  Large firm facing a competitive fringe
[951] [952]
20.6.1. The competitive fringe
[953]
20.6.2. The large firm's problem
[954] [955]
20.6.3. Numerical example
20.7.  Concluding remarks
[956]
Exercises
[957] [958] [959] [960]) [961] [962] (./opt_tax_recur_3.tex (./grafinp3.tex
(./psfig2.tex)
\captionsize=\dimen85
) (./psfig.tex)
21. Two Ramsey Problems Revisited
21.1.  Introduction
21.2.  The Lucas-Stokey economy
[963] [964]
21.2.1. Finding the state is an art
21.2.2. Intertemporal delegation
[965]
21.2.3. Bellman equations
21.2.4. Subproblem 1: Continuation Ramsey problem
[966]
21.2.5. Subproblem 2: Ramsey problem
[967]
21.2.6. First-order conditions
[968]
21.2.7. State variable degeneracy
21.2.8. Symptom and source of time inconsistency
[969]
21.3.  Recursive formulation of AMSS model
[970]
21.3.1. Recasting state variables
[971]
21.3.2. Measurability constraints
21.3.3. Bellman equations
[972]
21.3.4. Martingale replaces state-variable degeneracy
[973] [974]
21.4.  Concluding remarks
) [975] [976] (./black15.tex (./grafinp3.tex (./psfig2.tex)
\captionsize=\dimen86
) (./psfig.tex)
22. Incentives and Insurance
22.1.  Insurance with recursive contracts
[977]
22.2.  Basic environment
[978]
Figure 22.2.1. {triKoch}
(Seb_1_a_v2.eps
)
(Seb_1_b_v2.eps
)
Figure 22.2.2. {triCKf}
(Seb_2_v2.eps
)
[979] [980]
22.3.  One-sided no commitment
[981]
22.3.1. Self-enforcing contract
22.3.2. Recursive formulation
[982] [983] [984] [985]
Figure 22.3.1. {commit1af}
(commit1a.eps
)
[986] [987]
Figure 22.3.2. {commit2af}
(commit2a.eps
)
[988]
22.3.3. Computing contract recursively
[989]
Overfull \hbox (10.00345pt too wide) in paragraph at lines 745--750
\tenrm These suc-ces-sive it-er-a-tions yield the op-ti-mal con-tract char-ac-t
er-ized by $\tensy f[][]\teni ; [][]\tensy g[]$\tenrm .

\hbox(8.41226+2.5)x345.7008, glue set - 1.0
.\tenrm T
.\tenrm h
.\tenrm e
.\tenrm s
.\tenrm e
.etc.

[990] [991]
22.3.4. Profits
[992] [993] [994]
22.3.5. $P(v)$ is strictly concave and continuously differentiable
[995]
22.3.6. Many households
[996] [997] [998]
22.3.7. An example
Figure 22.3.3. {tworr1f}
(tworr1update.ps
)
Figure 22.3.4. {tworr2f}
(tworr2update.ps
)
[999]
22.4.  A Lagrangian method

Underfull \vbox (badness 10000) has occurred while \output is active
\vbox(505.0364+2.5)x345.7008, glue set 19.57835
.\glue(\splittopskip) 0.0
.\vbox(328.05634+0.0)x345.7008
..\rule(0.0+0.0)x0.0
..\glue 12.0 plus 4.0 minus 4.0
..\hbox(235.6119+0.0)x345.7008, glue set 28.31041fil
...\glue 0.0 plus 1.0fil minus 1.0fil
...\hbox(235.6119+0.0)x289.07999 []
...\glue 0.0 plus 1.0fil minus 1.0fil
..\write5{% > Figure 22.3.3:}
..\write5{\FIGLitem{Figure} {22.3.3. }}
..etc.
.\penalty 10000
.\penalty -200
.\glue 12.0 plus 4.0 minus 4.0
.etc.

 [1000]
[1001] [1002] [1003]
22.5.  Insurance with asymmetric information
[1004] [1005]
Figure 22.5.1. {thomworrf}
(thomworr.eps
)
22.5.1. Efficiency implies $b_{s-1} \geq b_s, w_{s-1} \leq w_s$
[1006]
22.5.2. Local upward and downward constraints are enough
[1007]
22.5.3. Concavity of $P$
[1008]
22.5.4. Local downward constraints always bind
[1009]
22.5.5. Coinsurance
[1010]
22.5.6. $P'(v)$ is a martingale
22.5.7. Comparison to model with commitment problem
[1011]
22.5.8. Spreading continuation values

Underfull \vbox (badness 10000) has occurred while \output is active
\vbox(505.0364+3.00005)x345.7008, glue set 4.68488
.\glue(\topskip) 3.05556
.\hbox(6.94444+1.94444)x345.7008, glue set - 0.25578
..\tenrm t
..\tenrm e
..\tenrm l
..\tenrm l
..\tenrm i
..etc.
.\glue(\baselineskip) 4.55556
.\hbox(7.5+2.5)x345.7008, glue set 0.46867
..\tenrm t
..\tenrm o
..\glue 3.33333 plus 1.66666 minus 1.11111
..\tenrm z
..\tenrm e
..etc.
.\penalty 10000
.etc.

 [1012]
22.5.9. Martingale convergence and poverty
[1013]
22.5.10. Setting $v_0$
22.5.11. No renegotiation
22.5.12. Extension to general equilibrium

Underfull \vbox (badness 10000) has occurred while \output is active
\vbox(505.0364+2.5)x345.7008, glue set 6.47142
.\glue(\topskip) 3.05556
.\hbox(6.94444+1.94444)x345.7008, glue set 0.89958
..\tenrm d
..\tenrm r
..\tenrm i
..\tenrm f
..\tenrm t
..etc.
.\glue(\baselineskip) 5.11111
.\hbox(6.94444+1.94444)x345.7008, glue set - 0.43999
..\tenrm i
..\tenrm n
..\discretionary
...\tenrm -
..\tenrm f
..\tenrm o
..etc.
.\penalty 10000
.etc.

 [1014]
22.5.13. Comparison with self-insurance
22.6.  Insurance with unobservable storage

Underfull \vbox (badness 10000) has occurred while \output is active
\vbox(505.0364+0.0)x345.7008, glue set 6.10474
.\glue(\topskip) 3.05556
.\hbox(6.94444+1.94444)x345.7008, glue set 0.3114
..\tenrm t
..\tenrm h
..\tenrm e
..\glue 3.33333 plus 1.66666 minus 1.11111
..\tenrm u
..etc.
.\penalty 10000
.\glue(\baselineskip) 5.11111
.\hbox(6.94444+1.94444)x345.7008, glue set - 0.08998
..\tenrm l
..\tenrm y
..\tenrm t
..\discretionary
...\tenrm -
..\tenrm i
..etc.
.etc.

 [1015]
22.6.1. Feasibility
[1016]
22.6.2. Incentive compatibility
[1017] [1018]
22.6.3. Efficient allocation
[1019] [1020]
22.6.4. The two-period case
[1021] [1022] [1023] [1024] [1025]
22.6.5. Role of the planner
22.6.6. Decentralization in a closed economy
[1026] [1027]
22.7.  Concluding remarks
[1028]
appendix A.  Historical development
22.A.1. Spear and Srivastava
22.A.2. Timing
[1029]
22.A.3. Use of lotteries
[1030] [1031]
Exercises
[1032] [1033] [1034] [1035] [1036] [1037]) (./blk15closed.tex (./grafinp3.tex
(./psfig2.tex)
\captionsize=\dimen87
) (./psfig.tex) [1038]
23. Equilibrium without Commitment 
23.1.  Two-sided lack of commitment
[1039]
23.2.  A closed system
[1040] [1041]
23.3.  Recursive formulation
[1042] [1043]
23.4.  Equilibrium consumption
23.4.1. Consumption dynamics
[1044] [1045]
23.4.2. Consumption intervals cannot contain each other
[1046] [1047]
23.4.3. Endowments are contained in the consumption intervals
[1048]
23.4.4. All consumption intervals are nondegenerate (unless autarky is the only
 sustainable allocation)
[1049]
23.5.  Pareto frontier and ex ante division of the gains
[1050]
23.6.  Consumption distribution
23.6.1. Asymptotic distribution
[1051] [1052]
23.6.2. Temporary imperfect risk sharing
[1053]
23.6.3. Permanent imperfect risk sharing
23.7.  Alternative recursive formulation
[1054] [1055]
23.8.  Pareto frontier revisited
[1056]
23.8.1. Values are continuous in implicit consumption
[1057] [1058]
23.8.2. Differentiability of the Pareto frontier
[1059]
23.9.  Continuation values {{\accent 18 a} la} Kocherlakota
23.9.1. Asymptotic distribution is nondegenerate for imperfect risk sharing (ex
cept when $S=2$)
[1060] [1061] [1062] [1063]
23.9.2. Continuation values do not always respond to binding participation cons
traints
[1064]
Underfull \hbox (badness 1371) in paragraph at lines 1558--1558
\secfont 23.10.  A two-state example: amnesia overwhelms 

\hbox(8.33333+2.33333)x345.7008, glue set 2.39534
.\secfont 2
.\secfont 3
.\secfont .
.\secfont 1
.\secfont 0
.etc.

23.10.  A two-state example: amnesia overwhelms memory
[1065] [1066]
Figure 23.10.1. {koch2s1bf}
(koch2s1b.ps
)
Figure 23.10.2. {koch2s1af}
(koch2s1a.ps
)
[1067]
23.10.1. Pareto frontier
[1068]
Figure 23.10.3. {rm1f}
[1069]
(rm1.eps
)
[1070]
23.10.2. Interpretation
23.11.  A three-state example
[1071] [1072] [1073]
Figure 23.11.1. {icpairs}
(ic_high.ps
)
(ic_low.ps
)
Figure 23.11.2. {ic_bothf}
(ic_both.ps
)
[1074]
23.11.1. Perturbation of parameter values
[1075]
Figure 23.11.3. {contvpi}
(c07.ps
)
(v07.ps
)
[1076] [1077]
23.11.2. Pareto frontier
[1078]
Figure 23.11.4. {pareto3f}
(pareto3.ps
)
[1079]
23.12.  Empirical motivation
23.13.  Generalization
[1080]
23.14.  Decentralization
[1081]
23.15.  Endogenous borrowing constraints
[1082] [1083] [1084]
23.16.  Concluding remarks
[1085]
Exercises
[1086] [1087] [1088] [1089] [1090]) [1091] [1092] (./blinsur.tex
(./grafinp3.tex (./psfig2.tex)
\captionsize=\dimen88
) (./psfig.tex)
24. Optimal Unemployment Insurance
24.1.  History-dependent unemployment insurance
[1093]
24.2.  A one-spell model
[1094]
24.2.1. Autarky
[1095]
24.2.2. Unemployment insurance with full information
[1096]
24.2.3. An incentive problem

Underfull \vbox (badness 10000) has occurred while \output is active
\vbox(505.0364+1.94444)x345.7008, glue set 11.86975
.\glue(\topskip) 3.05556
.\hbox(6.94444+1.94444)x345.7008, glue set 0.40796
..\tenrm r
..\tenrm e
..\discretionary
...\tenrm -
..\tenrm p
..\kern0.27779
..etc.
.\glue(\baselineskip) 4.55556
.\hbox(7.5+2.5)x345.7008, glue set - 0.34729
..\tenrm d
..\tenrm u
..\tenrm r
..\discretionary
...\tenrm -
..\tenrm i
..etc.
.\glue(\baselineskip) 4.0
.etc.

 [1097]
24.2.4. Unemployment insurance with asymmetric information
[1098]
Figure 24.2.1. {hugoreplnewf}
(hugoreplnew_gray.eps
)
24.2.5. Computed example
[1099] [1100]
24.2.6. Computational details
[1101]
24.2.7. Interpretations
24.2.8. Extension: an on-the-job tax
[1102]
24.2.9. Extension: intermittent unemployment spells
24.3.  A multiple-spell model with lifetime contracts
[1103]
24.3.1. The setup
Missing character: There is no ^^ef in font cmr7!
Missing character: There is no ^^bf in font cmr7!
Missing character: There is no ^^bd in font cmr7!
[1104]
24.3.2. A lifetime contract
[1105]
Underfull \vbox (badness 10000) has occurred while \output is active
\vbox(505.0364+3.38332)x345.7008, glue set 5.11322
.\glue(\topskip) 2.5
.\hbox(7.5+2.5)x345.7008, glue set 0.5903
..\tenrm C
..\tenrm o
..\tenrm n
..\tenrm s
..\tenrm t
..etc.
.\penalty 20000
.\glue(\baselineskip) 4.55556
.\hbox(6.94444+1.94444)x345.7008, glue set 0.61513
..\tenrm c
..\tenrm o
..\tenrm m
..\tenrm p
..\tenrm a
..etc.
.etc.

 [1106]
[1107]
24.3.3. Compensation dynamics when unemployed
24.3.4. Compensation dynamics while employed
[1108] [1109]
24.3.5. Summary
[1110]
24.4.  Concluding remarks
Exercises
[1111] [1112] [1113] [1114]) [1115] [1116] (./black16_2010.tex (./grafinp3.tex
(./psfig2.tex)
\captionsize=\dimen89
) (./psfig.tex)
25. Credible Government Policies: I
25.1.  Introduction
[1117]
25.1.1. Diverse sources of history dependence
[1118]
25.2.  One-period economy
[1119]
25.2.1. Competitive equilibrium
25.2.2. Ramsey problem
[1120]
25.2.3. Nash equilibrium
[1121]
25.3.  Nash and Ramsey outcomes
25.3.1. Taxation example
[1122]
Figure 25.3.1. {cred1f}
(cred1.ps
)

Overfull \hbox (10.92947pt too wide) in paragraph at lines 475--479
\tenrm The Ram-sey tax rate and al-lo-ca-tion are de-ter-mined by the so-lu-tio
n to $[][] \teni W[]\tenrm (\teni ^^\\tenrm )$.

\hbox(7.5+2.5)x345.7008, glue set - 1.0
.\tenrm T
.\tenrm h
.\tenrm e
.\glue 3.33333 plus 1.66666 minus 1.11111
.\tenrm R
.etc.

[1123] [1124]
25.3.2. Black-box example with discrete choice sets
Table 25.3.1. {junk1}
Figure 25.3.2. {game1f}
(game1.ps
)
Figure 25.3.3. {game2f}
[1125]
(game2.ps
)
25.4.  Reputational mechanisms: general idea
[1126] [1127]
25.4.1. Dynamic programming squared
[1128]
Figure 25.4.1. {cred2f}
(cred2.ps
)
[1129] [1130]
25.4.2. Etymology of `dynamic programming squared'
[1131]
25.5.  The infinitely repeated economy
25.5.1. A strategy profile implies a history and a value
[1132]
25.5.2. Recursive formulation
[1133] [1134]
25.6.  Subgame perfect equilibrium (SPE)
[1135] [1136]
25.7.  Examples of SPE
25.7.1. Infinite repetition of one-period Nash equilibrium
[1137]
25.7.2. Supporting better outcomes with trigger strategies
[1138]
25.7.3. When reversion to Nash is not bad enough
[1139]
25.8.  Values of all SPEs
[1140]
25.8.1. Basic idea of dynamic programming squared
[1141]
25.9.  APS machinery
[1142] [1143]
25.10.  Self-enforcing SPE
[1144] [1145]
25.10.1. The quest for something worse than repetition of Nash outcome
25.11.  Recursive strategies
[1146] [1147] [1148]
25.12.  Examples of SPE with recursive strategies
[1149]
25.12.1. Infinite repetition of Nash outcome
25.12.2. Infinite repetition of a better-than-Nash outcome
[1150]
25.12.3. Something worse: a stick-and-carrot strategy
[1151] [1152]
25.13.  Best and worst SPE values
[1153]
25.13.1. When $v_1$ is outside the candidate set
[1154]
25.14.  Examples: alternative ways to achieve the worst
25.14.1. Attaining the worst, method 1
[1155]
25.14.2. Attaining the worst, method 2
25.14.3. Attaining the worst, method 3
[1156]
25.14.4. Numerical example
Figure 25.14.1. {cred3f}
(cred3.ps
)
[1157]
Figure 25.14.2. {cred5f}
(cred5.ps
)
[1158]
25.15.  Interpretations
[1159]
25.16.  Extensions
Exercises
[1160] [1161] [1162] [1163]) [1164] (./black_chang.tex
26. Credible Government Policies: II
26.1.  History-dependent government policies
[1165]
26.2.  The setting
26.2.1. Household problem
[1166]
26.2.2. Government
[1167]
26.2.3. Analysis of household's problem
[1168]
26.2.4. $\theta _{t+1}$ as intermediating variable
26.3.  Recursive approach to Ramsey problem
[1169]
26.3.1. Subproblem 1: Continuation Ramsey problem
26.3.2. Subproblem 2: Ramsey problem
[1170]
26.3.3. Finding set $\Omega $
[1171]
26.3.4. An example

Underfull \vbox (badness 10000) has occurred while \output is active
\vbox(505.0364+2.33333)x345.7008, glue set 5.2031
.\glue(\topskip) 0.0
.\vbox(16.66666+0.0)x345.7008
..\hbox(8.33333+2.33333)x345.7008, glue set 234.48651fil
...\subsecfont 2
...\subsecfont 6
...\subsecfont .
...\subsecfont 3
...\subsecfont .
...etc.
..\glue 6.0 plus 2.0 minus 2.0
.\write9{\string \TOCitem {2}}
.\write9{{\TOCsID{26.3.3.}Finding set $\Omega $.}}
.\write9{{\folio }\@comment }
.etc.

 [1172]
Figure 26.3.1. {chang_gr1}
(J_theta.eps
)
Figure 26.3.2. {chang_gr2}
(theta_prime.eps
)
Figure 26.3.3. {chang_gr3}
(policy_functions.eps
)
Figure 26.3.4. {chang_gr4}
(time_series.eps
)
[1173]
26.4.  Chang's formulation
[1174]
26.4.1. Competitive equilibrium
26.5.  Inventory of key objects
[1175] [1176] [1177]
26.6.  Analysis
[1178] [1179]
26.6.1. Notation
[1180]
26.6.2. An operator
[1181]
Figure 26.6.1. {chang_graph1_exo}
(Chang1_B.eps
)
Figure 26.6.2. {chang_graph2_exo}
(Chang2_B.eps
)
[1182] [1183]
26.7.  Sustainable plans

Overfull \hbox (20.79181pt too wide) in paragraph at lines 705--706
\tensc Definition: \tenrm Let $^^B = \tensy f\tenrm ([]\teni ; []; []\tenrm ) \
tensy 2 \teni CE \tenrm : [] ([]\teni ; []; []\tenrm )\tensy g\teni :$ 

\hbox(9.78334+2.5)x345.7008, glue set - 1.0
.\tensc D
.\tensc e
.\tensc f
.\tensc i
.\tensc n
.etc.

[1184] [1185] [1186]
26.8.  Concluding remarks
) [1187] [1188] (./blktrade.tex (./grafinp3.tex (./psfig2.tex)
\captionsize=\dimen90
) (./psfig.tex)
27. Two Topics in International Trade
27.1.  Two dynamic contracting problems
[1189]
27.2.  Moral hazard and difficult enforcement
[1190] [1191]
27.2.1. Autarky
27.2.2. Investment with full insurance
[1192] [1193] [1194]
27.2.3. Limited commitment and unobserved investment
[1195] [1196] [1197]
27.2.4. Optimal capital outflows under distress
[1198] [1199]
27.3.  Gradualism in trade policy
[1200]
27.3.1. Closed-economy model
[1201] [1202]
27.3.2. A Ricardian model of two countries under free trade
27.3.3. Trade with a tariff
[1203] [1204]
27.3.4. Welfare and Nash tariff
[1205]
27.3.5. Trade concessions
[1206]
27.3.6. A repeated tariff game
27.3.7. Time-invariant transfers
[1207] [1208] [1209]
27.3.8. Gradualism: time-varying trade policies
[1210]
27.3.9. Baseline policies
[1211] [1212] [1213] [1214]
Figure 27.3.1. {bondpark1f}
(bondpark1.eps
)
[1215] [1216]
27.3.10. Multiplicity of payoffs and continuation values
[1217] [1218] [1219] [1220]
27.4.  Another model
[1221]
27.5.  Concluding remarks
[1222]
appendix A.  Computations for Atkeson's model
[1223] [1224]
Exercises
) [1225] [1226]
Underfull \hbox (badness 10000) in paragraph at lines 456--456


\hbox(0.0+0.0)x345.7008
.\glue(\rightskip) 0.0

[1227] [1228] (./black17_tom_4.tex (./grafinp3.tex (./psfig2.tex)
\captionsize=\dimen91
) (./psfig.tex)
28. Fiscal-Monetary Theories of Inflation
28.1.  The issues
[1229]
28.2.  A shopping time monetary economy
[1230]
28.2.1. Household
[1231] [1232]
28.2.2. Government
[1233]
28.2.3. Equilibrium
28.2.4. ``Short run'' versus ``long run''
[1234]
28.2.5. Stationary equilibrium
28.2.6. Initial date (time 0)
[1235]
28.2.7. Equilibrium determination
Figure 28.2.1. {mon1af}
(mon1a_new.ps
)
Figure 28.2.2. {mon1bf}
(mon1b_new.ps
)

Underfull \vbox (badness 10000) has occurred while \output is active
\vbox(505.0364+0.0)x345.7008, glue set 5.09258
.\glue 0.0
.\glue(\topskip) 0.0
.\vbox(18.0+0.0)x345.7008
..\hbox(9.0+3.0)x345.7008, glue set 202.48933fil
...\subsecfont 2
...\subsecfont 8
...\subsecfont .
...\subsecfont 2
...\subsecfont .
...etc.
..\glue 6.0 plus 2.0 minus 2.0
.\write9{\string \TOCitem {2}}
.\write9{{\TOCsID{28.2.6.}Initial date (time 0).}}
.etc.

 [1236]
[1237]
28.3.  Ten monetary doctrines
28.3.1. Quantity theory of money
28.3.2. Sustained deficits cause inflation
[1238]
28.3.3. Fiscal prerequisites of zero inflation policy
28.3.4. Unpleasant monetarist arithmetic
[1239]
28.3.5. An ``open market'' operation delivering neutrality
[1240]
28.3.6. The ``optimum quantity'' of money
28.3.7. Legal restrictions to boost demand for currency

Underfull \vbox (badness 1755) has occurred while \output is active
\vbox(505.0364+2.5)x345.7008, glue set 2.60155
.\glue(\topskip) 0.0
.\vbox(16.66666+0.0)x345.7008
..\hbox(8.33333+2.33333)x345.7008, glue set 127.03676fil
...\subsecfont 2
...\subsecfont 8
...\subsecfont .
...\subsecfont 3
...\subsecfont .
...etc.
..\glue 6.0 plus 2.0 minus 2.0
.\write9{\string \TOCitem {2}}
.\write9{{\TOCsID{28.3.6.}The ``optimum quantity'' of money.}}
.\write9{{\folio }\@comment }
.etc.

 [1241]
28.3.8. One big open market operation
[1242] [1243]
28.3.9. A fiscal theory of the price level
[1244] [1245]
28.3.10. Exchange rate indeterminacy
[1246]
28.3.11. Determinacy of the exchange rate retrieved
[1247] [1248]
28.4.  An example of exchange rate (in)determinacy
[1249]
28.4.1. Trading before sunspot realization
[1250]
28.4.2. Fiscal theory of the price level
[1251]
28.4.3. A game theoretic view of the fiscal theory of the price level
[1252] [1253]
28.5.  Optimal inflation tax: the Friedman rule
28.5.1. Economic environment
[1254]
28.5.2. Household's optimization problem
[1255]
28.5.3. Ramsey plan
[1256] [1257]
28.6.  Time consistency of monetary policy
[1258] [1259]
28.6.1. Model with monopolistically competitive wage setting
[1260] [1261]
28.6.2. Perfect foresight equilibrium

Overfull \vbox (0.59341pt too high) has occurred while \output is active
\vbox(505.0364+3.0)x345.7008, glue set - 1.0
.\glue(\topskip) 3.05556
.\hbox(6.94444+0.0)x345.7008, glue set 252.06172fil
..\tenrm h
..\tenrm o
..\tenrm u
..\tenrm s
..\tenrm e
..etc.
.\penalty 10000
.\glue(\abovedisplayskip) 12.0 plus 3.0 minus 9.0
.\glue(\lineskip) 1.0
.etc.


[1262] [1263]
28.6.3. Ramsey plan
[1264] [1265]
28.6.4. Credibility of the Friedman rule

Underfull \vbox (badness 5490) has occurred while \output is active
\vbox(505.0364+4.0)x345.7008, glue set 3.8046
.\glue(\topskip) 3.05556
.\hbox(6.94444+2.33333)x345.7008, glue set 0.3547
..\teni x
..\hbox(4.51111+0.83334)x13.64589, shifted 1.49998
...\seveni t
...\sevenrm +
...\sevenrm 1
..\glue(\thickmuskip) 2.77771 plus 2.77771
..\tenrm =
..\penalty 500
..etc.
.\glue(\baselineskip) 4.72223
.\hbox(6.94444+1.94444)x345.7008, glue set 0.09557
..\tenrm t
..\tenrm h
..\tenrm e
..\glue 3.33333 plus 1.66666 minus 1.11111
..\tenrm ^^L (ligature fi)
..etc.
.\glue(\baselineskip) 4.55556
.etc.

 [1266]
[1267] [1268]
28.7.  Concluding remarks
[1269]
Exercises
[1270] [1271] [1272] [1273] [1274] [1275]) (./black18.tex (./grafinp3.tex
(./psfig2.tex)
\captionsize=\dimen92
) (./psfig.tex) [1276]
29. Credit and Currency
29.1.  Credit and currency with long-lived agents
[1277]
29.2.  Preferences and endowments
29.3.  Complete markets
[1278]
29.3.1. A Pareto problem
29.3.2. A complete markets equilibrium
[1279] [1280]
29.3.3. Ricardian proposition
[1281]
29.3.4. Loan market interpretation
[1282]
29.4.  A monetary economy
[1283]
Figure 29.4.1. {dmt62f}
(dmt62.ps
)
[1284]
29.5.  Townsend's ``turnpike'' interpretation
[1285]
Figure 29.5.1. {turn10f}
(turn10.eps
)
[1286] [1287]
29.6.  The Friedman rule
[1288]
29.6.1. Welfare
[1289]
Figure 29.6.1. {townsendf}
(townsend.ps
)
29.7.  Inflationary finance
[1290]
Underfull \vbox (badness 3058) has occurred while \output is active
\vbox(505.0364+2.5)x345.7008, glue set 3.12904
.\glue(\splittopskip) 0.0
.\vbox(386.46642+0.0)x345.7008
..\rule(0.0+0.0)x0.0
..\glue 12.0 plus 4.0 minus 4.0
..\hbox(280.57753+0.0)x345.7008, glue set 64.4454fil
...\glue 0.0 plus 1.0fil minus 1.0fil
...\hbox(280.57753+0.0)x216.81 []
...\glue 0.0 plus 1.0fil minus 1.0fil
..\write5{% > Figure 29.6.1:}
..\write5{\FIGLitem{Figure} {29.6.1. }}
..etc.
.\penalty 10000
.\penalty -200
.\glue 12.0 plus 4.0 minus 4.0
.etc.

 [1291]
[1292]
Figure 29.7.1. {town7f}
(town7.ps
)
Figure 29.7.2. {town5f}
(town5.ps
)
[1293]
Figure 29.7.3. {town6f}
(town6.ps
)
[1294]
29.8.  Legal restrictions
Figure 29.8.1. {bryant4f}
(bryant4.eps
)
Figure 29.8.2. {bryant5f}
(bryant5.eps
)
[1295]
Underfull \vbox (badness 10000) has occurred while \output is active
\vbox(505.0364+4.0)x345.7008, glue set 4.99922
.\glue(\splittopskip) 0.0
.\vbox(385.45497+0.0)x345.7008
..\hbox(235.01053+0.0)x345.7008, glue set 73.47916fil
...\glue 0.0 plus 1.0fil minus 1.0fil
...\hbox(235.01053+0.0)x198.7425 []
...\glue 0.0 plus 1.0fil minus 1.0fil
..\write5{% > Figure 29.8.1:}
..\write5{\FIGLitem{Figure} {29.8.1. }}
..\write5{bryant4f\noexpand \@endFIGLitem }
..\write5{{\folio }}
..etc.
.\penalty 10000
.\penalty -200
.\glue 12.0 plus 4.0 minus 4.0
.etc.

 [1296]
[1297] [1298]
29.9.  A two-money model

Overfull \hbox (20.40283pt too wide) in paragraph at lines 1018--1031
\tenrm lo-ca-tion $\tensy f\teni c[]; c[]; G[]; G[]\tensy g[]$\tenrm , non-neg-
a-tive money hold-ings $\tensy f\teni m[]; m[]; m[]; m[]\tensy g[]$\tenrm ,

\hbox(7.5+3.31544)x345.7008, glue set - 1.0
.\tenrm l
.\discretionary replacing 2
..\tenrm o
..\tenrm -
.\tenrm o
.\kern0.27779
.\tenrm c
.etc.

[1299] [1300] [1301]
29.10.  A model of commodity money
Figure 29.10.1. {silverf}
(silver.eps
)

Overfull \hbox (22.96227pt too wide) in paragraph at lines 1178--1178
 \teni ^^Lu[]\tenrm (\teni c[]\tenrm )$. For as long as it is fea-si-ble, the e
ven agent sets $\teni u[]\tenrm (\teni c[]\tenrm )\teni =u[]\tenrm (\teni c[]\t
enrm ) = 

\hbox(7.51782+3.31544)x345.7008, glue set - 1.0
.\glue(\leftskip) 28.45273
.\teni ^^L
.\kern0.52777
.\teni u
.\hbox(3.8889+0.0)x2.80556, shifted -3.62892
..\sevensy 0
.etc.

[1302]
29.10.1. Equilibrium
[1303] [1304]
29.10.2. Virtue of fiat money
[1305]
29.11.  Concluding remarks
Exercises
[1306] [1307] [1308] [1309] [1310] [1311]) (./black19_2.tex (./grafinp3.tex
(./psfig2.tex)
\captionsize=\dimen93
) (./psfig.tex) [1312]
30. Equilibrium Search, Matching, and Lotteries
30.1.  Introduction
[1313]
30.2.  An island model
[1314]
30.2.1. A single market (island)
[1315] [1316]
30.2.2. The aggregate economy
[1317]
Figure 30.2.1. {fig191f}
(fig191.eps
)
30.3.  A matching model
[1318] [1319]
30.3.1. A steady state
[1320] [1321]
30.3.2. Welfare analysis
[1322] [1323]
30.3.3. Size of the match surplus
[1324] [1325]
30.4.  Matching model with heterogeneous jobs
30.4.1. A steady state
[1326]
30.4.2. Welfare analysis
[1327] [1328] [1329]
30.4.3. The allocating role of wages I: separate markets
[1330] [1331]
30.4.4. The allocating role of wages II: wage announcements
[1332]
30.5.  Employment lotteries
[1333] [1334]
Figure 30.5.1. {fig192f}
(fig192.eps
)
[1335]
30.6.  Lotteries for households versus lotteries for firms
[1336]
30.6.1. An aggregate production function
[1337]
30.6.2. Time-varying capacity utilization
[1338] [1339]
30.7.  Employment effects of layoff taxes
[1340]
30.7.1. A model of employment lotteries with layoff taxes
[1341] [1342] [1343] [1344]
Figure 30.7.1. {hsm_pic1f}
(hsm_pic1.ps
)
[1345]
Figure 30.7.2. {hsm_pic3f}
(hsm_pic3.ps
)
Figure 30.7.3. {hsm_pic4f}
(hsm_pic4.ps
)
Figure 30.7.4. {lay_p5f}
(lay_p5.ps
)
Figure 30.7.5. {hsm_pic5f}
(hsm_pic5.ps
)
[1346] [1347]
30.7.2. An island model with layoff taxes
[1348] [1349]
30.7.3. A matching model with layoff taxes
[1350] [1351] [1352] [1353]
30.8.  Kiyotaki-Wright search model of money
[1354] [1355]
30.8.1. Monetary equilibria
[1356]
Figure 30.8.1. {fig194f}
[1357]
(fig194.eps
)
[1358]
30.8.2. Welfare
[1359] [1360]
30.9.  Concluding remarks

Underfull \vbox (badness 10000) has occurred while \output is active
\vbox(505.0364+1.94444)x345.7008, glue set 27.42531
.\glue(\topskip) 2.5
.\hbox(7.5+2.5)x345.7008, glue set 0.54955
..\tenrm T
..\tenrm h
..\kern-0.27779
..\tenrm u
..\tenrm s
..etc.
.\glue(\baselineskip) 4.0
.\hbox(7.5+2.5)x345.7008, glue set 0.43999
..\teni x
..\glue(\thickmuskip) 2.77771 plus 2.77771
..\teni <
..\penalty 500
..\glue(\thickmuskip) 2.77771 plus 2.77771
..etc.
.\glue(\baselineskip) 4.0
.etc.

 [1361]
[1362]
Exercises
[1363] [1364]
Figure 30.1. {pic11f}
(pic11.ps
)
[1365] [1366] [1367] [1368] [1369] [1370] [1371] [1372] [1373])
(./Matching_new_Lars_8.tex (./grafinp3.tex (./psfig2.tex)
\captionsize=\dimen94
) (./psfig.tex)
[1374]
31. Matching Model Mechanics
31.1.  Introduction
[1375] [1376]
31.2.  Fundamental surplus
31.2.1. Sensitivity of unemployment to market tightness
[1377]
Overfull \hbox (14.4216pt too wide) detected at line 195
[]  \tenrm =  \tensy ^^@[]  \tenrm =  \tensy ^^@ [] []  \tenrm =  \tensy ^^@\te
nrm (1 \tensy ^^@ \teni ^^K\tenrm ) [] \teni ;

\hbox(14.5001+9.50012)x345.7008, glue set - 1.0
.\hbox(13.70952+6.85951)x14.99606
..\hbox(13.70952+6.85951)x14.99606
...\hbox(0.0+0.0)x1.2, shifted -2.5
...\vbox(13.70952+6.85951)x12.59607 []
...\hbox(0.0+0.0)x1.2, shifted -2.5
.\glue 2.77771 plus 2.77771
.\glue(\thickmuskip) 2.77771 plus 2.77771
.\tenrm =
.\glue 2.77771 plus 2.77771
.etc.

31.2.2. Nash bargaining model
[1378]
31.2.3. Shimer's critique
[1379]
31.2.4. Relationship to worker's outside value
[1380] [1381]
31.2.5. Relationship to match surplus
[1382]
31.2.6. Fixed matching cost
[1383]
31.2.7. Sticky wages
[1384] [1385]
31.2.8. Alternating-offer wage bargaining
[1386] [1387] [1388]
31.2.9. Another version of alternating-offer wage bargaining
[1389] [1390]
31.3.  Business cycle simulations
[1391]
31.3.1. Hall's sticky wage
Figure 31.3.1. {figMLIHall1}
(MLI_Hall1.eps
)
[1392]
Figure 31.3.2. {figMLIHall2}
(MLI_Hall2.eps
)
[1393]
31.3.2. Hagedorn and Manovskii's high value of leisure
[1394]
Figure 31.3.3. {figMLINash1}
(MLI_Nash1.eps
)
Figure 31.3.4. {figMLINash2}
(MLI_Nash2.eps
)
31.3.3. Hall and Milgrom's alternating-offer bargaining
[1395] [1396]
Figure 31.3.5. {figMLIHallMilgrom}
(MLI_HallMilgrom.eps
)
[1397]
31.3.4. Matching and bargaining protocols in a DSGE model
Figure 31.3.6. {figMLI_CLT}
(AllComparisonFigure.eps
)

Underfull \vbox (badness 10000) has occurred while \output is active
\vbox(505.0364+3.0)x345.7008, glue set 4.99681
.\glue 0.0
.\glue(\topskip) 2.5
.\hbox(7.5+2.5)x345.7008, glue set - 0.12929
..\hbox(0.0+0.0)x14.22636
..\tenrm A
..\tenrm l
..\tenrm t
..\tenrm h
..etc.
.\penalty 10000
.\glue(\baselineskip) 4.55556
.etc.

 [1398]
Underfull \vbox (badness 10000) has occurred while \output is active
\vbox(505.0364+1.94444)x345.7008, glue set 8.29901
.\glue(\splittopskip) 0.0
.\vbox(287.54138+0.0)x345.7008
..\hbox(165.6525+0.0)x345.7008, glue set 64.4454fil
...\glue 0.0 plus 1.0fil minus 1.0fil
...\hbox(165.6525+0.0)x216.81 []
...\glue 0.0 plus 1.0fil minus 1.0fil
..\write5{% > Figure 31.3.6:}
..\write5{\FIGLitem{Figure} {31.3.6. }}
..\write5{figMLI_CLT\noexpand \@endFIGLitem }
..\write5{{\folio }}
..etc.
.\penalty 10000
.\penalty -200
.\glue 12.0 plus 4.0 minus 4.0
.etc.

 [1399]
31.4.  Overlapping generations in one matching function

Underfull \vbox (badness 5245) has occurred while \output is active
\vbox(505.0364+3.0)x345.7008, glue set 3.74681
.\glue(\topskip) 3.05556
.\hbox(6.94444+1.94444)x345.7008, glue set - 0.28471
..\tenrm p
..\kern0.27779
..\tenrm e
..\tenrm r
..\glue 3.33333 plus 1.66666 minus 1.11111
..etc.
.\glue(\baselineskip) 5.11111
.\hbox(6.94444+1.94444)x345.7008, glue set 0.13362
..\tenrm o
..\tenrm f
..\glue 3.33333 plus 1.66666 minus 1.11111
..\tenrm t
..\tenrm h
..etc.
.\glue(\baselineskip) 5.11111
.etc.

 [1400]
31.4.1. A steady state
[1401] [1402]
31.4.2. Reservation productivity is increasing in age
[1403] [1404]
31.4.3. Wage rate is decreasing in age
[1405]
31.4.4. Welfare analysis
[1406] [1407]
31.4.5. The optimal policy
[1408] [1409] [1410]
31.5.  Directed search: age-specific matching functions
31.5.1. Value functions and market tightness
[1411] [1412]
Overfull \hbox (13.75462pt too wide) in paragraph at lines 2217--2226
\tenrm By sub-sti-tut-ing this ex-pres-sion into ($31\teni :\tenrm 5\teni :\ten
rm 5$), mul-ti-ply-ing through by [],

\hbox(7.5+2.5)x345.7008, glue set - 1.0
.\tenrm B
.\tenrm y
.\glue 3.33333 plus 1.66666 minus 1.11111
.\tenrm s
.\tenrm u
.etc.

[1413]
31.5.2. Job finding rate is decreasing in age
[1414] [1415] [1416]
Figure 31.5.1. {DS_job_finding_prob}
(DS_job_finding_prob.eps
)
31.5.3. Block recursive equilibrium computation
[1417] [1418]
31.5.4. Welfare analysis
[1419] [1420]
31.6.  Concluding remarks
[1421]) [1422] [1423] (./macrolaborII.tex (./grafinp3.tex (./psfig2.tex)
\captionsize=\dimen95
)
(./psfig.tex)
32. Foundations of Aggregate Labor Supply
32.1.  Introduction
[1424] [1425]
32.2.  Equivalent allocations
[1426]
32.2.1. Choosing career length
[1427] [1428]
32.2.2. Employment lotteries
[1429] [1430]
32.3.  Taxation and social security
[1431]
32.3.1. Taxation
[1432]
32.3.2. Social security
[1433] [1434] [1435]
Figure 32.3.1. {figLSsocsec}
(LS_socsec.ps
)
[1436]
32.4.  Earnings-experience profiles
[1437]
32.4.1. Time averaging
[1438]
32.4.2. Employment lotteries
[1439]
32.4.3. Prescott tax and transfer scheme
32.4.4. No discounting now matters
[1440]
32.5.  Intensive margin
[1441]
32.5.1. Employment lotteries
[1442]
32.5.2. Time averaging
[1443]
32.5.3. Prescott taxation
[1444] [1445]
32.6.  Ben-Porath human capital
[1446]
32.6.1. Time averaging
[1447]
32.6.2. Employment lotteries
[1448] [1449]
32.6.3. Prescott taxation
[1450] [1451]
32.7.  Earnings shocks
[1452] [1453] [1454]
32.7.1. Interpretation of wealth and substitution effects
[1455]
32.8.  Time averaging in a Bewley model
[1456]
32.8.1. Incomplete markets
[1457]
32.8.2. Complete markets
[1458]
Overfull \hbox (11.8739pt too wide) in paragraph at lines 1771--1777
\tenrm In a steady state, con-sump-tion is con-stant over time. Ap-pli-ca-tion 
of the Benveniste-

\hbox(6.94444+1.94444)x345.7008, glue set - 1.0
.\tenrm I
.\tenrm n
.\glue 3.33333 plus 1.66666 minus 1.11111
.\tenrm a
.\glue 3.33333 plus 1.66666 minus 1.11111
.etc.

32.8.3. Simulations of Prescott taxation
[1459]
Figure 32.8.1. {figLSCKreswage}
(LS_CK_reswage.ps
)
[1460]
Figure 32.8.2. {figLSCKprod}
(LS_CK_prod.ps
)
[1461]
Figure 32.8.3. {figLSCKassets}
(LS_CK_assets.ps
)

Underfull \vbox (badness 1590) has occurred while \output is active
\vbox(505.0364+1.94444)x345.7008, glue set 2.5182
.\glue 0.0
.\glue(\topskip) 3.05556
.\hbox(6.94444+1.94444)x345.7008, glue set 0.78616
..\tenrm a
..\tenrm r
..\tenrm e
..\glue 3.33333 plus 1.66666 minus 1.11111
..\tenrm a
..etc.
.\glue(\baselineskip) 5.11111
.\hbox(6.94444+1.94444)x345.7008, glue set 0.81369
..\tenrm i
..\tenrm n
..\tenrm c
..\tenrm o
..\tenrm m
..etc.
.etc.

 [1462]
Figure 32.8.4. {figLSCKwage}
(LS_CK_wage.ps
)
Figure 32.8.5. {figLSCKfrac}
(LS_CK_frac.ps
)
[1463]
Overfull \vbox (8.8999pt too high) has occurred while \output is active
\vbox(505.0364+1.55556)x345.7008, glue set - 1.0
.\glue(\splittopskip) 0.0
.\vbox(232.61638+0.0)x345.7008
..\rule(0.0+0.0)x0.0
..\glue 12.0 plus 4.0 minus 4.0
..\hbox(168.17194+0.0)x345.7008, glue set 64.4454fil
...\glue 0.0 plus 1.0fil minus 1.0fil
...\hbox(168.17194+0.0)x216.81 []
...\glue 0.0 plus 1.0fil minus 1.0fil
..\write5{% > Figure 32.8.4:}
..\write5{\FIGLitem{Figure} {32.8.4. }}
..etc.
.\penalty 10000
.\penalty -200
.\glue 12.0 plus 4.0 minus 4.0
.etc.


[1464] [1465]
32.9.  L and S equivalence meets C and K's agents
32.9.1. Guess the value function
[1466] [1467]
32.9.2. Verify optimality of time averaging
[1468] [1469] [1470]
32.9.3. Equivalence of time averaging and lotteries
[1471] [1472]
32.10.  Two pillars for high elasticity at extensive margin
32.11.  No pillars at intensive margin
[1473] [1474]
32.11.1. Special example of high elasticity at intensive margin
Figure 32.11.1. {figRWLSdisutility}
(RW_LS_disutility.eps
)
[1475]
32.11.2. Fragility of the special example
[1476] [1477]
32.12.  Concluding remarks
[1478]) [1479]
Underfull \hbox (badness 10000) in paragraph at lines 471--471


\hbox(0.0+0.0)x345.7008
.\glue(\rightskip) 0.0

[1481] [1482] (./black20.tex (./gayedef.txt)
Appendix A. Functional Analysis
A.1.  Metric spaces and operators
[1483] [1484] [1485] [1486] [1487] [1488]
A.2.  Discounted dynamic programming
[1489] [1490]
A.2.1. Policy improvement algorithm
[1491] [1492]
A.2.2. A search problem
[1493]) (./black21_a.tex (./grafinp3.tex (./psfig2.tex)
\captionsize=\dimen96
) (./psfig.tex) [1494]
Appendix B. Linear Projections and Hidden Markov Models
B.1.  Linear projections
[1495] [1496]
B.2.  Hidden Markov models
[1497]
B.3.  Nonlinear filtering
[1498]) [1499] [1500]
 References
(./blackref.tex [1501] [1502] [1503] [1504] [1505] [1506] [1507] [1508]
[1509] [1510] [1511] [1512] [1513] [1514] [1515] [1516] [1517] [1518] [1519]
[1520] [1521] [1522] [1523] [1524]
Missing character: There is no ^^c2 in font cmr8!
Missing character: There is no ^^a0 in font cmr8!
Missing character: There is no ^^c4 in font cmr8!
Missing character: There is no ^^b1 in font cmr8!
 [1525] [1526] [1527] [1528] [1529] [1530]
Missing character: There is no ^^ef in font cmr8!
Missing character: There is no ^^bf in font cmr8!
Missing character: There is no ^^bd in font cmr8!

[1531] [1532] [1533] [1534]) [1535]
 Subject Index
(./RMT5.ind [1536] [1537] [1538] [1539] [1540] [1541]) [1542]
 Author Index
(./authblk.ind [1543] [1544] [1545] [1546] [1547]) [1548]
 Matlab Index
(./matlblk.ind) [1549] )
(\end occurred inside a group at level 1)
Output written on RMT5.dvi (1585 pages, 5291832 bytes).
